{"C:\\Users\\starl\\Desktop\\AegisLink\\mobile\\src\\config.ts": {"path":"C:\\Users\\starl\\Desktop\\AegisLink\\mobile\\src\\config.ts","statementMap":{"0":{"start":{"line":15,"column":18},"end":{"line":15,"column":81}},"1":{"start":{"line":18,"column":19},"end":{"line":18,"column":87}},"2":{"start":{"line":28,"column":23},"end":{"line":28,"column":45}},"3":{"start":{"line":29,"column":24},"end":{"line":29,"column":88}},"4":{"start":{"line":32,"column":2},"end":{"line":34,"column":46}},"5":{"start":{"line":41,"column":2},"end":{"line":41,"column":73}},"6":{"start":{"line":50,"column":2},"end":{"line":52,"column":60}}},"fnMap":{},"branchMap":{"0":{"loc":{"start":{"line":15,"column":18},"end":{"line":15,"column":81}},"type":"binary-expr","locations":[{"start":{"line":15,"column":19},"end":{"line":15,"column":74}},{"start":{"line":15,"column":79},"end":{"line":15,"column":81}}],"line":15},"1":{"loc":{"start":{"line":18,"column":19},"end":{"line":18,"column":87}},"type":"binary-expr","locations":[{"start":{"line":18,"column":20},"end":{"line":18,"column":76}},{"start":{"line":18,"column":81},"end":{"line":18,"column":87}}],"line":18},"2":{"loc":{"start":{"line":29,"column":24},"end":{"line":29,"column":88}},"type":"cond-expr","locations":[{"start":{"line":29,"column":36},"end":{"line":29,"column":71}},{"start":{"line":29,"column":74},"end":{"line":29,"column":88}}],"line":29},"3":{"loc":{"start":{"line":32,"column":2},"end":{"line":34,"column":46}},"type":"binary-expr","locations":[{"start":{"line":32,"column":3},"end":{"line":32,"column":59}},{"start":{"line":34,"column":3},"end":{"line":34,"column":45}}],"line":32},"4":{"loc":{"start":{"line":34,"column":3},"end":{"line":34,"column":45}},"type":"cond-expr","locations":[{"start":{"line":34,"column":13},"end":{"line":34,"column":27}},{"start":{"line":34,"column":30},"end":{"line":34,"column":45}}],"line":34},"5":{"loc":{"start":{"line":41,"column":2},"end":{"line":41,"column":73}},"type":"binary-expr","locations":[{"start":{"line":41,"column":3},"end":{"line":41,"column":58}},{"start":{"line":41,"column":63},"end":{"line":41,"column":73}}],"line":41},"6":{"loc":{"start":{"line":50,"column":2},"end":{"line":52,"column":60}},"type":"binary-expr","locations":[{"start":{"line":50,"column":3},"end":{"line":50,"column":57}},{"start":{"line":52,"column":3},"end":{"line":52,"column":59}}],"line":50},"7":{"loc":{"start":{"line":52,"column":3},"end":{"line":52,"column":59}},"type":"cond-expr","locations":[{"start":{"line":52,"column":13},"end":{"line":52,"column":15}},{"start":{"line":52,"column":18},"end":{"line":52,"column":59}}],"line":52},"8":{"loc":{"start":{"line":52,"column":18},"end":{"line":52,"column":59}},"type":"cond-expr","locations":[{"start":{"line":52,"column":30},"end":{"line":52,"column":54}},{"start":{"line":52,"column":57},"end":{"line":52,"column":59}}],"line":52}},"s":{"0":1,"1":1,"2":1,"3":1,"4":1,"5":1,"6":1},"f":{},"b":{"0":[1,1],"1":[1,1],"2":[0,1],"3":[1,1],"4":[1,0],"5":[1,1],"6":[1,1],"7":[1,0],"8":[0,0]},"_coverageSchema":"1a1c01bbd47fc00a2c39e90264f33305004495a9","hash":"e137b55f240a6df217be8bbf2e44398c8a2eef44"}
,"C:\\Users\\starl\\Desktop\\AegisLink\\mobile\\src\\components\\SwipeableMessage.tsx": {"path":"C:\\Users\\starl\\Desktop\\AegisLink\\mobile\\src\\components\\SwipeableMessage.tsx","statementMap":{"0":{"start":{"line":25,"column":25},"end":{"line":25,"column":27}},"1":{"start":{"line":26,"column":25},"end":{"line":26,"column":27}},"2":{"start":{"line":36,"column":16},"end":{"line":36,"column":26}},"3":{"start":{"line":37,"column":23},"end":{"line":37,"column":39}},"4":{"start":{"line":38,"column":21},"end":{"line":38,"column":38}},"5":{"start":{"line":39,"column":23},"end":{"line":39,"column":50}},"6":{"start":{"line":41,"column":22},"end":{"line":63,"column":49}},"7":{"start":{"line":42,"column":4},"end":{"line":62,"column":6}},"8":{"start":{"line":50,"column":12},"end":{"line":50,"column":64}},"9":{"start":{"line":57,"column":12},"end":{"line":57,"column":83}},"10":{"start":{"line":58,"column":12},"end":{"line":58,"column":23}},"11":{"start":{"line":65,"column":21},"end":{"line":89,"column":6}},"12":{"start":{"line":71,"column":23},"end":{"line":71,"column":50}},"13":{"start":{"line":72,"column":6},"end":{"line":76,"column":7}},"14":{"start":{"line":73,"column":8},"end":{"line":73,"column":36}},"15":{"start":{"line":75,"column":8},"end":{"line":75,"column":36}},"16":{"start":{"line":79,"column":24},"end":{"line":79,"column":59}},"17":{"start":{"line":80,"column":6},"end":{"line":88,"column":7}},"18":{"start":{"line":82,"column":8},"end":{"line":84,"column":75}},"19":{"start":{"line":85,"column":8},"end":{"line":85,"column":31}},"20":{"start":{"line":87,"column":8},"end":{"line":87,"column":93}},"21":{"start":{"line":91,"column":19},"end":{"line":93,"column":5}},"22":{"start":{"line":91,"column":43},"end":{"line":93,"column":3}},"23":{"start":{"line":95,"column":21},"end":{"line":98,"column":4}},"24":{"start":{"line":96,"column":21},"end":{"line":96,"column":70}},"25":{"start":{"line":97,"column":4},"end":{"line":97,"column":33}},"26":{"start":{"line":100,"column":2},"end":{"line":114,"column":4}},"27":{"start":{"line":117,"column":15},"end":{"line":136,"column":2}}},"fnMap":{"0":{"name":"SwipeableMessage","decl":{"start":{"line":35,"column":16},"end":{"line":35,"column":32}},"loc":{"start":{"line":35,"column":74},"end":{"line":115,"column":1}},"line":35},"1":{"name":"(anonymous_1)","decl":{"start":{"line":41,"column":34},"end":{"line":41,"column":35}},"loc":{"start":{"line":41,"column":40},"end":{"line":63,"column":3}},"line":41},"2":{"name":"(anonymous_2)","decl":{"start":{"line":49,"column":19},"end":{"line":49,"column":20}},"loc":{"start":{"line":49,"column":25},"end":{"line":51,"column":11}},"line":49},"3":{"name":"(anonymous_3)","decl":{"start":{"line":56,"column":19},"end":{"line":56,"column":20}},"loc":{"start":{"line":56,"column":25},"end":{"line":59,"column":11}},"line":56},"4":{"name":"(anonymous_4)","decl":{"start":{"line":69,"column":14},"end":{"line":69,"column":15}},"loc":{"start":{"line":69,"column":21},"end":{"line":77,"column":5}},"line":69},"5":{"name":"(anonymous_5)","decl":{"start":{"line":78,"column":11},"end":{"line":78,"column":12}},"loc":{"start":{"line":78,"column":18},"end":{"line":89,"column":5}},"line":78},"6":{"name":"(anonymous_6)","decl":{"start":{"line":91,"column":36},"end":{"line":91,"column":37}},"loc":{"start":{"line":91,"column":43},"end":{"line":93,"column":3}},"line":91},"7":{"name":"(anonymous_7)","decl":{"start":{"line":95,"column":38},"end":{"line":95,"column":39}},"loc":{"start":{"line":95,"column":44},"end":{"line":98,"column":3}},"line":95}},"branchMap":{"0":{"loc":{"start":{"line":39,"column":23},"end":{"line":39,"column":50}},"type":"binary-expr","locations":[{"start":{"line":39,"column":23},"end":{"line":39,"column":41}},{"start":{"line":39,"column":45},"end":{"line":39,"column":50}}],"line":39},"1":{"loc":{"start":{"line":50,"column":31},"end":{"line":50,"column":63}},"type":"cond-expr","locations":[{"start":{"line":50,"column":46},"end":{"line":50,"column":47}},{"start":{"line":50,"column":50},"end":{"line":50,"column":63}}],"line":50},"2":{"loc":{"start":{"line":57,"column":31},"end":{"line":57,"column":82}},"type":"cond-expr","locations":[{"start":{"line":57,"column":46},"end":{"line":57,"column":47}},{"start":{"line":57,"column":50},"end":{"line":57,"column":82}}],"line":57},"3":{"loc":{"start":{"line":72,"column":6},"end":{"line":76,"column":7}},"type":"if","locations":[{"start":{"line":72,"column":6},"end":{"line":76,"column":7}},{"start":{"line":74,"column":13},"end":{"line":76,"column":7}}],"line":72},"4":{"loc":{"start":{"line":80,"column":6},"end":{"line":88,"column":7}},"type":"if","locations":[{"start":{"line":80,"column":6},"end":{"line":88,"column":7}},{"start":{"line":86,"column":13},"end":{"line":88,"column":7}}],"line":80},"5":{"loc":{"start":{"line":82,"column":27},"end":{"line":84,"column":74}},"type":"cond-expr","locations":[{"start":{"line":83,"column":12},"end":{"line":83,"column":29}},{"start":{"line":84,"column":12},"end":{"line":84,"column":74}}],"line":82},"6":{"loc":{"start":{"line":87,"column":27},"end":{"line":87,"column":92}},"type":"cond-expr","locations":[{"start":{"line":87,"column":42},"end":{"line":87,"column":43}},{"start":{"line":87,"column":46},"end":{"line":87,"column":92}}],"line":87}},"s":{"0":1,"1":1,"2":6,"3":0,"4":0,"5":0,"6":0,"7":0,"8":0,"9":0,"10":0,"11":0,"12":0,"13":0,"14":0,"15":0,"16":0,"17":0,"18":0,"19":0,"20":0,"21":0,"22":0,"23":0,"24":0,"25":0,"26":0,"27":1},"f":{"0":6,"1":0,"2":0,"3":0,"4":0,"5":0,"6":0,"7":0},"b":{"0":[0,0],"1":[0,0],"2":[0,0],"3":[0,0],"4":[0,0],"5":[0,0],"6":[0,0]},"_coverageSchema":"1a1c01bbd47fc00a2c39e90264f33305004495a9","hash":"a5cfc1dcddd56e304de257c521302f6f643874db"}
,"C:\\Users\\starl\\Desktop\\AegisLink\\mobile\\src\\crypto\\backup.ts": {"path":"C:\\Users\\starl\\Desktop\\AegisLink\\mobile\\src\\crypto\\backup.ts","statementMap":{"0":{"start":{"line":18,"column":30},"end":{"line":18,"column":40}},"1":{"start":{"line":19,"column":37},"end":{"line":19,"column":56}},"2":{"start":{"line":20,"column":40},"end":{"line":20,"column":56}},"3":{"start":{"line":21,"column":32},"end":{"line":21,"column":43}},"4":{"start":{"line":22,"column":33},"end":{"line":22,"column":44}},"5":{"start":{"line":23,"column":41},"end":{"line":23,"column":52}},"6":{"start":{"line":77,"column":2},"end":{"line":77,"column":64}},"7":{"start":{"line":77,"column":45},"end":{"line":77,"column":64}},"8":{"start":{"line":78,"column":16},"end":{"line":78,"column":17}},"9":{"start":{"line":79,"column":2},"end":{"line":79,"column":37}},"10":{"start":{"line":79,"column":24},"end":{"line":79,"column":37}},"11":{"start":{"line":80,"column":2},"end":{"line":80,"column":37}},"12":{"start":{"line":80,"column":24},"end":{"line":80,"column":37}},"13":{"start":{"line":81,"column":2},"end":{"line":81,"column":37}},"14":{"start":{"line":81,"column":24},"end":{"line":81,"column":37}},"15":{"start":{"line":82,"column":2},"end":{"line":82,"column":44}},"16":{"start":{"line":82,"column":31},"end":{"line":82,"column":44}},"17":{"start":{"line":83,"column":2},"end":{"line":83,"column":55}},"18":{"start":{"line":83,"column":39},"end":{"line":83,"column":55}},"19":{"start":{"line":84,"column":2},"end":{"line":84,"column":53}},"20":{"start":{"line":84,"column":39},"end":{"line":84,"column":53}},"21":{"start":{"line":85,"column":2},"end":{"line":85,"column":16}},"22":{"start":{"line":89,"column":18},"end":{"line":89,"column":40}},"23":{"start":{"line":90,"column":2},"end":{"line":93,"column":5}},"24":{"start":{"line":101,"column":2},"end":{"line":103,"column":3}},"25":{"start":{"line":102,"column":4},"end":{"line":102,"column":91}},"26":{"start":{"line":104,"column":15},"end":{"line":104,"column":50}},"27":{"start":{"line":105,"column":16},"end":{"line":105,"column":60}},"28":{"start":{"line":106,"column":14},"end":{"line":106,"column":41}},"29":{"start":{"line":107,"column":2},"end":{"line":119,"column":3}},"30":{"start":{"line":108,"column":22},"end":{"line":108,"column":57}},"31":{"start":{"line":109,"column":23},"end":{"line":109,"column":60}},"32":{"start":{"line":110,"column":4},"end":{"line":115,"column":6}},"33":{"start":{"line":118,"column":4},"end":{"line":118,"column":16}},"34":{"start":{"line":127,"column":2},"end":{"line":129,"column":3}},"35":{"start":{"line":128,"column":4},"end":{"line":128,"column":65}},"36":{"start":{"line":130,"column":15},"end":{"line":130,"column":42}},"37":{"start":{"line":131,"column":16},"end":{"line":131,"column":44}},"38":{"start":{"line":132,"column":21},"end":{"line":132,"column":54}},"39":{"start":{"line":133,"column":14},"end":{"line":133,"column":41}},"40":{"start":{"line":134,"column":2},"end":{"line":147,"column":3}},"41":{"start":{"line":135,"column":19},"end":{"line":135,"column":62}},"42":{"start":{"line":136,"column":4},"end":{"line":138,"column":5}},"43":{"start":{"line":137,"column":6},"end":{"line":137,"column":66}},"44":{"start":{"line":139,"column":17},"end":{"line":139,"column":35}},"45":{"start":{"line":140,"column":19},"end":{"line":140,"column":52}},"46":{"start":{"line":141,"column":4},"end":{"line":143,"column":5}},"47":{"start":{"line":142,"column":6},"end":{"line":142,"column":56}},"48":{"start":{"line":144,"column":4},"end":{"line":144,"column":18}},"49":{"start":{"line":146,"column":4},"end":{"line":146,"column":16}},"50":{"start":{"line":151,"column":2},"end":{"line":151,"column":64}},"51":{"start":{"line":151,"column":51},"end":{"line":151,"column":64}},"52":{"start":{"line":152,"column":12},"end":{"line":152,"column":44}},"53":{"start":{"line":153,"column":2},"end":{"line":158,"column":4}}},"fnMap":{"0":{"name":"ratePassphrase","decl":{"start":{"line":76,"column":16},"end":{"line":76,"column":30}},"loc":{"start":{"line":76,"column":63},"end":{"line":86,"column":1}},"line":76},"1":{"name":"deriveKey","decl":{"start":{"line":88,"column":9},"end":{"line":88,"column":18}},"loc":{"start":{"line":88,"column":69},"end":{"line":94,"column":1}},"line":88},"2":{"name":"encryptBackup","decl":{"start":{"line":100,"column":16},"end":{"line":100,"column":29}},"loc":{"start":{"line":100,"column":90},"end":{"line":120,"column":1}},"line":100},"3":{"name":"decryptBackup","decl":{"start":{"line":126,"column":16},"end":{"line":126,"column":29}},"loc":{"start":{"line":126,"column":91},"end":{"line":148,"column":1}},"line":126},"4":{"name":"isBackupEnvelope","decl":{"start":{"line":150,"column":16},"end":{"line":150,"column":32}},"loc":{"start":{"line":150,"column":74},"end":{"line":159,"column":1}},"line":150}},"branchMap":{"0":{"loc":{"start":{"line":77,"column":2},"end":{"line":77,"column":64}},"type":"if","locations":[{"start":{"line":77,"column":2},"end":{"line":77,"column":64}},{"start":{},"end":{}}],"line":77},"1":{"loc":{"start":{"line":79,"column":2},"end":{"line":79,"column":37}},"type":"if","locations":[{"start":{"line":79,"column":2},"end":{"line":79,"column":37}},{"start":{},"end":{}}],"line":79},"2":{"loc":{"start":{"line":80,"column":2},"end":{"line":80,"column":37}},"type":"if","locations":[{"start":{"line":80,"column":2},"end":{"line":80,"column":37}},{"start":{},"end":{}}],"line":80},"3":{"loc":{"start":{"line":81,"column":2},"end":{"line":81,"column":37}},"type":"if","locations":[{"start":{"line":81,"column":2},"end":{"line":81,"column":37}},{"start":{},"end":{}}],"line":81},"4":{"loc":{"start":{"line":82,"column":2},"end":{"line":82,"column":44}},"type":"if","locations":[{"start":{"line":82,"column":2},"end":{"line":82,"column":44}},{"start":{},"end":{}}],"line":82},"5":{"loc":{"start":{"line":83,"column":2},"end":{"line":83,"column":55}},"type":"if","locations":[{"start":{"line":83,"column":2},"end":{"line":83,"column":55}},{"start":{},"end":{}}],"line":83},"6":{"loc":{"start":{"line":83,"column":6},"end":{"line":83,"column":37}},"type":"binary-expr","locations":[{"start":{"line":83,"column":6},"end":{"line":83,"column":21}},{"start":{"line":83,"column":25},"end":{"line":83,"column":37}}],"line":83},"7":{"loc":{"start":{"line":84,"column":2},"end":{"line":84,"column":53}},"type":"if","locations":[{"start":{"line":84,"column":2},"end":{"line":84,"column":53}},{"start":{},"end":{}}],"line":84},"8":{"loc":{"start":{"line":84,"column":6},"end":{"line":84,"column":37}},"type":"binary-expr","locations":[{"start":{"line":84,"column":6},"end":{"line":84,"column":21}},{"start":{"line":84,"column":25},"end":{"line":84,"column":37}}],"line":84},"9":{"loc":{"start":{"line":101,"column":2},"end":{"line":103,"column":3}},"type":"if","locations":[{"start":{"line":101,"column":2},"end":{"line":103,"column":3}},{"start":{},"end":{}}],"line":101},"10":{"loc":{"start":{"line":127,"column":2},"end":{"line":129,"column":3}},"type":"if","locations":[{"start":{"line":127,"column":2},"end":{"line":129,"column":3}},{"start":{},"end":{}}],"line":127},"11":{"loc":{"start":{"line":136,"column":4},"end":{"line":138,"column":5}},"type":"if","locations":[{"start":{"line":136,"column":4},"end":{"line":138,"column":5}},{"start":{},"end":{}}],"line":136},"12":{"loc":{"start":{"line":141,"column":4},"end":{"line":143,"column":5}},"type":"if","locations":[{"start":{"line":141,"column":4},"end":{"line":143,"column":5}},{"start":{},"end":{}}],"line":141},"13":{"loc":{"start":{"line":141,"column":8},"end":{"line":141,"column":90}},"type":"binary-expr","locations":[{"start":{"line":141,"column":8},"end":{"line":141,"column":35}},{"start":{"line":141,"column":39},"end":{"line":141,"column":55}},{"start":{"line":141,"column":59},"end":{"line":141,"column":90}}],"line":141},"14":{"loc":{"start":{"line":151,"column":2},"end":{"line":151,"column":64}},"type":"if","locations":[{"start":{"line":151,"column":2},"end":{"line":151,"column":64}},{"start":{},"end":{}}],"line":151},"15":{"loc":{"start":{"line":151,"column":6},"end":{"line":151,"column":49}},"type":"binary-expr","locations":[{"start":{"line":151,"column":6},"end":{"line":151,"column":31}},{"start":{"line":151,"column":35},"end":{"line":151,"column":49}}],"line":151},"16":{"loc":{"start":{"line":154,"column":4},"end":{"line":157,"column":36}},"type":"binary-expr","locations":[{"start":{"line":154,"column":4},"end":{"line":154,"column":26}},{"start":{"line":155,"column":4},"end":{"line":155,"column":30}},{"start":{"line":156,"column":4},"end":{"line":156,"column":31}},{"start":{"line":157,"column":4},"end":{"line":157,"column":36}}],"line":154}},"s":{"0":2,"1":2,"2":2,"3":2,"4":2,"5":2,"6":2,"7":1,"8":1,"9":1,"10":1,"11":1,"12":1,"13":1,"14":1,"15":1,"16":0,"17":1,"18":1,"19":0,"20":0,"21":0,"22":22,"23":22,"24":17,"25":3,"26":14,"27":14,"28":14,"29":14,"30":14,"31":14,"32":14,"33":14,"34":9,"35":1,"36":8,"37":8,"38":8,"39":8,"40":8,"41":8,"42":8,"43":4,"44":4,"45":4,"46":4,"47":0,"48":4,"49":8,"50":2,"51":0,"52":2,"53":2},"f":{"0":2,"1":22,"2":17,"3":9,"4":2},"b":{"0":[1,1],"1":[1,0],"2":[1,0],"3":[1,0],"4":[0,1],"5":[1,0],"6":[1,1],"7":[0,0],"8":[0,0],"9":[3,14],"10":[1,8],"11":[4,4],"12":[0,4],"13":[4,4,4],"14":[0,2],"15":[2,2],"16":[2,1,1,1]},"_coverageSchema":"1a1c01bbd47fc00a2c39e90264f33305004495a9","hash":"cd115f163c30092531e59b720f4e7fc0810556c3"}
,"C:\\Users\\starl\\Desktop\\AegisLink\\mobile\\src\\crypto\\identity.ts": {"path":"C:\\Users\\starl\\Desktop\\AegisLink\\mobile\\src\\crypto\\identity.ts","statementMap":{"0":{"start":{"line":6,"column":24},"end":{"line":6,"column":45}},"1":{"start":{"line":7,"column":29},"end":{"line":7,"column":54}},"2":{"start":{"line":28,"column":2},"end":{"line":28,"column":28}},"3":{"start":{"line":32,"column":2},"end":{"line":32,"column":29}},"4":{"start":{"line":35,"column":18},"end":{"line":35,"column":52}},"5":{"start":{"line":38,"column":13},"end":{"line":38,"column":15}},"6":{"start":{"line":39,"column":2},"end":{"line":39,"column":57}},"7":{"start":{"line":39,"column":25},"end":{"line":39,"column":57}},"8":{"start":{"line":40,"column":20},"end":{"line":40,"column":44}},"9":{"start":{"line":41,"column":17},"end":{"line":41,"column":37}},"10":{"start":{"line":42,"column":2},"end":{"line":43,"column":67}},"11":{"start":{"line":42,"column":26},"end":{"line":42,"column":62}},"12":{"start":{"line":43,"column":7},"end":{"line":43,"column":67}},"13":{"start":{"line":43,"column":31},"end":{"line":43,"column":67}},"14":{"start":{"line":44,"column":12},"end":{"line":44,"column":14}},"15":{"start":{"line":45,"column":2},"end":{"line":48,"column":3}},"16":{"start":{"line":45,"column":15},"end":{"line":45,"column":27}},"17":{"start":{"line":46,"column":16},"end":{"line":46,"column":55}},"18":{"start":{"line":47,"column":4},"end":{"line":47,"column":26}},"19":{"start":{"line":49,"column":2},"end":{"line":49,"column":13}},"20":{"start":{"line":53,"column":2},"end":{"line":53,"column":68}},"21":{"start":{"line":53,"column":28},"end":{"line":53,"column":68}},"22":{"start":{"line":54,"column":15},"end":{"line":54,"column":36}},"23":{"start":{"line":55,"column":14},"end":{"line":55,"column":36}},"24":{"start":{"line":56,"column":2},"end":{"line":56,"column":69}},"25":{"start":{"line":60,"column":35},"end":{"line":60,"column":52}},"26":{"start":{"line":62,"column":19},"end":{"line":62,"column":56}},"27":{"start":{"line":63,"column":2},"end":{"line":74,"column":4}},"28":{"start":{"line":88,"column":24},"end":{"line":88,"column":76}},"29":{"start":{"line":89,"column":2},"end":{"line":91,"column":3}},"30":{"start":{"line":90,"column":4},"end":{"line":90,"column":78}},"31":{"start":{"line":92,"column":21},"end":{"line":92,"column":48}},"32":{"start":{"line":94,"column":2},"end":{"line":94,"column":34}},"33":{"start":{"line":105,"column":24},"end":{"line":105,"column":76}},"34":{"start":{"line":106,"column":2},"end":{"line":108,"column":3}},"35":{"start":{"line":107,"column":4},"end":{"line":107,"column":78}},"36":{"start":{"line":109,"column":21},"end":{"line":109,"column":48}},"37":{"start":{"line":110,"column":2},"end":{"line":110,"column":49}},"38":{"start":{"line":122,"column":20},"end":{"line":122,"column":51}},"39":{"start":{"line":123,"column":20},"end":{"line":123,"column":51}},"40":{"start":{"line":126,"column":19},"end":{"line":131,"column":30}},"41":{"start":{"line":133,"column":2},"end":{"line":144,"column":4}}},"fnMap":{"0":{"name":"generateKeyPair","decl":{"start":{"line":27,"column":16},"end":{"line":27,"column":31}},"loc":{"start":{"line":27,"column":43},"end":{"line":29,"column":1}},"line":27},"1":{"name":"generateSigningKeyPair","decl":{"start":{"line":31,"column":16},"end":{"line":31,"column":38}},"loc":{"start":{"line":31,"column":50},"end":{"line":33,"column":1}},"line":31},"2":{"name":"encodeBase32","decl":{"start":{"line":37,"column":9},"end":{"line":37,"column":21}},"loc":{"start":{"line":37,"column":67},"end":{"line":50,"column":1}},"line":37},"3":{"name":"deriveAegisId","decl":{"start":{"line":52,"column":16},"end":{"line":52,"column":29}},"loc":{"start":{"line":52,"column":61},"end":{"line":57,"column":1}},"line":52},"4":{"name":"createIdentity","decl":{"start":{"line":59,"column":16},"end":{"line":59,"column":30}},"loc":{"start":{"line":59,"column":43},"end":{"line":75,"column":1}},"line":59},"5":{"name":"getProfilePublicKey","decl":{"start":{"line":86,"column":22},"end":{"line":86,"column":41}},"loc":{"start":{"line":86,"column":82},"end":{"line":95,"column":1}},"line":86},"6":{"name":"signWithProfileKey","decl":{"start":{"line":101,"column":22},"end":{"line":101,"column":40}},"loc":{"start":{"line":104,"column":23},"end":{"line":111,"column":1}},"line":104},"7":{"name":"identityFromStored","decl":{"start":{"line":115,"column":16},"end":{"line":115,"column":34}},"loc":{"start":{"line":121,"column":13},"end":{"line":145,"column":1}},"line":121}},"branchMap":{"0":{"loc":{"start":{"line":42,"column":2},"end":{"line":43,"column":67}},"type":"if","locations":[{"start":{"line":42,"column":2},"end":{"line":43,"column":67}},{"start":{"line":43,"column":7},"end":{"line":43,"column":67}}],"line":42},"1":{"loc":{"start":{"line":43,"column":7},"end":{"line":43,"column":67}},"type":"if","locations":[{"start":{"line":43,"column":7},"end":{"line":43,"column":67}},{"start":{},"end":{}}],"line":43},"2":{"loc":{"start":{"line":53,"column":2},"end":{"line":53,"column":68}},"type":"if","locations":[{"start":{"line":53,"column":2},"end":{"line":53,"column":68}},{"start":{},"end":{}}],"line":53},"3":{"loc":{"start":{"line":89,"column":2},"end":{"line":91,"column":3}},"type":"if","locations":[{"start":{"line":89,"column":2},"end":{"line":91,"column":3}},{"start":{},"end":{}}],"line":89},"4":{"loc":{"start":{"line":106,"column":2},"end":{"line":108,"column":3}},"type":"if","locations":[{"start":{"line":106,"column":2},"end":{"line":108,"column":3}},{"start":{},"end":{}}],"line":106},"5":{"loc":{"start":{"line":126,"column":19},"end":{"line":131,"column":30}},"type":"cond-expr","locations":[{"start":{"line":127,"column":6},"end":{"line":130,"column":7}},{"start":{"line":131,"column":6},"end":{"line":131,"column":30}}],"line":126},"6":{"loc":{"start":{"line":126,"column":20},"end":{"line":126,"column":72}},"type":"binary-expr","locations":[{"start":{"line":126,"column":20},"end":{"line":126,"column":44}},{"start":{"line":126,"column":48},"end":{"line":126,"column":72}}],"line":126},"7":{"loc":{"start":{"line":141,"column":25},"end":{"line":141,"column":85}},"type":"binary-expr","locations":[{"start":{"line":141,"column":25},"end":{"line":141,"column":49}},{"start":{"line":141,"column":53},"end":{"line":141,"column":85}}],"line":141},"8":{"loc":{"start":{"line":142,"column":25},"end":{"line":142,"column":85}},"type":"binary-expr","locations":[{"start":{"line":142,"column":25},"end":{"line":142,"column":49}},{"start":{"line":142,"column":53},"end":{"line":142,"column":85}}],"line":142}},"s":{"0":5,"1":5,"2":83,"3":0,"4":5,"5":83,"6":83,"7":581,"8":83,"9":83,"10":83,"11":83,"12":0,"13":0,"14":83,"15":83,"16":83,"17":913,"18":913,"19":83,"20":83,"21":0,"22":83,"23":83,"24":83,"25":83,"26":83,"27":83,"28":0,"29":0,"30":0,"31":0,"32":0,"33":0,"34":0,"35":0,"36":0,"37":0,"38":0,"39":0,"40":0,"41":0},"f":{"0":83,"1":0,"2":83,"3":83,"4":83,"5":0,"6":0,"7":0},"b":{"0":[83,0],"1":[0,0],"2":[0,83],"3":[0,0],"4":[0,0],"5":[0,0],"6":[0,0],"7":[0,0],"8":[0,0]},"_coverageSchema":"1a1c01bbd47fc00a2c39e90264f33305004495a9","hash":"7d93e12c60c085b419afefd7179b803d1882029b"}
,"C:\\Users\\starl\\Desktop\\AegisLink\\mobile\\src\\crypto\\messaging.ts": {"path":"C:\\Users\\starl\\Desktop\\AegisLink\\mobile\\src\\crypto\\messaging.ts","statementMap":{"0":{"start":{"line":22,"column":25},"end":{"line":22,"column":26}},"1":{"start":{"line":43,"column":23},"end":{"line":43,"column":44}},"2":{"start":{"line":44,"column":21},"end":{"line":44,"column":63}},"3":{"start":{"line":47,"column":48},"end":{"line":57,"column":3}},"4":{"start":{"line":59,"column":2},"end":{"line":61,"column":3}},"5":{"start":{"line":60,"column":4},"end":{"line":60,"column":46}},"6":{"start":{"line":64,"column":21},"end":{"line":64,"column":46}},"7":{"start":{"line":66,"column":21},"end":{"line":66,"column":59}},"8":{"start":{"line":67,"column":26},"end":{"line":67,"column":91}},"9":{"start":{"line":69,"column":19},"end":{"line":69,"column":38}},"10":{"start":{"line":70,"column":2},"end":{"line":70,"column":27}},"11":{"start":{"line":72,"column":2},"end":{"line":78,"column":4}},"12":{"start":{"line":88,"column":2},"end":{"line":93,"column":3}},"13":{"start":{"line":89,"column":4},"end":{"line":89,"column":54}},"14":{"start":{"line":90,"column":4},"end":{"line":90,"column":44}},"15":{"start":{"line":92,"column":4},"end":{"line":92,"column":16}},"16":{"start":{"line":94,"column":2},"end":{"line":94,"column":57}},"17":{"start":{"line":94,"column":45},"end":{"line":94,"column":57}},"18":{"start":{"line":96,"column":17},"end":{"line":96,"column":79}},"19":{"start":{"line":97,"column":2},"end":{"line":97,"column":27}},"20":{"start":{"line":97,"column":15},"end":{"line":97,"column":27}},"21":{"start":{"line":99,"column":17},"end":{"line":99,"column":30}},"22":{"start":{"line":100,"column":2},"end":{"line":100,"column":27}},"23":{"start":{"line":100,"column":15},"end":{"line":100,"column":27}},"24":{"start":{"line":101,"column":2},"end":{"line":101,"column":49}},"25":{"start":{"line":101,"column":37},"end":{"line":101,"column":49}},"26":{"start":{"line":102,"column":2},"end":{"line":102,"column":70}},"27":{"start":{"line":102,"column":58},"end":{"line":102,"column":70}},"28":{"start":{"line":103,"column":2},"end":{"line":103,"column":32}},"29":{"start":{"line":112,"column":17},"end":{"line":112,"column":69}},"30":{"start":{"line":113,"column":2},"end":{"line":113,"column":27}},"31":{"start":{"line":113,"column":15},"end":{"line":113,"column":27}},"32":{"start":{"line":119,"column":18},"end":{"line":119,"column":49}},"33":{"start":{"line":121,"column":2},"end":{"line":141,"column":3}},"34":{"start":{"line":123,"column":20},"end":{"line":127,"column":5}},"35":{"start":{"line":128,"column":24},"end":{"line":128,"column":66}},"36":{"start":{"line":129,"column":19},"end":{"line":129,"column":56}},"37":{"start":{"line":131,"column":27},"end":{"line":131,"column":80}},"38":{"start":{"line":132,"column":4},"end":{"line":132,"column":37}},"39":{"start":{"line":132,"column":25},"end":{"line":132,"column":37}},"40":{"start":{"line":134,"column":4},"end":{"line":138,"column":6}},"41":{"start":{"line":140,"column":4},"end":{"line":140,"column":16}},"42":{"start":{"line":146,"column":18},"end":{"line":146,"column":47}},"43":{"start":{"line":147,"column":2},"end":{"line":147,"column":70}},"44":{"start":{"line":147,"column":36},"end":{"line":147,"column":70}},"45":{"start":{"line":148,"column":2},"end":{"line":157,"column":4}}},"fnMap":{"0":{"name":"encryptMessage","decl":{"start":{"line":35,"column":16},"end":{"line":35,"column":30}},"loc":{"start":{"line":41,"column":59},"end":{"line":79,"column":1}},"line":41},"1":{"name":"openEnvelope","decl":{"start":{"line":81,"column":16},"end":{"line":81,"column":28}},"loc":{"start":{"line":85,"column":23},"end":{"line":104,"column":1}},"line":85},"2":{"name":"tryDecryptMessage","decl":{"start":{"line":106,"column":16},"end":{"line":106,"column":33}},"loc":{"start":{"line":111,"column":25},"end":{"line":142,"column":1}},"line":111},"3":{"name":"cloneRatchetState","decl":{"start":{"line":145,"column":9},"end":{"line":145,"column":26}},"loc":{"start":{"line":145,"column":58},"end":{"line":158,"column":1}},"line":145}},"branchMap":{"0":{"loc":{"start":{"line":59,"column":2},"end":{"line":61,"column":3}},"type":"if","locations":[{"start":{"line":59,"column":2},"end":{"line":61,"column":3}},{"start":{},"end":{}}],"line":59},"1":{"loc":{"start":{"line":94,"column":2},"end":{"line":94,"column":57}},"type":"if","locations":[{"start":{"line":94,"column":2},"end":{"line":94,"column":57}},{"start":{},"end":{}}],"line":94},"2":{"loc":{"start":{"line":97,"column":2},"end":{"line":97,"column":27}},"type":"if","locations":[{"start":{"line":97,"column":2},"end":{"line":97,"column":27}},{"start":{},"end":{}}],"line":97},"3":{"loc":{"start":{"line":100,"column":2},"end":{"line":100,"column":27}},"type":"if","locations":[{"start":{"line":100,"column":2},"end":{"line":100,"column":27}},{"start":{},"end":{}}],"line":100},"4":{"loc":{"start":{"line":101,"column":2},"end":{"line":101,"column":49}},"type":"if","locations":[{"start":{"line":101,"column":2},"end":{"line":101,"column":49}},{"start":{},"end":{}}],"line":101},"5":{"loc":{"start":{"line":102,"column":2},"end":{"line":102,"column":70}},"type":"if","locations":[{"start":{"line":102,"column":2},"end":{"line":102,"column":70}},{"start":{},"end":{}}],"line":102},"6":{"loc":{"start":{"line":102,"column":6},"end":{"line":102,"column":56}},"type":"binary-expr","locations":[{"start":{"line":102,"column":6},"end":{"line":102,"column":37}},{"start":{"line":102,"column":41},"end":{"line":102,"column":56}}],"line":102},"7":{"loc":{"start":{"line":113,"column":2},"end":{"line":113,"column":27}},"type":"if","locations":[{"start":{"line":113,"column":2},"end":{"line":113,"column":27}},{"start":{},"end":{}}],"line":113},"8":{"loc":{"start":{"line":132,"column":4},"end":{"line":132,"column":37}},"type":"if","locations":[{"start":{"line":132,"column":4},"end":{"line":132,"column":37}},{"start":{},"end":{}}],"line":132},"9":{"loc":{"start":{"line":151,"column":9},"end":{"line":151,"column":45}},"type":"cond-expr","locations":[{"start":{"line":151,"column":17},"end":{"line":151,"column":38}},{"start":{"line":151,"column":41},"end":{"line":151,"column":45}}],"line":151},"10":{"loc":{"start":{"line":153,"column":9},"end":{"line":153,"column":45}},"type":"cond-expr","locations":[{"start":{"line":153,"column":17},"end":{"line":153,"column":38}},{"start":{"line":153,"column":41},"end":{"line":153,"column":45}}],"line":153},"11":{"loc":{"start":{"line":154,"column":9},"end":{"line":154,"column":45}},"type":"cond-expr","locations":[{"start":{"line":154,"column":17},"end":{"line":154,"column":38}},{"start":{"line":154,"column":41},"end":{"line":154,"column":45}}],"line":154},"12":{"loc":{"start":{"line":156,"column":14},"end":{"line":156,"column":56}},"type":"cond-expr","locations":[{"start":{"line":156,"column":27},"end":{"line":156,"column":44}},{"start":{"line":156,"column":47},"end":{"line":156,"column":56}}],"line":156}},"s":{"0":6,"1":129,"2":129,"3":129,"4":129,"5":1,"6":129,"7":129,"8":129,"9":129,"10":129,"11":129,"12":22,"13":22,"14":22,"15":0,"16":22,"17":1,"18":21,"19":21,"20":6,"21":15,"22":15,"23":0,"24":15,"25":0,"26":15,"27":0,"28":15,"29":12,"30":12,"31":2,"32":10,"33":10,"34":10,"35":10,"36":10,"37":10,"38":10,"39":2,"40":8,"41":0,"42":10,"43":10,"44":0,"45":10},"f":{"0":129,"1":22,"2":12,"3":10},"b":{"0":[1,128],"1":[1,21],"2":[6,15],"3":[0,15],"4":[0,15],"5":[0,15],"6":[15,15],"7":[2,10],"8":[2,8],"9":[0,10],"10":[0,10],"11":[0,10],"12":[0,10]},"_coverageSchema":"1a1c01bbd47fc00a2c39e90264f33305004495a9","hash":"19fc784c1710735a29bab6cb1039ce9e311bd8a3"}
,"C:\\Users\\starl\\Desktop\\AegisLink\\mobile\\src\\crypto\\metadata.ts": {"path":"C:\\Users\\starl\\Desktop\\AegisLink\\mobile\\src\\crypto\\metadata.ts","statementMap":{"0":{"start":{"line":19,"column":35},"end":{"line":22,"column":1}},"1":{"start":{"line":24,"column":50},"end":{"line":26,"column":2}},"2":{"start":{"line":29,"column":2},"end":{"line":31,"column":3}},"3":{"start":{"line":30,"column":4},"end":{"line":30,"column":34}},"4":{"start":{"line":30,"column":25},"end":{"line":30,"column":34}},"5":{"start":{"line":32,"column":2},"end":{"line":32,"column":56}},"6":{"start":{"line":41,"column":41},"end":{"line":41,"column":43}},"7":{"start":{"line":42,"column":2},"end":{"line":44,"column":3}},"8":{"start":{"line":43,"column":4},"end":{"line":43,"column":59}},"9":{"start":{"line":43,"column":37},"end":{"line":43,"column":59}},"10":{"start":{"line":46,"column":16},"end":{"line":46,"column":63}},"11":{"start":{"line":47,"column":17},"end":{"line":47,"column":69}},"12":{"start":{"line":52,"column":15},"end":{"line":52,"column":54}},"13":{"start":{"line":53,"column":2},"end":{"line":64,"column":3}},"14":{"start":{"line":53,"column":15},"end":{"line":53,"column":16}},"15":{"start":{"line":54,"column":21},"end":{"line":54,"column":45}},"16":{"start":{"line":55,"column":4},"end":{"line":55,"column":39}},"17":{"start":{"line":56,"column":16},"end":{"line":56,"column":63}},"18":{"start":{"line":57,"column":4},"end":{"line":57,"column":42}},"19":{"start":{"line":57,"column":31},"end":{"line":57,"column":42}},"20":{"start":{"line":58,"column":4},"end":{"line":63,"column":5}},"21":{"start":{"line":59,"column":6},"end":{"line":59,"column":36}},"22":{"start":{"line":61,"column":6},"end":{"line":61,"column":36}},"23":{"start":{"line":62,"column":6},"end":{"line":62,"column":33}},"24":{"start":{"line":62,"column":22},"end":{"line":62,"column":33}},"25":{"start":{"line":66,"column":19},"end":{"line":66,"column":56}},"26":{"start":{"line":67,"column":2},"end":{"line":67,"column":37}},"27":{"start":{"line":68,"column":15},"end":{"line":68,"column":36}},"28":{"start":{"line":69,"column":14},"end":{"line":69,"column":44}},"29":{"start":{"line":70,"column":2},"end":{"line":70,"column":40}},"30":{"start":{"line":70,"column":29},"end":{"line":70,"column":40}},"31":{"start":{"line":71,"column":2},"end":{"line":74,"column":3}},"32":{"start":{"line":72,"column":19},"end":{"line":72,"column":50}},"33":{"start":{"line":73,"column":4},"end":{"line":73,"column":51}},"34":{"start":{"line":76,"column":2},"end":{"line":76,"column":19}},"35":{"start":{"line":77,"column":18},"end":{"line":77,"column":65}},"36":{"start":{"line":78,"column":2},"end":{"line":83,"column":3}},"37":{"start":{"line":80,"column":23},"end":{"line":80,"column":54}},"38":{"start":{"line":81,"column":19},"end":{"line":81,"column":58}},"39":{"start":{"line":82,"column":4},"end":{"line":82,"column":68}},"40":{"start":{"line":84,"column":17},"end":{"line":84,"column":52}},"41":{"start":{"line":85,"column":2},"end":{"line":85,"column":66}},"42":{"start":{"line":93,"column":2},"end":{"line":100,"column":3}},"43":{"start":{"line":94,"column":17},"end":{"line":94,"column":68}},"44":{"start":{"line":95,"column":19},"end":{"line":95,"column":62}},"45":{"start":{"line":96,"column":4},"end":{"line":96,"column":22}},"46":{"start":{"line":97,"column":4},"end":{"line":97,"column":18}},"47":{"start":{"line":99,"column":4},"end":{"line":99,"column":16}},"48":{"start":{"line":107,"column":2},"end":{"line":107,"column":30}}},"fnMap":{"0":{"name":"pickBucket","decl":{"start":{"line":28,"column":16},"end":{"line":28,"column":26}},"loc":{"start":{"line":28,"column":51},"end":{"line":33,"column":1}},"line":28},"1":{"name":"stripAndPad","decl":{"start":{"line":40,"column":16},"end":{"line":40,"column":27}},"loc":{"start":{"line":40,"column":74},"end":{"line":86,"column":1}},"line":40},"2":{"name":"unpad","decl":{"start":{"line":92,"column":16},"end":{"line":92,"column":21}},"loc":{"start":{"line":92,"column":73},"end":{"line":101,"column":1}},"line":92},"3":{"name":"decodePad","decl":{"start":{"line":106,"column":16},"end":{"line":106,"column":25}},"loc":{"start":{"line":106,"column":54},"end":{"line":108,"column":1}},"line":106}},"branchMap":{"0":{"loc":{"start":{"line":30,"column":4},"end":{"line":30,"column":34}},"type":"if","locations":[{"start":{"line":30,"column":4},"end":{"line":30,"column":34}},{"start":{},"end":{}}],"line":30},"1":{"loc":{"start":{"line":43,"column":4},"end":{"line":43,"column":59}},"type":"if","locations":[{"start":{"line":43,"column":4},"end":{"line":43,"column":59}},{"start":{},"end":{}}],"line":43},"2":{"loc":{"start":{"line":57,"column":4},"end":{"line":57,"column":42}},"type":"if","locations":[{"start":{"line":57,"column":4},"end":{"line":57,"column":42}},{"start":{},"end":{}}],"line":57},"3":{"loc":{"start":{"line":58,"column":4},"end":{"line":63,"column":5}},"type":"if","locations":[{"start":{"line":58,"column":4},"end":{"line":63,"column":5}},{"start":{"line":60,"column":11},"end":{"line":63,"column":5}}],"line":58},"4":{"loc":{"start":{"line":62,"column":6},"end":{"line":62,"column":33}},"type":"if","locations":[{"start":{"line":62,"column":6},"end":{"line":62,"column":33}},{"start":{},"end":{}}],"line":62},"5":{"loc":{"start":{"line":70,"column":2},"end":{"line":70,"column":40}},"type":"if","locations":[{"start":{"line":70,"column":2},"end":{"line":70,"column":40}},{"start":{},"end":{}}],"line":70},"6":{"loc":{"start":{"line":71,"column":2},"end":{"line":74,"column":3}},"type":"if","locations":[{"start":{"line":71,"column":2},"end":{"line":74,"column":3}},{"start":{},"end":{}}],"line":71},"7":{"loc":{"start":{"line":78,"column":2},"end":{"line":83,"column":3}},"type":"if","locations":[{"start":{"line":78,"column":2},"end":{"line":83,"column":3}},{"start":{},"end":{}}],"line":78}},"s":{"0":6,"1":6,"2":137,"3":170,"4":137,"5":0,"6":134,"7":134,"8":406,"9":403,"10":134,"11":134,"12":134,"13":134,"14":134,"15":487,"16":487,"17":487,"18":487,"19":29,"20":458,"21":126,"22":332,"23":332,"24":0,"25":105,"26":105,"27":105,"28":105,"29":105,"30":0,"31":105,"32":92,"33":92,"34":13,"35":13,"36":13,"37":0,"38":0,"39":0,"40":13,"41":13,"42":17,"43":17,"44":17,"45":17,"46":17,"47":0,"48":0},"f":{"0":137,"1":134,"2":17,"3":0},"b":{"0":[137,33],"1":[403,3],"2":[29,458],"3":[126,332],"4":[0,332],"5":[0,105],"6":[92,13],"7":[0,13]},"_coverageSchema":"1a1c01bbd47fc00a2c39e90264f33305004495a9","hash":"381a2916647cd6e6766344e484a694a710dd3efc"}
,"C:\\Users\\starl\\Desktop\\AegisLink\\mobile\\src\\crypto\\onboarding.ts": {"path":"C:\\Users\\starl\\Desktop\\AegisLink\\mobile\\src\\crypto\\onboarding.ts","statementMap":{"0":{"start":{"line":49,"column":19},"end":{"line":49,"column":35}},"1":{"start":{"line":50,"column":2},"end":{"line":50,"column":22}},"2":{"start":{"line":57,"column":55},"end":{"line":61,"column":3}},"3":{"start":{"line":63,"column":31},"end":{"line":74,"column":3}},"4":{"start":{"line":76,"column":33},"end":{"line":79,"column":3}},"5":{"start":{"line":81,"column":2},"end":{"line":81,"column":29}},"6":{"start":{"line":88,"column":34},"end":{"line":92,"column":3}},"7":{"start":{"line":93,"column":2},"end":{"line":93,"column":47}},"8":{"start":{"line":103,"column":23},"end":{"line":103,"column":46}},"9":{"start":{"line":104,"column":30},"end":{"line":104,"column":72}},"10":{"start":{"line":105,"column":27},"end":{"line":105,"column":69}},"11":{"start":{"line":106,"column":2},"end":{"line":106,"column":53}}},"fnMap":{"0":{"name":"generateLocalIdentity","decl":{"start":{"line":48,"column":16},"end":{"line":48,"column":37}},"loc":{"start":{"line":48,"column":57},"end":{"line":51,"column":1}},"line":48},"1":{"name":"generateInitialPreKeys","decl":{"start":{"line":53,"column":16},"end":{"line":53,"column":38}},"loc":{"start":{"line":56,"column":19},"end":{"line":82,"column":1}},"line":56},"2":{"name":"buildRegistrationPayload","decl":{"start":{"line":84,"column":16},"end":{"line":84,"column":40}},"loc":{"start":{"line":87,"column":19},"end":{"line":94,"column":1}},"line":87},"3":{"name":"runAnonymousOnboarding","decl":{"start":{"line":97,"column":16},"end":{"line":97,"column":38}},"loc":{"start":{"line":102,"column":2},"end":{"line":107,"column":1}},"line":102}},"branchMap":{"0":{"loc":{"start":{"line":55,"column":2},"end":{"line":55,"column":16}},"type":"default-arg","locations":[{"start":{"line":55,"column":13},"end":{"line":55,"column":16}}],"line":55},"1":{"loc":{"start":{"line":73,"column":19},"end":{"line":73,"column":71}},"type":"cond-expr","locations":[{"start":{"line":73,"column":47},"end":{"line":73,"column":64}},{"start":{"line":73,"column":67},"end":{"line":73,"column":71}}],"line":73},"2":{"loc":{"start":{"line":97,"column":39},"end":{"line":97,"column":53}},"type":"default-arg","locations":[{"start":{"line":97,"column":50},"end":{"line":97,"column":53}}],"line":97}},"s":{"0":82,"1":82,"2":82,"3":82,"4":82,"5":82,"6":82,"7":82,"8":82,"9":82,"10":82,"11":82},"f":{"0":82,"1":82,"2":82,"3":82},"b":{"0":[0],"1":[82,0],"2":[0]},"_coverageSchema":"1a1c01bbd47fc00a2c39e90264f33305004495a9","hash":"acbf415042649131e04ebfba78efe9b59c1b7be8"}
,"C:\\Users\\starl\\Desktop\\AegisLink\\mobile\\src\\crypto\\signal\\kdf.ts": {"path":"C:\\Users\\starl\\Desktop\\AegisLink\\mobile\\src\\crypto\\signal\\kdf.ts","statementMap":{"0":{"start":{"line":6,"column":2},"end":{"line":6,"column":33}},"1":{"start":{"line":15,"column":2},"end":{"line":15,"column":47}}},"fnMap":{"0":{"name":"hmacSHA256","decl":{"start":{"line":5,"column":16},"end":{"line":5,"column":26}},"loc":{"start":{"line":5,"column":74},"end":{"line":7,"column":1}},"line":5},"1":{"name":"hkdfSHA256","decl":{"start":{"line":9,"column":16},"end":{"line":9,"column":26}},"loc":{"start":{"line":14,"column":14},"end":{"line":16,"column":1}},"line":14}},"branchMap":{"0":{"loc":{"start":{"line":13,"column":2},"end":{"line":13,"column":21}},"type":"default-arg","locations":[{"start":{"line":13,"column":19},"end":{"line":13,"column":21}}],"line":13}},"s":{"0":726,"1":172},"f":{"0":726,"1":172},"b":{"0":[0]},"_coverageSchema":"1a1c01bbd47fc00a2c39e90264f33305004495a9","hash":"f203efa09830404d41fb9351472b757e2524b54c"}
,"C:\\Users\\starl\\Desktop\\AegisLink\\mobile\\src\\crypto\\signal\\ratchet.ts": {"path":"C:\\Users\\starl\\Desktop\\AegisLink\\mobile\\src\\crypto\\signal\\ratchet.ts","statementMap":{"0":{"start":{"line":33,"column":18},"end":{"line":33,"column":59}},"1":{"start":{"line":34,"column":29},"end":{"line":34,"column":51}},"2":{"start":{"line":35,"column":27},"end":{"line":35,"column":49}},"3":{"start":{"line":43,"column":32},"end":{"line":43,"column":34}},"4":{"start":{"line":52,"column":12},"end":{"line":52,"column":13}},"5":{"start":{"line":53,"column":2},"end":{"line":53,"column":51}},"6":{"start":{"line":53,"column":15},"end":{"line":53,"column":16}},"7":{"start":{"line":53,"column":38},"end":{"line":53,"column":51}},"8":{"start":{"line":54,"column":2},"end":{"line":54,"column":89}},"9":{"start":{"line":54,"column":17},"end":{"line":54,"column":89}},"10":{"start":{"line":55,"column":2},"end":{"line":55,"column":12}},"11":{"start":{"line":60,"column":2},"end":{"line":60,"column":50}},"12":{"start":{"line":60,"column":15},"end":{"line":60,"column":16}},"13":{"start":{"line":60,"column":39},"end":{"line":60,"column":50}},"14":{"start":{"line":68,"column":14},"end":{"line":68,"column":37}},"15":{"start":{"line":69,"column":2},"end":{"line":69,"column":26}},"16":{"start":{"line":69,"column":15},"end":{"line":69,"column":26}},"17":{"start":{"line":70,"column":12},"end":{"line":70,"column":47}},"18":{"start":{"line":71,"column":2},"end":{"line":71,"column":38}},"19":{"start":{"line":81,"column":2},"end":{"line":81,"column":55}},"20":{"start":{"line":81,"column":48},"end":{"line":81,"column":55}},"21":{"start":{"line":82,"column":53},"end":{"line":82,"column":55}},"22":{"start":{"line":83,"column":2},"end":{"line":85,"column":3}},"23":{"start":{"line":84,"column":4},"end":{"line":84,"column":50}},"24":{"start":{"line":86,"column":2},"end":{"line":86,"column":36}},"25":{"start":{"line":86,"column":25},"end":{"line":86,"column":34}},"26":{"start":{"line":87,"column":18},"end":{"line":87,"column":57}},"27":{"start":{"line":88,"column":2},"end":{"line":93,"column":3}},"28":{"start":{"line":88,"column":15},"end":{"line":88,"column":16}},"29":{"start":{"line":89,"column":15},"end":{"line":89,"column":25}},"30":{"start":{"line":90,"column":15},"end":{"line":90,"column":42}},"31":{"start":{"line":91,"column":4},"end":{"line":91,"column":24}},"32":{"start":{"line":91,"column":12},"end":{"line":91,"column":24}},"33":{"start":{"line":92,"column":4},"end":{"line":92,"column":35}},"34":{"start":{"line":102,"column":2},"end":{"line":102,"column":25}},"35":{"start":{"line":102,"column":18},"end":{"line":102,"column":25}},"36":{"start":{"line":103,"column":17},"end":{"line":103,"column":34}},"37":{"start":{"line":104,"column":2},"end":{"line":110,"column":3}},"38":{"start":{"line":105,"column":14},"end":{"line":105,"column":30}},"39":{"start":{"line":106,"column":4},"end":{"line":109,"column":5}},"40":{"start":{"line":107,"column":6},"end":{"line":107,"column":18}},"41":{"start":{"line":108,"column":6},"end":{"line":108,"column":32}},"42":{"start":{"line":115,"column":2},"end":{"line":115,"column":42}},"43":{"start":{"line":115,"column":29},"end":{"line":115,"column":42}},"44":{"start":{"line":116,"column":2},"end":{"line":116,"column":69}},"45":{"start":{"line":116,"column":15},"end":{"line":116,"column":16}},"46":{"start":{"line":116,"column":37},"end":{"line":116,"column":69}},"47":{"start":{"line":116,"column":56},"end":{"line":116,"column":69}},"48":{"start":{"line":117,"column":2},"end":{"line":117,"column":14}},"49":{"start":{"line":122,"column":18},"end":{"line":122,"column":54}},"50":{"start":{"line":123,"column":16},"end":{"line":123,"column":36}},"51":{"start":{"line":124,"column":16},"end":{"line":124,"column":37}},"52":{"start":{"line":125,"column":2},"end":{"line":125,"column":19}},"53":{"start":{"line":126,"column":2},"end":{"line":126,"column":26}},"54":{"start":{"line":131,"column":21},"end":{"line":131,"column":57}},"55":{"start":{"line":132,"column":16},"end":{"line":132,"column":50}},"56":{"start":{"line":133,"column":2},"end":{"line":133,"column":31}},"57":{"start":{"line":146,"column":17},"end":{"line":148,"column":24}},"58":{"start":{"line":149,"column":30},"end":{"line":159,"column":3}},"59":{"start":{"line":161,"column":2},"end":{"line":168,"column":3}},"60":{"start":{"line":163,"column":18},"end":{"line":163,"column":88}},"61":{"start":{"line":164,"column":29},"end":{"line":164,"column":52}},"62":{"start":{"line":165,"column":4},"end":{"line":165,"column":21}},"63":{"start":{"line":166,"column":4},"end":{"line":166,"column":22}},"64":{"start":{"line":167,"column":4},"end":{"line":167,"column":19}},"65":{"start":{"line":169,"column":2},"end":{"line":169,"column":15}},"66":{"start":{"line":177,"column":2},"end":{"line":179,"column":3}},"67":{"start":{"line":178,"column":4},"end":{"line":178,"column":65}},"68":{"start":{"line":181,"column":32},"end":{"line":181,"column":51}},"69":{"start":{"line":182,"column":17},"end":{"line":182,"column":26}},"70":{"start":{"line":183,"column":2},"end":{"line":183,"column":20}},"71":{"start":{"line":184,"column":2},"end":{"line":184,"column":18}},"72":{"start":{"line":188,"column":16},"end":{"line":188,"column":60}},"73":{"start":{"line":189,"column":21},"end":{"line":189,"column":65}},"74":{"start":{"line":191,"column":17},"end":{"line":195,"column":3}},"75":{"start":{"line":197,"column":2},"end":{"line":197,"column":16}},"76":{"start":{"line":199,"column":2},"end":{"line":199,"column":22}},"77":{"start":{"line":201,"column":2},"end":{"line":201,"column":39}},"78":{"start":{"line":207,"column":2},"end":{"line":209,"column":3}},"79":{"start":{"line":208,"column":4},"end":{"line":208,"column":49}},"80":{"start":{"line":210,"column":2},"end":{"line":220,"column":3}},"81":{"start":{"line":211,"column":4},"end":{"line":211,"column":87}},"82":{"start":{"line":211,"column":20},"end":{"line":211,"column":87}},"83":{"start":{"line":212,"column":34},"end":{"line":212,"column":53}},"84":{"start":{"line":213,"column":19},"end":{"line":213,"column":28}},"85":{"start":{"line":214,"column":4},"end":{"line":214,"column":22}},"86":{"start":{"line":215,"column":4},"end":{"line":215,"column":20}},"87":{"start":{"line":217,"column":18},"end":{"line":217,"column":59}},"88":{"start":{"line":218,"column":4},"end":{"line":218,"column":43}},"89":{"start":{"line":219,"column":4},"end":{"line":219,"column":18}},"90":{"start":{"line":222,"column":2},"end":{"line":222,"column":32}},"91":{"start":{"line":228,"column":17},"end":{"line":228,"column":89}},"92":{"start":{"line":230,"column":2},"end":{"line":230,"column":22}},"93":{"start":{"line":231,"column":2},"end":{"line":231,"column":15}},"94":{"start":{"line":232,"column":2},"end":{"line":232,"column":15}},"95":{"start":{"line":233,"column":2},"end":{"line":233,"column":32}},"96":{"start":{"line":236,"column":37},"end":{"line":236,"column":62}},"97":{"start":{"line":237,"column":17},"end":{"line":237,"column":25}},"98":{"start":{"line":238,"column":17},"end":{"line":238,"column":26}},"99":{"start":{"line":239,"column":2},"end":{"line":239,"column":17}},"100":{"start":{"line":240,"column":2},"end":{"line":240,"column":18}},"101":{"start":{"line":241,"column":2},"end":{"line":241,"column":18}},"102":{"start":{"line":242,"column":2},"end":{"line":242,"column":30}},"103":{"start":{"line":242,"column":14},"end":{"line":242,"column":30}},"104":{"start":{"line":243,"column":2},"end":{"line":243,"column":18}},"105":{"start":{"line":246,"column":17},"end":{"line":246,"column":26}},"106":{"start":{"line":247,"column":2},"end":{"line":247,"column":33}},"107":{"start":{"line":248,"column":2},"end":{"line":248,"column":28}},"108":{"start":{"line":251,"column":17},"end":{"line":251,"column":81}},"109":{"start":{"line":252,"column":37},"end":{"line":252,"column":62}},"110":{"start":{"line":253,"column":17},"end":{"line":253,"column":25}},"111":{"start":{"line":254,"column":17},"end":{"line":254,"column":26}},"112":{"start":{"line":255,"column":2},"end":{"line":255,"column":17}},"113":{"start":{"line":256,"column":2},"end":{"line":256,"column":18}},"114":{"start":{"line":257,"column":2},"end":{"line":257,"column":18}},"115":{"start":{"line":258,"column":2},"end":{"line":258,"column":30}},"116":{"start":{"line":258,"column":14},"end":{"line":258,"column":30}},"117":{"start":{"line":259,"column":2},"end":{"line":259,"column":18}},"118":{"start":{"line":269,"column":16},"end":{"line":269,"column":64}},"119":{"start":{"line":270,"column":2},"end":{"line":282,"column":3}},"120":{"start":{"line":271,"column":15},"end":{"line":271,"column":42}},"121":{"start":{"line":272,"column":4},"end":{"line":272,"column":34}},"122":{"start":{"line":274,"column":4},"end":{"line":280,"column":5}},"123":{"start":{"line":275,"column":6},"end":{"line":275,"column":54}},"124":{"start":{"line":279,"column":6},"end":{"line":279,"column":18}},"125":{"start":{"line":281,"column":4},"end":{"line":281,"column":14}},"126":{"start":{"line":285,"column":2},"end":{"line":288,"column":3}},"127":{"start":{"line":286,"column":4},"end":{"line":286,"column":41}},"128":{"start":{"line":287,"column":4},"end":{"line":287,"column":29}},"129":{"start":{"line":290,"column":2},"end":{"line":290,"column":38}},"130":{"start":{"line":292,"column":2},"end":{"line":292,"column":59}},"131":{"start":{"line":292,"column":18},"end":{"line":292,"column":59}},"132":{"start":{"line":293,"column":32},"end":{"line":293,"column":51}},"133":{"start":{"line":294,"column":17},"end":{"line":294,"column":26}},"134":{"start":{"line":295,"column":2},"end":{"line":295,"column":20}},"135":{"start":{"line":296,"column":2},"end":{"line":296,"column":18}},"136":{"start":{"line":297,"column":2},"end":{"line":297,"column":16}},"137":{"start":{"line":300,"column":2},"end":{"line":305,"column":3}},"138":{"start":{"line":301,"column":4},"end":{"line":301,"column":67}},"139":{"start":{"line":304,"column":4},"end":{"line":304,"column":24}},"140":{"start":{"line":306,"column":2},"end":{"line":306,"column":19}}},"fnMap":{"0":{"name":"assertNonZeroDH","decl":{"start":{"line":51,"column":9},"end":{"line":51,"column":24}},"loc":{"start":{"line":51,"column":53},"end":{"line":56,"column":1}},"line":51},"1":{"name":"zeroize","decl":{"start":{"line":59,"column":9},"end":{"line":59,"column":16}},"loc":{"start":{"line":59,"column":40},"end":{"line":61,"column":1}},"line":59},"2":{"name":"parseSkippedN","decl":{"start":{"line":67,"column":9},"end":{"line":67,"column":22}},"loc":{"start":{"line":67,"column":47},"end":{"line":72,"column":1}},"line":67},"3":{"name":"enforceSkippedKeyLimit","decl":{"start":{"line":80,"column":9},"end":{"line":80,"column":31}},"loc":{"start":{"line":80,"column":59},"end":{"line":94,"column":1}},"line":80},"4":{"name":"(anonymous_4)","decl":{"start":{"line":86,"column":15},"end":{"line":86,"column":16}},"loc":{"start":{"line":86,"column":25},"end":{"line":86,"column":34}},"line":86},"5":{"name":"trimOldSkippedKeys","decl":{"start":{"line":101,"column":16},"end":{"line":101,"column":34}},"loc":{"start":{"line":101,"column":78},"end":{"line":111,"column":1}},"line":101},"6":{"name":"bytesEqual","decl":{"start":{"line":114,"column":9},"end":{"line":114,"column":19}},"loc":{"start":{"line":114,"column":59},"end":{"line":118,"column":1}},"line":114},"7":{"name":"kdfRoot","decl":{"start":{"line":120,"column":9},"end":{"line":120,"column":16}},"loc":{"start":{"line":120,"column":94},"end":{"line":127,"column":1}},"line":120},"8":{"name":"kdfChain","decl":{"start":{"line":129,"column":9},"end":{"line":129,"column":17}},"loc":{"start":{"line":129,"column":81},"end":{"line":134,"column":1}},"line":129},"9":{"name":"initRatchet","decl":{"start":{"line":136,"column":16},"end":{"line":136,"column":27}},"loc":{"start":{"line":141,"column":16},"end":{"line":170,"column":1}},"line":141},"10":{"name":"ratchetEncrypt","decl":{"start":{"line":172,"column":16},"end":{"line":172,"column":30}},"loc":{"start":{"line":176,"column":2},"end":{"line":202,"column":1}},"line":176},"11":{"name":"trySkipMessageKeys","decl":{"start":{"line":204,"column":9},"end":{"line":204,"column":27}},"loc":{"start":{"line":204,"column":65},"end":{"line":223,"column":1}},"line":204},"12":{"name":"dhRatchet","decl":{"start":{"line":225,"column":9},"end":{"line":225,"column":18}},"loc":{"start":{"line":225,"column":88},"end":{"line":260,"column":1}},"line":225},"13":{"name":"ratchetDecrypt","decl":{"start":{"line":262,"column":16},"end":{"line":262,"column":30}},"loc":{"start":{"line":267,"column":21},"end":{"line":307,"column":1}},"line":267}},"branchMap":{"0":{"loc":{"start":{"line":54,"column":2},"end":{"line":54,"column":89}},"type":"if","locations":[{"start":{"line":54,"column":2},"end":{"line":54,"column":89}},{"start":{},"end":{}}],"line":54},"1":{"loc":{"start":{"line":69,"column":2},"end":{"line":69,"column":26}},"type":"if","locations":[{"start":{"line":69,"column":2},"end":{"line":69,"column":26}},{"start":{},"end":{}}],"line":69},"2":{"loc":{"start":{"line":71,"column":9},"end":{"line":71,"column":37}},"type":"cond-expr","locations":[{"start":{"line":71,"column":30},"end":{"line":71,"column":31}},{"start":{"line":71,"column":34},"end":{"line":71,"column":37}}],"line":71},"3":{"loc":{"start":{"line":81,"column":2},"end":{"line":81,"column":55}},"type":"if","locations":[{"start":{"line":81,"column":2},"end":{"line":81,"column":55}},{"start":{},"end":{}}],"line":81},"4":{"loc":{"start":{"line":91,"column":4},"end":{"line":91,"column":24}},"type":"if","locations":[{"start":{"line":91,"column":4},"end":{"line":91,"column":24}},{"start":{},"end":{}}],"line":91},"5":{"loc":{"start":{"line":102,"column":2},"end":{"line":102,"column":25}},"type":"if","locations":[{"start":{"line":102,"column":2},"end":{"line":102,"column":25}},{"start":{},"end":{}}],"line":102},"6":{"loc":{"start":{"line":106,"column":4},"end":{"line":109,"column":5}},"type":"if","locations":[{"start":{"line":106,"column":4},"end":{"line":109,"column":5}},{"start":{},"end":{}}],"line":106},"7":{"loc":{"start":{"line":106,"column":8},"end":{"line":106,"column":40}},"type":"binary-expr","locations":[{"start":{"line":106,"column":8},"end":{"line":106,"column":26}},{"start":{"line":106,"column":30},"end":{"line":106,"column":40}}],"line":106},"8":{"loc":{"start":{"line":115,"column":2},"end":{"line":115,"column":42}},"type":"if","locations":[{"start":{"line":115,"column":2},"end":{"line":115,"column":42}},{"start":{},"end":{}}],"line":115},"9":{"loc":{"start":{"line":116,"column":37},"end":{"line":116,"column":69}},"type":"if","locations":[{"start":{"line":116,"column":37},"end":{"line":116,"column":69}},{"start":{},"end":{}}],"line":116},"10":{"loc":{"start":{"line":146,"column":17},"end":{"line":148,"column":24}},"type":"cond-expr","locations":[{"start":{"line":147,"column":6},"end":{"line":147,"column":106}},{"start":{"line":148,"column":6},"end":{"line":148,"column":24}}],"line":146},"11":{"loc":{"start":{"line":151,"column":9},"end":{"line":151,"column":44}},"type":"cond-expr","locations":[{"start":{"line":151,"column":19},"end":{"line":151,"column":37}},{"start":{"line":151,"column":40},"end":{"line":151,"column":44}}],"line":151},"12":{"loc":{"start":{"line":161,"column":2},"end":{"line":168,"column":3}},"type":"if","locations":[{"start":{"line":161,"column":2},"end":{"line":168,"column":3}},{"start":{},"end":{}}],"line":161},"13":{"loc":{"start":{"line":177,"column":2},"end":{"line":179,"column":3}},"type":"if","locations":[{"start":{"line":177,"column":2},"end":{"line":179,"column":3}},{"start":{},"end":{}}],"line":177},"14":{"loc":{"start":{"line":207,"column":2},"end":{"line":209,"column":3}},"type":"if","locations":[{"start":{"line":207,"column":2},"end":{"line":209,"column":3}},{"start":{},"end":{}}],"line":207},"15":{"loc":{"start":{"line":211,"column":4},"end":{"line":211,"column":87}},"type":"if","locations":[{"start":{"line":211,"column":4},"end":{"line":211,"column":87}},{"start":{},"end":{}}],"line":211},"16":{"loc":{"start":{"line":242,"column":2},"end":{"line":242,"column":30}},"type":"if","locations":[{"start":{"line":242,"column":2},"end":{"line":242,"column":30}},{"start":{},"end":{}}],"line":242},"17":{"loc":{"start":{"line":258,"column":2},"end":{"line":258,"column":30}},"type":"if","locations":[{"start":{"line":258,"column":2},"end":{"line":258,"column":30}},{"start":{},"end":{}}],"line":258},"18":{"loc":{"start":{"line":270,"column":2},"end":{"line":282,"column":3}},"type":"if","locations":[{"start":{"line":270,"column":2},"end":{"line":282,"column":3}},{"start":{},"end":{}}],"line":270},"19":{"loc":{"start":{"line":285,"column":2},"end":{"line":288,"column":3}},"type":"if","locations":[{"start":{"line":285,"column":2},"end":{"line":288,"column":3}},{"start":{},"end":{}}],"line":285},"20":{"loc":{"start":{"line":285,"column":6},"end":{"line":285,"column":61}},"type":"binary-expr","locations":[{"start":{"line":285,"column":6},"end":{"line":285,"column":16}},{"start":{"line":285,"column":20},"end":{"line":285,"column":61}}],"line":285},"21":{"loc":{"start":{"line":292,"column":2},"end":{"line":292,"column":59}},"type":"if","locations":[{"start":{"line":292,"column":2},"end":{"line":292,"column":59}},{"start":{},"end":{}}],"line":292}},"s":{"0":7,"1":7,"2":7,"3":7,"4":94,"5":94,"6":94,"7":3008,"8":94,"9":1,"10":93,"11":936,"12":936,"13":32928,"14":0,"15":0,"16":0,"17":0,"18":0,"19":51,"20":51,"21":0,"22":0,"23":0,"24":0,"25":0,"26":0,"27":0,"28":0,"29":0,"30":0,"31":0,"32":0,"33":0,"34":2,"35":0,"36":2,"37":2,"38":0,"39":0,"40":0,"41":0,"42":3,"43":0,"44":3,"45":3,"46":34,"47":2,"48":1,"49":93,"50":93,"51":93,"52":93,"53":93,"54":363,"55":363,"56":363,"57":85,"58":85,"59":85,"60":43,"61":43,"62":43,"63":43,"64":43,"65":85,"66":278,"67":0,"68":278,"69":278,"70":278,"71":278,"72":278,"73":278,"74":278,"75":278,"76":278,"77":278,"78":52,"79":1,"80":51,"81":60,"82":0,"83":60,"84":60,"85":60,"86":60,"87":60,"88":60,"89":60,"90":51,"91":26,"92":25,"93":25,"94":25,"95":25,"96":25,"97":25,"98":25,"99":25,"100":25,"101":25,"102":25,"103":1,"104":25,"105":25,"106":25,"107":25,"108":25,"109":25,"110":25,"111":25,"112":25,"113":25,"114":25,"115":25,"116":2,"117":25,"118":33,"119":33,"120":6,"121":6,"122":6,"123":6,"124":6,"125":6,"126":27,"127":26,"128":26,"129":26,"130":25,"131":0,"132":25,"133":25,"134":25,"135":25,"136":25,"137":25,"138":25,"139":25,"140":25},"f":{"0":94,"1":936,"2":0,"3":51,"4":0,"5":2,"6":3,"7":93,"8":363,"9":85,"10":278,"11":52,"12":26,"13":33},"b":{"0":[1,93],"1":[0,0],"2":[0,0],"3":[51,0],"4":[0,0],"5":[0,2],"6":[0,0],"7":[0,0],"8":[0,3],"9":[2,32],"10":[42,43],"11":[43,42],"12":[43,42],"13":[0,278],"14":[1,51],"15":[0,60],"16":[1,24],"17":[2,23],"18":[6,27],"19":[26,1],"20":[27,3],"21":[0,25]},"_coverageSchema":"1a1c01bbd47fc00a2c39e90264f33305004495a9","hash":"2ec60d076bacb377a488c3766f26c7340f7707c1"}
,"C:\\Users\\starl\\Desktop\\AegisLink\\mobile\\src\\crypto\\signal\\x3dh.ts": {"path":"C:\\Users\\starl\\Desktop\\AegisLink\\mobile\\src\\crypto\\signal\\x3dh.ts","statementMap":{"0":{"start":{"line":18,"column":12},"end":{"line":18,"column":13}},"1":{"start":{"line":19,"column":2},"end":{"line":19,"column":51}},"2":{"start":{"line":19,"column":15},"end":{"line":19,"column":16}},"3":{"start":{"line":19,"column":38},"end":{"line":19,"column":51}},"4":{"start":{"line":20,"column":2},"end":{"line":22,"column":3}},"5":{"start":{"line":21,"column":4},"end":{"line":21,"column":86}},"6":{"start":{"line":23,"column":2},"end":{"line":23,"column":12}},"7":{"start":{"line":53,"column":16},"end":{"line":53,"column":58}},"8":{"start":{"line":54,"column":17},"end":{"line":54,"column":70}},"9":{"start":{"line":55,"column":17},"end":{"line":55,"column":70}},"10":{"start":{"line":61,"column":2},"end":{"line":63,"column":3}},"11":{"start":{"line":62,"column":4},"end":{"line":62,"column":86}},"12":{"start":{"line":64,"column":19},"end":{"line":64,"column":66}},"13":{"start":{"line":65,"column":2},"end":{"line":67,"column":3}},"14":{"start":{"line":66,"column":4},"end":{"line":66,"column":73}},"15":{"start":{"line":68,"column":2},"end":{"line":70,"column":3}},"16":{"start":{"line":69,"column":4},"end":{"line":69,"column":58}},"17":{"start":{"line":71,"column":19},"end":{"line":71,"column":70}},"18":{"start":{"line":72,"column":2},"end":{"line":74,"column":3}},"19":{"start":{"line":73,"column":4},"end":{"line":73,"column":85}},"20":{"start":{"line":77,"column":55},"end":{"line":77,"column":73}},"21":{"start":{"line":83,"column":14},"end":{"line":83,"column":83}},"22":{"start":{"line":84,"column":14},"end":{"line":84,"column":70}},"23":{"start":{"line":85,"column":14},"end":{"line":85,"column":71}},"24":{"start":{"line":88,"column":12},"end":{"line":88,"column":41}},"25":{"start":{"line":89,"column":14},"end":{"line":89,"column":77}},"26":{"start":{"line":90,"column":2},"end":{"line":90,"column":18}},"27":{"start":{"line":91,"column":2},"end":{"line":91,"column":27}},"28":{"start":{"line":92,"column":2},"end":{"line":92,"column":40}},"29":{"start":{"line":93,"column":2},"end":{"line":93,"column":53}},"30":{"start":{"line":95,"column":2},"end":{"line":102,"column":3}},"31":{"start":{"line":96,"column":19},"end":{"line":96,"column":73}},"32":{"start":{"line":97,"column":16},"end":{"line":97,"column":73}},"33":{"start":{"line":98,"column":21},"end":{"line":98,"column":62}},"34":{"start":{"line":99,"column":4},"end":{"line":99,"column":27}},"35":{"start":{"line":100,"column":4},"end":{"line":100,"column":36}},"36":{"start":{"line":101,"column":4},"end":{"line":101,"column":21}},"37":{"start":{"line":105,"column":15},"end":{"line":105,"column":33}},"38":{"start":{"line":106,"column":15},"end":{"line":106,"column":56}},"39":{"start":{"line":107,"column":18},"end":{"line":107,"column":51}},"40":{"start":{"line":109,"column":2},"end":{"line":112,"column":4}},"41":{"start":{"line":127,"column":14},"end":{"line":127,"column":75}},"42":{"start":{"line":128,"column":14},"end":{"line":128,"column":84}},"43":{"start":{"line":129,"column":14},"end":{"line":129,"column":75}},"44":{"start":{"line":132,"column":12},"end":{"line":132,"column":41}},"45":{"start":{"line":133,"column":14},"end":{"line":133,"column":77}},"46":{"start":{"line":134,"column":2},"end":{"line":134,"column":18}},"47":{"start":{"line":135,"column":2},"end":{"line":135,"column":27}},"48":{"start":{"line":136,"column":2},"end":{"line":136,"column":40}},"49":{"start":{"line":137,"column":2},"end":{"line":137,"column":53}},"50":{"start":{"line":139,"column":2},"end":{"line":145,"column":3}},"51":{"start":{"line":140,"column":16},"end":{"line":140,"column":77}},"52":{"start":{"line":141,"column":21},"end":{"line":141,"column":62}},"53":{"start":{"line":142,"column":4},"end":{"line":142,"column":27}},"54":{"start":{"line":143,"column":4},"end":{"line":143,"column":36}},"55":{"start":{"line":144,"column":4},"end":{"line":144,"column":21}},"56":{"start":{"line":147,"column":15},"end":{"line":147,"column":33}},"57":{"start":{"line":148,"column":15},"end":{"line":148,"column":56}},"58":{"start":{"line":150,"column":2},"end":{"line":150,"column":43}},"59":{"start":{"line":160,"column":14},"end":{"line":160,"column":32}},"60":{"start":{"line":161,"column":20},"end":{"line":161,"column":80}},"61":{"start":{"line":163,"column":25},"end":{"line":163,"column":27}},"62":{"start":{"line":164,"column":21},"end":{"line":164,"column":50}},"63":{"start":{"line":166,"column":2},"end":{"line":174,"column":3}},"64":{"start":{"line":166,"column":15},"end":{"line":166,"column":16}},"65":{"start":{"line":167,"column":16},"end":{"line":167,"column":34}},"66":{"start":{"line":168,"column":18},"end":{"line":168,"column":32}},"67":{"start":{"line":169,"column":4},"end":{"line":172,"column":7}},"68":{"start":{"line":173,"column":4},"end":{"line":173,"column":41}},"69":{"start":{"line":176,"column":2},"end":{"line":185,"column":4}}},"fnMap":{"0":{"name":"assertNonZeroDH","decl":{"start":{"line":17,"column":9},"end":{"line":17,"column":24}},"loc":{"start":{"line":17,"column":68},"end":{"line":24,"column":1}},"line":17},"1":{"name":"performX3DH","decl":{"start":{"line":49,"column":16},"end":{"line":49,"column":27}},"loc":{"start":{"line":52,"column":14},"end":{"line":113,"column":1}},"line":52},"2":{"name":"performX3DHReceiver","decl":{"start":{"line":119,"column":16},"end":{"line":119,"column":35}},"loc":{"start":{"line":125,"column":14},"end":{"line":151,"column":1}},"line":125},"3":{"name":"generatePreKeys","decl":{"start":{"line":153,"column":16},"end":{"line":153,"column":31}},"loc":{"start":{"line":158,"column":2},"end":{"line":186,"column":1}},"line":158}},"branchMap":{"0":{"loc":{"start":{"line":20,"column":2},"end":{"line":22,"column":3}},"type":"if","locations":[{"start":{"line":20,"column":2},"end":{"line":22,"column":3}},{"start":{},"end":{}}],"line":20},"1":{"loc":{"start":{"line":61,"column":2},"end":{"line":63,"column":3}},"type":"if","locations":[{"start":{"line":61,"column":2},"end":{"line":63,"column":3}},{"start":{},"end":{}}],"line":61},"2":{"loc":{"start":{"line":65,"column":2},"end":{"line":67,"column":3}},"type":"if","locations":[{"start":{"line":65,"column":2},"end":{"line":67,"column":3}},{"start":{},"end":{}}],"line":65},"3":{"loc":{"start":{"line":68,"column":2},"end":{"line":70,"column":3}},"type":"if","locations":[{"start":{"line":68,"column":2},"end":{"line":70,"column":3}},{"start":{},"end":{}}],"line":68},"4":{"loc":{"start":{"line":72,"column":2},"end":{"line":74,"column":3}},"type":"if","locations":[{"start":{"line":72,"column":2},"end":{"line":74,"column":3}},{"start":{},"end":{}}],"line":72},"5":{"loc":{"start":{"line":95,"column":2},"end":{"line":102,"column":3}},"type":"if","locations":[{"start":{"line":95,"column":2},"end":{"line":102,"column":3}},{"start":{},"end":{}}],"line":95},"6":{"loc":{"start":{"line":139,"column":2},"end":{"line":145,"column":3}},"type":"if","locations":[{"start":{"line":139,"column":2},"end":{"line":145,"column":3}},{"start":{},"end":{}}],"line":139},"7":{"loc":{"start":{"line":155,"column":2},"end":{"line":155,"column":16}},"type":"default-arg","locations":[{"start":{"line":155,"column":15},"end":{"line":155,"column":16}}],"line":155},"8":{"loc":{"start":{"line":156,"column":2},"end":{"line":156,"column":13}},"type":"default-arg","locations":[{"start":{"line":156,"column":10},"end":{"line":156,"column":13}}],"line":156},"9":{"loc":{"start":{"line":157,"column":2},"end":{"line":157,"column":14}},"type":"default-arg","locations":[{"start":{"line":157,"column":13},"end":{"line":157,"column":14}}],"line":157}},"s":{"0":318,"1":318,"2":318,"3":10176,"4":318,"5":1,"6":317,"7":43,"8":43,"9":43,"10":43,"11":1,"12":42,"13":42,"14":0,"15":42,"16":0,"17":42,"18":42,"19":1,"20":41,"21":41,"22":41,"23":40,"24":40,"25":40,"26":40,"27":40,"28":40,"29":40,"30":40,"31":40,"32":40,"33":40,"34":40,"35":40,"36":40,"37":40,"38":40,"39":40,"40":40,"41":39,"42":39,"43":39,"44":39,"45":39,"46":39,"47":39,"48":39,"49":39,"50":39,"51":39,"52":39,"53":39,"54":39,"55":39,"56":39,"57":39,"58":39,"59":85,"60":85,"61":85,"62":85,"63":85,"64":85,"65":690,"66":690,"67":690,"68":690,"69":85},"f":{"0":318,"1":43,"2":39,"3":85},"b":{"0":[1,317],"1":[1,42],"2":[0,42],"3":[0,42],"4":[1,41],"5":[40,0],"6":[39,0],"7":[3],"8":[3],"9":[85]},"_coverageSchema":"1a1c01bbd47fc00a2c39e90264f33305004495a9","hash":"791f3465764bc8de7029708878f8ce4e032722f2"}
,"C:\\Users\\starl\\Desktop\\AegisLink\\mobile\\src\\screens\\Call.tsx": {"path":"C:\\Users\\starl\\Desktop\\AegisLink\\mobile\\src\\screens\\Call.tsx","statementMap":{"0":{"start":{"line":8,"column":2},"end":{"line":8,"column":181}},"1":{"start":{"line":23,"column":16},"end":{"line":23,"column":26}},"2":{"start":{"line":24,"column":23},"end":{"line":24,"column":39}},"3":{"start":{"line":25,"column":17},"end":{"line":25,"column":36}},"4":{"start":{"line":26,"column":17},"end":{"line":26,"column":41}},"5":{"start":{"line":26,"column":32},"end":{"line":26,"column":40}},"6":{"start":{"line":27,"column":17},"end":{"line":27,"column":39}},"7":{"start":{"line":27,"column":32},"end":{"line":27,"column":38}},"8":{"start":{"line":28,"column":16},"end":{"line":28,"column":39}},"9":{"start":{"line":28,"column":31},"end":{"line":28,"column":38}},"10":{"start":{"line":29,"column":22},"end":{"line":29,"column":51}},"11":{"start":{"line":29,"column":37},"end":{"line":29,"column":50}},"12":{"start":{"line":30,"column":23},"end":{"line":30,"column":53}},"13":{"start":{"line":30,"column":38},"end":{"line":30,"column":52}},"14":{"start":{"line":31,"column":16},"end":{"line":31,"column":39}},"15":{"start":{"line":31,"column":31},"end":{"line":31,"column":38}},"16":{"start":{"line":32,"column":20},"end":{"line":32,"column":47}},"17":{"start":{"line":32,"column":35},"end":{"line":32,"column":46}},"18":{"start":{"line":33,"column":20},"end":{"line":33,"column":47}},"19":{"start":{"line":33,"column":35},"end":{"line":33,"column":46}},"20":{"start":{"line":35,"column":15},"end":{"line":35,"column":71}},"21":{"start":{"line":35,"column":35},"end":{"line":35,"column":69}},"22":{"start":{"line":36,"column":23},"end":{"line":36,"column":36}},"23":{"start":{"line":37,"column":19},"end":{"line":37,"column":52}},"24":{"start":{"line":38,"column":22},"end":{"line":38,"column":62}},"25":{"start":{"line":41,"column":27},"end":{"line":52,"column":33}},"26":{"start":{"line":42,"column":4},"end":{"line":42,"column":49}},"27":{"start":{"line":42,"column":39},"end":{"line":42,"column":49}},"28":{"start":{"line":43,"column":4},"end":{"line":51,"column":5}},"29":{"start":{"line":44,"column":19},"end":{"line":44,"column":78}},"30":{"start":{"line":45,"column":6},"end":{"line":48,"column":9}},"31":{"start":{"line":46,"column":20},"end":{"line":46,"column":63}},"32":{"start":{"line":47,"column":8},"end":{"line":47,"column":42}},"33":{"start":{"line":50,"column":6},"end":{"line":50,"column":16}},"34":{"start":{"line":55,"column":2},"end":{"line":57,"column":24}},"35":{"start":{"line":56,"column":4},"end":{"line":56,"column":37}},"36":{"start":{"line":56,"column":27},"end":{"line":56,"column":37}},"37":{"start":{"line":59,"column":18},"end":{"line":59,"column":35}},"38":{"start":{"line":62,"column":26},"end":{"line":62,"column":73}},"39":{"start":{"line":64,"column":2},"end":{"line":271,"column":4}},"40":{"start":{"line":136,"column":25},"end":{"line":136,"column":243}},"41":{"start":{"line":187,"column":16},"end":{"line":189,"column":23}},"42":{"start":{"line":203,"column":12},"end":{"line":206,"column":43}},"43":{"start":{"line":204,"column":28},"end":{"line":204,"column":135}},"44":{"start":{"line":205,"column":14},"end":{"line":205,"column":38}},"45":{"start":{"line":239,"column":61},"end":{"line":239,"column":80}},"46":{"start":{"line":240,"column":61},"end":{"line":240,"column":78}},"47":{"start":{"line":266,"column":61},"end":{"line":266,"column":78}},"48":{"start":{"line":275,"column":2},"end":{"line":288,"column":3}},"49":{"start":{"line":277,"column":6},"end":{"line":277,"column":47}},"50":{"start":{"line":279,"column":6},"end":{"line":279,"column":63}},"51":{"start":{"line":281,"column":6},"end":{"line":281,"column":53}},"52":{"start":{"line":283,"column":6},"end":{"line":283,"column":74}},"53":{"start":{"line":285,"column":6},"end":{"line":285,"column":47}},"54":{"start":{"line":287,"column":6},"end":{"line":287,"column":16}},"55":{"start":{"line":292,"column":16},"end":{"line":292,"column":37}},"56":{"start":{"line":293,"column":12},"end":{"line":293,"column":62}},"57":{"start":{"line":294,"column":12},"end":{"line":294,"column":52}},"58":{"start":{"line":295,"column":2},"end":{"line":295,"column":21}},"59":{"start":{"line":317,"column":2},"end":{"line":354,"column":4}},"60":{"start":{"line":323,"column":31},"end":{"line":326,"column":7}},"61":{"start":{"line":359,"column":2},"end":{"line":359,"column":59}},"62":{"start":{"line":359,"column":20},"end":{"line":359,"column":59}},"63":{"start":{"line":360,"column":2},"end":{"line":360,"column":67}},"64":{"start":{"line":360,"column":24},"end":{"line":360,"column":67}},"65":{"start":{"line":362,"column":13},"end":{"line":362,"column":66}},"66":{"start":{"line":363,"column":2},"end":{"line":367,"column":4}},"67":{"start":{"line":370,"column":15},"end":{"line":372,"column":2}}},"fnMap":{"0":{"name":"CallScreen","decl":{"start":{"line":22,"column":16},"end":{"line":22,"column":26}},"loc":{"start":{"line":22,"column":47},"end":{"line":272,"column":1}},"line":22},"1":{"name":"(anonymous_1)","decl":{"start":{"line":26,"column":25},"end":{"line":26,"column":26}},"loc":{"start":{"line":26,"column":32},"end":{"line":26,"column":40}},"line":26},"2":{"name":"(anonymous_2)","decl":{"start":{"line":27,"column":25},"end":{"line":27,"column":26}},"loc":{"start":{"line":27,"column":32},"end":{"line":27,"column":38}},"line":27},"3":{"name":"(anonymous_3)","decl":{"start":{"line":28,"column":24},"end":{"line":28,"column":25}},"loc":{"start":{"line":28,"column":31},"end":{"line":28,"column":38}},"line":28},"4":{"name":"(anonymous_4)","decl":{"start":{"line":29,"column":30},"end":{"line":29,"column":31}},"loc":{"start":{"line":29,"column":37},"end":{"line":29,"column":50}},"line":29},"5":{"name":"(anonymous_5)","decl":{"start":{"line":30,"column":31},"end":{"line":30,"column":32}},"loc":{"start":{"line":30,"column":38},"end":{"line":30,"column":52}},"line":30},"6":{"name":"(anonymous_6)","decl":{"start":{"line":31,"column":24},"end":{"line":31,"column":25}},"loc":{"start":{"line":31,"column":31},"end":{"line":31,"column":38}},"line":31},"7":{"name":"(anonymous_7)","decl":{"start":{"line":32,"column":28},"end":{"line":32,"column":29}},"loc":{"start":{"line":32,"column":35},"end":{"line":32,"column":46}},"line":32},"8":{"name":"(anonymous_8)","decl":{"start":{"line":33,"column":28},"end":{"line":33,"column":29}},"loc":{"start":{"line":33,"column":35},"end":{"line":33,"column":46}},"line":33},"9":{"name":"(anonymous_9)","decl":{"start":{"line":35,"column":27},"end":{"line":35,"column":28}},"loc":{"start":{"line":35,"column":35},"end":{"line":35,"column":69}},"line":35},"10":{"name":"(anonymous_10)","decl":{"start":{"line":41,"column":45},"end":{"line":41,"column":46}},"loc":{"start":{"line":41,"column":51},"end":{"line":52,"column":3}},"line":41},"11":{"name":"(anonymous_11)","decl":{"start":{"line":45,"column":39},"end":{"line":45,"column":40}},"loc":{"start":{"line":45,"column":49},"end":{"line":48,"column":7}},"line":45},"12":{"name":"(anonymous_12)","decl":{"start":{"line":55,"column":12},"end":{"line":55,"column":13}},"loc":{"start":{"line":55,"column":18},"end":{"line":57,"column":3}},"line":55},"13":{"name":"(anonymous_13)","decl":{"start":{"line":136,"column":19},"end":{"line":136,"column":20}},"loc":{"start":{"line":136,"column":25},"end":{"line":136,"column":243}},"line":136},"14":{"name":"(anonymous_14)","decl":{"start":{"line":186,"column":36},"end":{"line":186,"column":37}},"loc":{"start":{"line":187,"column":16},"end":{"line":189,"column":23}},"line":187},"15":{"name":"(anonymous_15)","decl":{"start":{"line":202,"column":19},"end":{"line":202,"column":20}},"loc":{"start":{"line":202,"column":25},"end":{"line":207,"column":11}},"line":202},"16":{"name":"(anonymous_16)","decl":{"start":{"line":239,"column":55},"end":{"line":239,"column":56}},"loc":{"start":{"line":239,"column":61},"end":{"line":239,"column":80}},"line":239},"17":{"name":"(anonymous_17)","decl":{"start":{"line":240,"column":55},"end":{"line":240,"column":56}},"loc":{"start":{"line":240,"column":61},"end":{"line":240,"column":78}},"line":240},"18":{"name":"(anonymous_18)","decl":{"start":{"line":266,"column":55},"end":{"line":266,"column":56}},"loc":{"start":{"line":266,"column":61},"end":{"line":266,"column":78}},"line":266},"19":{"name":"labelFor","decl":{"start":{"line":274,"column":9},"end":{"line":274,"column":17}},"loc":{"start":{"line":274,"column":80},"end":{"line":289,"column":1}},"line":274},"20":{"name":"formatDuration","decl":{"start":{"line":291,"column":9},"end":{"line":291,"column":23}},"loc":{"start":{"line":291,"column":44},"end":{"line":296,"column":1}},"line":291},"21":{"name":"CircleBtn","decl":{"start":{"line":298,"column":9},"end":{"line":298,"column":18}},"loc":{"start":{"line":316,"column":3},"end":{"line":355,"column":1}},"line":316},"22":{"name":"(anonymous_22)","decl":{"start":{"line":323,"column":13},"end":{"line":323,"column":14}},"loc":{"start":{"line":323,"column":31},"end":{"line":326,"column":7}},"line":323},"23":{"name":"IconGlyph","decl":{"start":{"line":357,"column":9},"end":{"line":357,"column":18}},"loc":{"start":{"line":357,"column":105},"end":{"line":368,"column":1}},"line":357}},"branchMap":{"0":{"loc":{"start":{"line":8,"column":
[...]
ype":"binary-expr","locations":[{"start":{"line":193,"column":17},"end":{"line":193,"column":37}},{"start":{"line":193,"column":41},"end":{"line":193,"column":43}}],"line":193},"24":{"loc":{"start":{"line":195,"column":4},"end":{"line":195,"column":21}},"type":"if","locations":[{"start":{"line":195,"column":4},"end":{"line":195,"column":21}},{"start":{},"end":{}}],"line":195},"25":{"loc":{"start":{"line":196,"column":26},"end":{"line":196,"column":45}},"type":"binary-expr","locations":[{"start":{"line":196,"column":26},"end":{"line":196,"column":39}},{"start":{"line":196,"column":43},"end":{"line":196,"column":45}}],"line":196},"26":{"loc":{"start":{"line":197,"column":22},"end":{"line":197,"column":39}},"type":"binary-expr","locations":[{"start":{"line":197,"column":22},"end":{"line":197,"column":29}},{"start":{"line":197,"column":33},"end":{"line":197,"column":39}}],"line":197},"27":{"loc":{"start":{"line":198,"column":29},"end":{"line":198,"column":49}},"type":"binary-expr","locations":[{"start":{"line":198,"column":29},"end":{"line":198,"column":43}},{"start":{"line":198,"column":47},"end":{"line":198,"column":49}}],"line":198},"28":{"loc":{"start":{"line":199,"column":4},"end":{"line":200,"column":33}},"type":"if","locations":[{"start":{"line":199,"column":4},"end":{"line":200,"column":33}},{"start":{"line":200,"column":9},"end":{"line":200,"column":33}}],"line":199},"29":{"loc":{"start":{"line":201,"column":4},"end":{"line":202,"column":47}},"type":"if","locations":[{"start":{"line":201,"column":4},"end":{"line":202,"column":47}},{"start":{"line":202,"column":9},"end":{"line":202,"column":47}}],"line":201},"30":{"loc":{"start":{"line":208,"column":35},"end":{"line":208,"column":81}},"type":"cond-expr","locations":[{"start":{"line":208,"column":49},"end":{"line":208,"column":77}},{"start":{"line":208,"column":80},"end":{"line":208,"column":81}}],"line":208},"31":{"loc":{"start":{"line":216,"column":17},"end":{"line":216,"column":43}},"type":"binary-expr","locations":[{"start":{"line":216,"column":17},"end":{"line":216,"column":37}},{"start":{"line":216,"column":41},"end":{"line":216,"column":43}}],"line":216},"32":{"loc":{"start":{"line":220,"column":35},"end":{"line":220,"column":85}},"type":"cond-expr","locations":[{"start":{"line":220,"column":49},"end":{"line":220,"column":81}},{"start":{"line":220,"column":84},"end":{"line":220,"column":85}}],"line":220},"33":{"loc":{"start":{"line":228,"column":17},"end":{"line":228,"column":43}},"type":"binary-expr","locations":[{"start":{"line":228,"column":17},"end":{"line":228,"column":37}},{"start":{"line":228,"column":41},"end":{"line":228,"column":43}}],"line":228},"34":{"loc":{"start":{"line":233,"column":10},"end":{"line":233,"column":77}},"type":"cond-expr","locations":[{"start":{"line":233,"column":24},"end":{"line":233,"column":73}},{"start":{"line":233,"column":76},"end":{"line":233,"column":77}}],"line":233},"35":{"loc":{"start":{"line":241,"column":17},"end":{"line":241,"column":43}},"type":"binary-expr","locations":[{"start":{"line":241,"column":17},"end":{"line":241,"column":37}},{"start":{"line":241,"column":41},"end":{"line":241,"column":43}}],"line":241},"36":{"loc":{"start":{"line":243,"column":4},"end":{"line":243,"column":21}},"type":"if","locations":[{"start":{"line":243,"column":4},"end":{"line":243,"column":21}},{"start":{},"end":{}}],"line":243},"37":{"loc":{"start":{"line":245,"column":40},"end":{"line":245,"column":63}},"type":"binary-expr","locations":[{"start":{"line":245,"column":40},"end":{"line":245,"column":48}},{"start":{"line":245,"column":52},"end":{"line":245,"column":63}}],"line":245},"38":{"loc":{"start":{"line":246,"column":4},"end":{"line":246,"column":65}},"type":"if","locations":[{"start":{"line":246,"column":4},"end":{"line":246,"column":65}},{"start":{},"end":{}}],"line":246},"39":{"loc":{"start":{"line":252,"column":10},"end":{"line":252,"column":57}},"type":"if","locations":[{"start":{"line":252,"column":10},"end":{"line":252,"column":57}},{"start":{},"end":{}}],"line":252},"40":{"loc":{"start":{"line":253,"column":10},"end":{"line":253,"column":70}},"type":"if","locations":[{"start":{"line":253,"column":10},"end":{"line":253,"column":70}},{"start":{},"end":{}}],"line":253},"41":{"loc":{"start":{"line":253,"column":14},"end":{"line":253,"column":37}},"type":"binary-expr","locations":[{"start":{"line":253,"column":14},"end":{"line":253,"column":22}},{"start":{"line":253,"column":26},"end":{"line":253,"column":37}}],"line":253},"42":{"loc":{"start":{"line":259,"column":18},"end":{"line":259,"column":56}},"type":"cond-expr","locations":[{"start":{"line":259,"column":25},"end":{"line":259,"column":49}},{"start":{"line":259,"column":52},"end":{"line":259,"column":56}}],"line":259}},"s":{"0":1,"1":1,"2":0,"3":3,"4":3,"5":0,"6":3,"7":3,"8":1,"9":2,"10":2,"11":2,"12":3,"13":2,"14":2,"15":2,"16":2,"17":2,"18":2,"19":2,"20":2,"21":2,"22":2,"23":8,"24":8,"25":8,"26":8,"27":8,"28":1,"29":1,"30":8,"31":0,"32":0,"33":0,"34":0,"35":0,"36":1,"37":1,"38":1,"39":0,"40":0,"41":0,"42":0,"43":0,"44":0,"45":0,"46":0,"47":0,"48":0,"49":0,"50":0,"51":2,"52":2,"53":2,"54":2,"55":2,"56":2,"57":3,"58":1,"59":2,"60":0,"61":2,"62":2,"63":1,"64":1,"65":2,"66":1,"67":2,"68":0,"69":0,"70":0,"71":0,"72":0,"73":0,"74":0,"75":0,"76":0,"77":0,"78":0,"79":2,"80":2,"81":2,"82":2,"83":2,"84":2,"85":0,"86":0,"87":0,"88":0,"89":0,"90":0,"91":0,"92":0,"93":0,"94":0,"95":0,"96":0,"97":0,"98":0,"99":0,"100":0,"101":0,"102":0,"103":0,"104":2,"105":2,"106":2,"107":2,"108":2,"109":2,"110":0,"111":0,"112":0,"113":0,"114":0,"115":0,"116":0,"117":0,"118":0,"119":0,"120":0,"121":0,"122":0,"123":0,"124":0,"125":0,"126":0,"127":0,"128":0,"129":0,"130":0,"131":0,"132":0,"133":0,"134":0,"135":0,"136":0,"137":0,"138":0,"139":0,"140":0,"141":0,"142":0,"143":0,"144":0,"145":0,"146":0,"147":0,"148":0,"149":0,"150":0},"f":{"0":1,"1":0,"2":3,"3":3,"4":2,"5":2,"6":2,"7":8,"8":8,"9":0,"10":0,"11":0,"12":1,"13":1,"14":0,"15":0,"16":0,"17":0,"18":0,"19":0,"20":2,"21":3,"22":0,"23":0,"24":0,"25":0,"26":0,"27":2,"28":2,"29":2,"30":0,"31":0,"32":0,"33":0,"34":2,"35":2,"36":2,"37":0,"38":0,"39":0,"40":0,"41":0,"42":0,"43":0,"44":0,"45":0,"46":0},"b":{"0":[0,3],"1":[1,2],"2":[3,2],"3":[2,2],"4":[0,2],"5":[2,0],"6":[8,8],"7":[1,7],"8":[1,1],"9":[0,0],"10":[0,0],"11":[0,0],"12":[1,2],"13":[3,2],"14":[0,2],"15":[2,0],"16":[1,1],"17":[1,1],"18":[0,0],"19":[0,0],"20":[0,0],"21":[2,0],"22":[1,1],"23":[0,0],"24":[0,0],"25":[0,0],"26":[0,0],"27":[0,0],"28":[0,0],"29":[0,0],"30":[0,0],"31":[2,0],"32":[2,0],"33":[0,0],"34":[0,0],"35":[0,0],"36":[0,0],"37":[0,0],"38":[0,0],"39":[0,0],"40":[0,0],"41":[0,0],"42":[0,0]},"_coverageSchema":"1a1c01bbd47fc00a2c39e90264f33305004495a9","hash":"1876aae450836e9123e7faf4242853277f3f95e6"}
,"C:\\Users\\starl\\Desktop\\AegisLink\\mobile\\src\\theme\\ThemeContext.tsx": {"path":"C:\\Users\\starl\\Desktop\\AegisLink\\mobile\\src\\theme\\ThemeContext.tsx","statementMap":{"0":{"start":{"line":11,"column":21},"end":{"line":11,"column":57}},"1":{"start":{"line":14,"column":17},"end":{"line":14,"column":33}},"2":{"start":{"line":15,"column":26},"end":{"line":15,"column":54}},"3":{"start":{"line":17,"column":16},"end":{"line":24,"column":3}},"4":{"start":{"line":18,"column":11},"end":{"line":22,"column":5}},"5":{"start":{"line":21,"column":20},"end":{"line":21,"column":38}},"6":{"start":{"line":21,"column":35},"end":{"line":21,"column":37}},"7":{"start":{"line":26,"column":2},"end":{"line":26,"column":81}},"8":{"start":{"line":30,"column":14},"end":{"line":30,"column":38}},"9":{"start":{"line":31,"column":2},"end":{"line":31,"column":74}},"10":{"start":{"line":31,"column":12},"end":{"line":31,"column":74}},"11":{"start":{"line":32,"column":2},"end":{"line":32,"column":13}}},"fnMap":{"0":{"name":"ThemeProvider","decl":{"start":{"line":13,"column":16},"end":{"line":13,"column":29}},"loc":{"start":{"line":13,"column":69},"end":{"line":27,"column":1}},"line":13},"1":{"name":"(anonymous_1)","decl":{"start":{"line":18,"column":4},"end":{"line":18,"column":5}},"loc":{"start":{"line":18,"column":11},"end":{"line":22,"column":5}},"line":18},"2":{"name":"(anonymous_2)","decl":{"start":{"line":21,"column":14},"end":{"line":21,"column":15}},"loc":{"start":{"line":21,"column":20},"end":{"line":21,"column":38}},"line":21},"3":{"name":"(anonymous_3)","decl":{"start":{"line":21,"column":28},"end":{"line":21,"column":29}},"loc":{"start":{"line":21,"column":35},"end":{"line":21,"column":37}},"line":21},"4":{"name":"useTheme","decl":{"start":{"line":29,"column":16},"end":{"line":29,"column":24}},"loc":{"start":{"line":29,"column":37},"end":{"line":33,"column":1}},"line":29}},"branchMap":{"0":{"loc":{"start":{"line":19,"column":9},"end":{"line":19,"column":40}},"type":"cond-expr","locations":[{"start":{"line":19,"column":16},"end":{"line":19,"column":26}},{"start":{"line":19,"column":29},"end":{"line":19,"column":40}}],"line":19},"1":{"loc":{"start":{"line":31,"column":2},"end":{"line":31,"column":74}},"type":"if","locations":[{"start":{"line":31,"column":2},"end":{"line":31,"column":74}},{"start":{},"end":{}}],"line":31}},"s":{"0":1,"1":0,"2":0,"3":0,"4":0,"5":0,"6":0,"7":0,"8":6,"9":6,"10":6,"11":0},"f":{"0":0,"1":0,"2":0,"3":0,"4":6},"b":{"0":[0,0],"1":[6,0]},"_coverageSchema":"1a1c01bbd47fc00a2c39e90264f33305004495a9","hash":"03bf4cc2938fab043f84271f3c0a97c4075a40d0"}
,"C:\\Users\\starl\\Desktop\\AegisLink\\mobile\\src\\theme\\vault.ts": {"path":"C:\\Users\\starl\\Desktop\\AegisLink\\mobile\\src\\theme\\vault.ts","statementMap":{"0":{"start":{"line":36,"column":17},"end":{"line":40,"column":12}},"1":{"start":{"line":42,"column":20},"end":{"line":46,"column":12}},"2":{"start":{"line":48,"column":18},"end":{"line":56,"column":1}},"3":{"start":{"line":58,"column":33},"end":{"line":80,"column":1}},"4":{"start":{"line":82,"column":34},"end":{"line":104,"column":1}}},"fnMap":{},"branchMap":{},"s":{"0":1,"1":1,"2":1,"3":1,"4":1},"f":{},"b":{},"_coverageSchema":"1a1c01bbd47fc00a2c39e90264f33305004495a9","hash":"0384911e0b185107b2cbed05118709e0c76197a8"}
,"C:\\Users\\starl\\Desktop\\AegisLink\\mobile\\src\\web3\\deviceRevocation\\RevokeDevice.ts": {"path":"C:\\Users\\starl\\Desktop\\AegisLink\\mobile\\src\\web3\\deviceRevocation\\RevokeDevice.ts","statementMap":{"0":{"start":{"line":40,"column":16},"end":{"line":40,"column":45}},"1":{"start":{"line":41,"column":17},"end":{"line":41,"column":30}},"2":{"start":{"line":42,"column":2},"end":{"line":44,"column":14}},"3":{"start":{"line":43,"column":16},"end":{"line":43,"column":47}},"4":{"start":{"line":54,"column":14},"end":{"line":54,"column":56}},"5":{"start":{"line":55,"column":2},"end":{"line":55,"column":39}},"6":{"start":{"line":71,"column":18},"end":{"line":71,"column":30}},"7":{"start":{"line":72,"column":20},"end":{"line":72,"column":30}},"8":{"start":{"line":73,"column":25},"end":{"line":73,"column":64}},"9":{"start":{"line":74,"column":25},"end":{"line":74,"column":76}},"10":{"start":{"line":75,"column":2},"end":{"line":80,"column":4}},"11":{"start":{"line":89,"column":2},"end":{"line":96,"column":3}},"12":{"start":{"line":90,"column":21},"end":{"line":90,"column":52}},"13":{"start":{"line":91,"column":24},"end":{"line":91,"column":65}},"14":{"start":{"line":92,"column":20},"end":{"line":92,"column":75}},"15":{"start":{"line":93,"column":4},"end":{"line":93,"column":69}},"16":{"start":{"line":95,"column":4},"end":{"line":95,"column":17}}},"fnMap":{"0":{"name":"hashDID","decl":{"start":{"line":39,"column":16},"end":{"line":39,"column":23}},"loc":{"start":{"line":39,"column":45},"end":{"line":45,"column":1}},"line":39},"1":{"name":"(anonymous_1)","decl":{"start":{"line":43,"column":9},"end":{"line":43,"column":10}},"loc":{"start":{"line":43,"column":16},"end":{"line":43,"column":47}},"line":43},"2":{"name":"buildSigningPayload","decl":{"start":{"line":53,"column":9},"end":{"line":53,"column":28}},"loc":{"start":{"line":53,"column":77},"end":{"line":56,"column":1}},"line":53},"3":{"name":"buildRevocationPayload","decl":{"start":{"line":66,"column":22},"end":{"line":66,"column":44}},"loc":{"start":{"line":70,"column":30},"end":{"line":81,"column":1}},"line":70},"4":{"name":"verifyRevocationPayload","decl":{"start":{"line":88,"column":16},"end":{"line":88,"column":39}},"loc":{"start":{"line":88,"column":77},"end":{"line":97,"column":1}},"line":88}},"branchMap":{},"s":{"0":10,"1":10,"2":10,"3":320,"4":4,"5":4,"6":0,"7":0,"8":0,"9":0,"10":0,"11":4,"12":4,"13":4,"14":4,"15":4,"16":0},"f":{"0":10,"1":320,"2":4,"3":0,"4":4},"b":{},"_coverageSchema":"1a1c01bbd47fc00a2c39e90264f33305004495a9","hash":"ddeb654df4cdc2d974af009b3ce0589d1952dfdb"}
,"C:\\Users\\starl\\Desktop\\AegisLink\\mobile\\src\\web3\\did\\deriveDID.ts": {"path":"C:\\Users\\starl\\Desktop\\AegisLink\\mobile\\src\\web3\\did\\deriveDID.ts","statementMap":{"0":{"start":{"line":18,"column":18},"end":{"line":18,"column":24}},"1":{"start":{"line":21,"column":34},"end":{"line":21,"column":62}},"2":{"start":{"line":30,"column":2},"end":{"line":32,"column":3}},"3":{"start":{"line":31,"column":4},"end":{"line":31,"column":84}},"4":{"start":{"line":33,"column":19},"end":{"line":33,"column":86}},"5":{"start":{"line":34,"column":2},"end":{"line":34,"column":45}},"6":{"start":{"line":35,"column":2},"end":{"line":35,"column":60}},"7":{"start":{"line":36,"column":18},"end":{"line":36,"column":44}},"8":{"start":{"line":37,"column":2},"end":{"line":37,"column":31}},"9":{"start":{"line":45,"column":2},"end":{"line":47,"column":3}},"10":{"start":{"line":46,"column":4},"end":{"line":46,"column":53}},"11":{"start":{"line":48,"column":18},"end":{"line":48,"column":47}},"12":{"start":{"line":49,"column":19},"end":{"line":49,"column":44}},"13":{"start":{"line":50,"column":2},"end":{"line":52,"column":3}},"14":{"start":{"line":51,"column":4},"end":{"line":51,"column":89}},"15":{"start":{"line":53,"column":2},"end":{"line":53,"column":27}}},"fnMap":{"0":{"name":"deriveDIDFromPublicKey","decl":{"start":{"line":29,"column":16},"end":{"line":29,"column":38}},"loc":{"start":{"line":29,"column":70},"end":{"line":38,"column":1}},"line":29},"1":{"name":"publicKeyFromDID","decl":{"start":{"line":44,"column":16},"end":{"line":44,"column":32}},"loc":{"start":{"line":44,"column":58},"end":{"line":54,"column":1}},"line":44}},"branchMap":{"0":{"loc":{"start":{"line":30,"column":2},"end":{"line":32,"column":3}},"type":"if","locations":[{"start":{"line":30,"column":2},"end":{"line":32,"column":3}},{"start":{},"end":{}}],"line":30},"1":{"loc":{"start":{"line":45,"column":2},"end":{"line":47,"column":3}},"type":"if","locations":[{"start":{"line":45,"column":2},"end":{"line":47,"column":3}},{"start":{},"end":{}}],"line":45},"2":{"loc":{"start":{"line":50,"column":2},"end":{"line":52,"column":3}},"type":"if","locations":[{"start":{"line":50,"column":2},"end":{"line":52,"column":3}},{"start":{},"end":{}}],"line":50},"3":{"loc":{"start":{"line":50,"column":6},"end":{"line":50,"column":50}},"type":"binary-expr","locations":[{"start":{"line":50,"column":6},"end":{"line":50,"column":26}},{"start":{"line":50,"column":30},"end":{"line":50,"column":50}}],"line":50}},"s":{"0":1,"1":1,"2":8,"3":2,"4":6,"5":6,"6":6,"7":6,"8":6,"9":3,"10":1,"11":2,"12":2,"13":2,"14":1,"15":1},"f":{"0":8,"1":3},"b":{"0":[2,6],"1":[1,2],"2":[1,1],"3":[2,1]},"_coverageSchema":"1a1c01bbd47fc00a2c39e90264f33305004495a9","hash":"f70f89008205cb6be84124f00a47934cdaa8d53a"}
,"C:\\Users\\starl\\Desktop\\AegisLink\\mobile\\src\\webrtc\\ice.ts": {"path":"C:\\Users\\starl\\Desktop\\AegisLink\\mobile\\src\\webrtc\\ice.ts","statementMap":{"0":{"start":{"line":27,"column":2},"end":{"line":27,"column":77}},"1":{"start":{"line":28,"column":22},"end":{"line":28,"column":89}},"2":{"start":{"line":29,"column":22},"end":{"line":29,"column":89}},"3":{"start":{"line":32,"column":51},"end":{"line":34,"column":3}},"4":{"start":{"line":35,"column":2},"end":{"line":41,"column":3}},"5":{"start":{"line":36,"column":4},"end":{"line":40,"column":7}},"6":{"start":{"line":42,"column":2},"end":{"line":42,"column":24}},"7":{"start":{"line":59,"column":15},"end":{"line":59,"column":79}},"8":{"start":{"line":62,"column":21},"end":{"line":62,"column":35}},"9":{"start":{"line":66,"column":17},"end":{"line":66,"column":36}},"10":{"start":{"line":67,"column":2},"end":{"line":67,"column":68}},"11":{"start":{"line":67,"column":47},"end":{"line":67,"column":68}},"12":{"start":{"line":69,"column":2},"end":{"line":92,"column":3}},"13":{"start":{"line":70,"column":16},"end":{"line":73,"column":5}},"14":{"start":{"line":74,"column":4},"end":{"line":74,"column":36}},"15":{"start":{"line":74,"column":17},"end":{"line":74,"column":36}},"16":{"start":{"line":75,"column":35},"end":{"line":79,"column":5}},"17":{"start":{"line":80,"column":53},"end":{"line":82,"column":5}},"18":{"start":{"line":83,"column":4},"end":{"line":85,"column":5}},"19":{"start":{"line":84,"column":6},"end":{"line":84,"column":74}},"20":{"start":{"line":86,"column":35},"end":{"line":86,"column":49}},"21":{"start":{"line":87,"column":4},"end":{"line":87,"column":74}},"22":{"start":{"line":88,"column":4},"end":{"line":88,"column":18}},"23":{"start":{"line":91,"column":4},"end":{"line":91,"column":23}},"24":{"start":{"line":97,"column":2},"end":{"line":97,"column":17}}},"fnMap":{"0":{"name":"rtcConfig","decl":{"start":{"line":31,"column":16},"end":{"line":31,"column":25}},"loc":{"start":{"line":31,"column":44},"end":{"line":43,"column":1}},"line":31},"1":{"name":"fetchTurnConfig","decl":{"start":{"line":64,"column":22},"end":{"line":64,"column":37}},"loc":{"start":{"line":64,"column":80},"end":{"line":93,"column":1}},"line":64},"2":{"name":"clearTurnCache","decl":{"start":{"line":96,"column":16},"end":{"line":96,"column":30}},"loc":{"start":{"line":96,"column":39},"end":{"line":98,"column":1}},"line":96}},"branchMap":{"0":{"loc":{"start":{"line":27,"column":2},"end":{"line":27,"column":77}},"type":"binary-expr","locations":[{"start":{"line":27,"column":3},"end":{"line":27,"column":57}},{"start":{"line":27,"column":62},"end":{"line":27,"column":77}}],"line":27},"1":{"loc":{"start":{"line":28,"column":22},"end":{"line":28,"column":89}},"type":"binary-expr","locations":[{"start":{"line":28,"column":23},"end":{"line":28,"column":82}},{"start":{"line":28,"column":87},"end":{"line":28,"column":89}}],"line":28},"2":{"loc":{"start":{"line":29,"column":22},"end":{"line":29,"column":89}},"type":"binary-expr","locations":[{"start":{"line":29,"column":23},"end":{"line":29,"column":82}},{"start":{"line":29,"column":87},"end":{"line":29,"column":89}}],"line":29},"3":{"loc":{"start":{"line":35,"column":2},"end":{"line":41,"column":3}},"type":"if","locations":[{"start":{"line":35,"column":2},"end":{"line":41,"column":3}},{"start":{},"end":{}}],"line":35},"4":{"loc":{"start":{"line":67,"column":2},"end":{"line":67,"column":68}},"type":"if","locations":[{"start":{"line":67,"column":2},"end":{"line":67,"column":68}},{"start":{},"end":{}}],"line":67},"5":{"loc":{"start":{"line":67,"column":6},"end":{"line":67,"column":45}},"type":"binary-expr","locations":[{"start":{"line":67,"column":6},"end":{"line":67,"column":12}},{"start":{"line":67,"column":16},"end":{"line":67,"column":45}}],"line":67},"6":{"loc":{"start":{"line":74,"column":4},"end":{"line":74,"column":36}},"type":"if","locations":[{"start":{"line":74,"column":4},"end":{"line":74,"column":36}},{"start":{},"end":{}}],"line":74},"7":{"loc":{"start":{"line":83,"column":4},"end":{"line":85,"column":5}},"type":"if","locations":[{"start":{"line":83,"column":4},"end":{"line":85,"column":5}},{"start":{},"end":{}}],"line":83}},"s":{"0":1,"1":1,"2":1,"3":4,"4":4,"5":0,"6":4,"7":1,"8":1,"9":9,"10":9,"11":1,"12":8,"13":8,"14":7,"15":1,"16":6,"17":6,"18":6,"19":0,"20":6,"21":6,"22":6,"23":1,"24":7},"f":{"0":4,"1":9,"2":7},"b":{"0":[1,1],"1":[1,1],"2":[1,1],"3":[0,4],"4":[1,8],"5":[9,1],"6":[1,6],"7":[0,6]},"_coverageSchema":"1a1c01bbd47fc00a2c39e90264f33305004495a9","hash":"c81b692b8fed959c6ce5703566a2bac2d386edad"}
}
