TN:
SF:src\config.ts
FNF:0
FNH:0
DA:15,1
DA:18,1
DA:28,1
DA:29,1
DA:32,1
DA:41,1
DA:50,1
LF:7
LH:7
BRDA:15,0,0,1
BRDA:15,0,1,1
BRDA:18,1,0,1
BRDA:18,1,1,1
BRDA:29,2,0,0
BRDA:29,2,1,1
BRDA:32,3,0,1
BRDA:32,3,1,1
BRDA:34,4,0,1
BRDA:34,4,1,0
BRDA:41,5,0,1
BRDA:41,5,1,1
BRDA:50,6,0,1
BRDA:50,6,1,1
BRDA:52,7,0,1
BRDA:52,7,1,0
BRDA:52,8,0,0
BRDA:52,8,1,0
BRF:18
BRH:13
end_of_record
TN:
SF:src\components\SwipeableMessage.tsx
FN:35,SwipeableMessage
FN:41,(anonymous_1)
FN:49,(anonymous_2)
FN:56,(anonymous_3)
FN:69,(anonymous_4)
FN:78,(anonymous_5)
FN:91,(anonymous_6)
FN:95,(anonymous_7)
FNF:8
FNH:1
FNDA:6,SwipeableMessage
FNDA:0,(anonymous_1)
FNDA:0,(anonymous_2)
FNDA:0,(anonymous_3)
FNDA:0,(anonymous_4)
FNDA:0,(anonymous_5)
FNDA:0,(anonymous_6)
FNDA:0,(anonymous_7)
DA:25,1
DA:26,1
DA:36,6
DA:37,0
DA:38,0
DA:39,0
DA:41,0
DA:42,0
DA:50,0
DA:57,0
DA:58,0
DA:65,0
DA:71,0
DA:72,0
DA:73,0
DA:75,0
DA:79,0
DA:80,0
DA:82,0
DA:85,0
DA:87,0
DA:91,0
DA:95,0
DA:96,0
DA:97,0
DA:100,0
DA:117,1
LF:27
LH:4
BRDA:39,0,0,0
BRDA:39,0,1,0
BRDA:50,1,0,0
BRDA:50,1,1,0
BRDA:57,2,0,0
BRDA:57,2,1,0
BRDA:72,3,0,0
BRDA:72,3,1,0
BRDA:80,4,0,0
BRDA:80,4,1,0
BRDA:82,5,0,0
BRDA:82,5,1,0
BRDA:87,6,0,0
BRDA:87,6,1,0
BRF:14
BRH:0
end_of_record
TN:
SF:src\crypto\backup.ts
FN:76,ratePassphrase
FN:88,deriveKey
FN:100,encryptBackup
FN:126,decryptBackup
FN:150,isBackupEnvelope
FNF:5
FNH:5
FNDA:2,ratePassphrase
FNDA:22,deriveKey
FNDA:17,encryptBackup
FNDA:9,decryptBackup
FNDA:2,isBackupEnvelope
DA:18,2
DA:19,2
DA:20,2
DA:21,2
DA:22,2
DA:23,2
DA:77,2
DA:78,1
DA:79,1
DA:80,1
DA:81,1
DA:82,1
DA:83,1
DA:84,0
DA:85,0
DA:89,22
DA:90,22
DA:101,17
DA:102,3
DA:104,14
DA:105,14
DA:106,14
DA:107,14
DA:108,14
DA:109,14
DA:110,14
DA:118,14
DA:127,9
DA:128,1
DA:130,8
DA:131,8
DA:132,8
DA:133,8
DA:134,8
DA:135,8
DA:136,8
DA:137,4
DA:139,4
DA:140,4
DA:141,4
DA:142,0
DA:144,4
DA:146,8
DA:151,2
DA:152,2
DA:153,2
LF:46
LH:43
BRDA:77,0,0,1
BRDA:77,0,1,1
BRDA:79,1,0,1
BRDA:79,1,1,0
BRDA:80,2,0,1
BRDA:80,2,1,0
BRDA:81,3,0,1
BRDA:81,3,1,0
BRDA:82,4,0,0
BRDA:82,4,1,1
BRDA:83,5,0,1
BRDA:83,5,1,0
BRDA:83,6,0,1
BRDA:83,6,1,1
BRDA:84,7,0,0
BRDA:84,7,1,0
BRDA:84,8,0,0
BRDA:84,8,1,0
BRDA:101,9,0,3
BRDA:101,9,1,14
BRDA:127,10,0,1
BRDA:127,10,1,8
BRDA:136,11,0,4
BRDA:136,11,1,4
BRDA:141,12,0,0
BRDA:141,12,1,4
BRDA:141,13,0,4
BRDA:141,13,1,4
BRDA:141,13,2,4
BRDA:151,14,0,0
BRDA:151,14,1,2
BRDA:151,15,0,2
BRDA:151,15,1,2
BRDA:154,16,0,2
BRDA:154,16,1,1
BRDA:154,16,2,1
BRDA:154,16,3,1
BRF:37
BRH:26
end_of_record
TN:
SF:src\crypto\identity.ts
FN:27,generateKeyPair
FN:31,generateSigningKeyPair
FN:37,encodeBase32
FN:52,deriveAegisId
FN:59,createIdentity
FN:86,getProfilePublicKey
FN:101,signWithProfileKey
FN:115,identityFromStored
FNF:8
FNH:4
FNDA:83,generateKeyPair
FNDA:0,generateSigningKeyPair
FNDA:83,encodeBase32
FNDA:83,deriveAegisId
FNDA:83,createIdentity
FNDA:0,getProfilePublicKey
FNDA:0,signWithProfileKey
FNDA:0,identityFromStored
DA:6,5
DA:7,5
DA:28,83
DA:32,0
DA:35,5
DA:38,83
DA:39,581
DA:40,83
DA:41,83
DA:42,83
DA:43,0
DA:44,83
DA:45,83
DA:46,913
DA:47,913
DA:49,83
DA:53,83
DA:54,83
DA:55,83
DA:56,83
DA:60,83
DA:62,83
DA:63,83
DA:88,0
DA:89,0
DA:90,0
DA:92,0
DA:94,0
DA:105,0
DA:106,0
DA:107,0
DA:109,0
DA:110,0
DA:122,0
DA:123,0
DA:126,0
DA:133,0
LF:37
LH:21
BRDA:42,0,0,83
BRDA:42,0,1,0
BRDA:43,1,0,0
BRDA:43,1,1,0
BRDA:53,2,0,0
BRDA:53,2,1,83
BRDA:89,3,0,0
BRDA:89,3,1,0
BRDA:106,4,0,0
BRDA:106,4,1,0
BRDA:126,5,0,0
BRDA:126,5,1,0
BRDA:126,6,0,0
BRDA:126,6,1,0
BRDA:141,7,0,0
BRDA:141,7,1,0
BRDA:142,8,0,0
BRDA:142,8,1,0
BRF:18
BRH:2
end_of_record
TN:
SF:src\crypto\messaging.ts
FN:35,encryptMessage
FN:81,openEnvelope
FN:106,tryDecryptMessage
FN:145,cloneRatchetState
FNF:4
FNH:4
FNDA:129,encryptMessage
FNDA:22,openEnvelope
FNDA:12,tryDecryptMessage
FNDA:10,cloneRatchetState
DA:22,6
DA:43,129
DA:44,129
DA:47,129
DA:59,129
DA:60,1
DA:64,129
DA:66,129
DA:67,129
DA:69,129
DA:70,129
DA:72,129
DA:88,22
DA:89,22
DA:90,22
DA:92,0
DA:94,22
DA:96,21
DA:97,21
DA:99,15
DA:100,15
DA:101,15
DA:102,15
DA:103,15
DA:112,12
DA:113,12
DA:119,10
DA:121,10
DA:123,10
DA:128,10
DA:129,10
DA:131,10
DA:132,10
DA:134,8
DA:140,0
DA:146,10
DA:147,10
DA:148,10
LF:38
LH:36
BRDA:59,0,0,1
BRDA:59,0,1,128
BRDA:94,1,0,1
BRDA:94,1,1,21
BRDA:97,2,0,6
BRDA:97,2,1,15
BRDA:100,3,0,0
BRDA:100,3,1,15
BRDA:101,4,0,0
BRDA:101,4,1,15
BRDA:102,5,0,0
BRDA:102,5,1,15
BRDA:102,6,0,15
BRDA:102,6,1,15
BRDA:113,7,0,2
BRDA:113,7,1,10
BRDA:132,8,0,2
BRDA:132,8,1,8
BRDA:151,9,0,0
BRDA:151,9,1,10
BRDA:153,10,0,0
BRDA:153,10,1,10
BRDA:154,11,0,0
BRDA:154,11,1,10
BRDA:156,12,0,0
BRDA:156,12,1,10
BRF:26
BRH:19
end_of_record
TN:
SF:src\crypto\metadata.ts
FN:28,pickBucket
FN:40,stripAndPad
FN:92,unpad
FN:106,decodePad
FNF:4
FNH:3
FNDA:137,pickBucket
FNDA:134,stripAndPad
FNDA:17,unpad
FNDA:0,decodePad
DA:19,6
DA:24,6
DA:29,137
DA:30,170
DA:32,0
DA:41,134
DA:42,134
DA:43,406
DA:46,134
DA:47,134
DA:52,134
DA:53,134
DA:54,487
DA:55,487
DA:56,487
DA:57,487
DA:58,458
DA:59,126
DA:61,332
DA:62,332
DA:66,105
DA:67,105
DA:68,105
DA:69,105
DA:70,105
DA:71,105
DA:72,92
DA:73,92
DA:76,13
DA:77,13
DA:78,13
DA:80,0
DA:81,0
DA:82,0
DA:84,13
DA:85,13
DA:93,17
DA:94,17
DA:95,17
DA:96,17
DA:97,17
DA:99,0
DA:107,0
LF:43
LH:37
BRDA:30,0,0,137
BRDA:30,0,1,33
BRDA:43,1,0,403
BRDA:43,1,1,3
BRDA:57,2,0,29
BRDA:57,2,1,458
BRDA:58,3,0,126
BRDA:58,3,1,332
BRDA:62,4,0,0
BRDA:62,4,1,332
BRDA:70,5,0,0
BRDA:70,5,1,105
BRDA:71,6,0,92
BRDA:71,6,1,13
BRDA:78,7,0,0
BRDA:78,7,1,13
BRF:16
BRH:13
end_of_record
TN:
SF:src\crypto\onboarding.ts
FN:48,generateLocalIdentity
FN:53,generateInitialPreKeys
FN:84,buildRegistrationPayload
FN:97,runAnonymousOnboarding
FNF:4
FNH:4
FNDA:82,generateLocalIdentity
FNDA:82,generateInitialPreKeys
FNDA:82,buildRegistrationPayload
FNDA:82,runAnonymousOnboarding
DA:49,82
DA:50,82
DA:57,82
DA:63,82
DA:76,82
DA:81,82
DA:88,82
DA:93,82
DA:103,82
DA:104,82
DA:105,82
DA:106,82
LF:12
LH:12
BRDA:55,0,0,0
BRDA:73,1,0,82
BRDA:73,1,1,0
BRDA:97,2,0,0
BRF:4
BRH:1
end_of_record
TN:
SF:src\crypto\signal\kdf.ts
FN:5,hmacSHA256
FN:9,hkdfSHA256
FNF:2
FNH:2
FNDA:726,hmacSHA256
FNDA:172,hkdfSHA256
DA:6,726
DA:15,172
LF:2
LH:2
BRDA:13,0,0,0
BRF:1
BRH:0
end_of_record
TN:
SF:src\crypto\signal\ratchet.ts
FN:51,assertNonZeroDH
FN:59,zeroize
FN:67,parseSkippedN
FN:80,enforceSkippedKeyLimit
FN:86,(anonymous_4)
FN:101,trimOldSkippedKeys
FN:114,bytesEqual
FN:120,kdfRoot
FN:129,kdfChain
FN:136,initRatchet
FN:172,ratchetEncrypt
FN:204,trySkipMessageKeys
FN:225,dhRatchet
FN:262,ratchetDecrypt
FNF:14
FNH:12
FNDA:94,assertNonZeroDH
FNDA:936,zeroize
FNDA:0,parseSkippedN
FNDA:51,enforceSkippedKeyLimit
FNDA:0,(anonymous_4)
FNDA:2,trimOldSkippedKeys
FNDA:3,bytesEqual
FNDA:93,kdfRoot
FNDA:363,kdfChain
FNDA:85,initRatchet
FNDA:278,ratchetEncrypt
FNDA:52,trySkipMessageKeys
FNDA:26,dhRatchet
FNDA:33,ratchetDecrypt
DA:33,7
DA:34,7
DA:35,7
DA:43,7
DA:52,94
DA:53,3008
DA:54,94
DA:55,93
DA:60,32928
DA:68,0
DA:69,0
DA:70,0
DA:71,0
DA:81,51
DA:82,0
DA:83,0
DA:84,0
DA:86,0
DA:87,0
DA:88,0
DA:89,0
DA:90,0
DA:91,0
DA:92,0
DA:102,2
DA:103,2
DA:104,2
DA:105,0
DA:106,0
DA:107,0
DA:108,0
DA:115,3
DA:116,34
DA:117,1
DA:122,93
DA:123,93
DA:124,93
DA:125,93
DA:126,93
DA:131,363
DA:132,363
DA:133,363
DA:146,85
DA:149,85
DA:161,85
DA:163,43
DA:164,43
DA:165,43
DA:166,43
DA:167,43
DA:169,85
DA:177,278
DA:178,0
DA:181,278
DA:182,278
DA:183,278
DA:184,278
DA:188,278
DA:189,278
DA:191,278
DA:197,278
DA:199,278
DA:201,278
DA:207,52
DA:208,1
DA:210,51
DA:211,60
DA:212,60
DA:213,60
DA:214,60
DA:215,60
DA:217,60
DA:218,60
DA:219,60
DA:222,51
DA:228,26
DA:230,25
DA:231,25
DA:232,25
DA:233,25
DA:236,25
DA:237,25
DA:238,25
DA:239,25
DA:240,25
DA:241,25
DA:242,25
DA:243,25
DA:246,25
DA:247,25
DA:248,25
DA:251,25
DA:252,25
DA:253,25
DA:254,25
DA:255,25
DA:256,25
DA:257,25
DA:258,25
DA:259,25
DA:269,33
DA:270,33
DA:271,6
DA:272,6
DA:274,6
DA:275,6
DA:279,6
DA:281,6
DA:285,27
DA:286,26
DA:287,26
DA:290,26
DA:292,25
DA:293,25
DA:294,25
DA:295,25
DA:296,25
DA:297,25
DA:300,25
DA:301,25
DA:304,25
DA:306,25
LF:122
LH:103
BRDA:54,0,0,1
BRDA:54,0,1,93
BRDA:69,1,0,0
BRDA:69,1,1,0
BRDA:71,2,0,0
BRDA:71,2,1,0
BRDA:81,3,0,51
BRDA:81,3,1,0
BRDA:91,4,0,0
BRDA:91,4,1,0
BRDA:102,5,0,0
BRDA:102,5,1,2
BRDA:106,6,0,0
BRDA:106,6,1,0
BRDA:106,7,0,0
BRDA:106,7,1,0
BRDA:115,8,0,0
BRDA:115,8,1,3
BRDA:116,9,0,2
BRDA:116,9,1,32
BRDA:146,10,0,42
BRDA:146,10,1,43
BRDA:151,11,0,43
BRDA:151,11,1,42
BRDA:161,12,0,43
BRDA:161,12,1,42
BRDA:177,13,0,0
BRDA:177,13,1,278
BRDA:207,14,0,1
BRDA:207,14,1,51
BRDA:211,15,0,0
BRDA:211,15,1,60
BRDA:242,16,0,1
BRDA:242,16,1,24
BRDA:258,17,0,2
BRDA:258,17,1,23
BRDA:270,18,0,6
BRDA:270,18,1,27
BRDA:285,19,0,26
BRDA:285,19,1,1
BRDA:285,20,0,27
BRDA:285,20,1,3
BRDA:292,21,0,0
BRDA:292,21,1,25
BRF:44
BRH:28
end_of_record
TN:
SF:src\crypto\signal\x3dh.ts
FN:17,assertNonZeroDH
FN:49,performX3DH
FN:119,performX3DHReceiver
FN:153,generatePreKeys
FNF:4
FNH:4
FNDA:318,assertNonZeroDH
FNDA:43,performX3DH
FNDA:39,performX3DHReceiver
FNDA:85,generatePreKeys
DA:18,318
DA:19,10176
DA:20,318
DA:21,1
DA:23,317
DA:53,43
DA:54,43
DA:55,43
DA:61,43
DA:62,1
DA:64,42
DA:65,42
DA:66,0
DA:68,42
DA:69,0
DA:71,42
DA:72,42
DA:73,1
DA:77,41
DA:83,41
DA:84,41
DA:85,40
DA:88,40
DA:89,40
DA:90,40
DA:91,40
DA:92,40
DA:93,40
DA:95,40
DA:96,40
DA:97,40
DA:98,40
DA:99,40
DA:100,40
DA:101,40
DA:105,40
DA:106,40
DA:107,40
DA:109,40
DA:127,39
DA:128,39
DA:129,39
DA:132,39
DA:133,39
DA:134,39
DA:135,39
DA:136,39
DA:137,39
DA:139,39
DA:140,39
DA:141,39
DA:142,39
DA:143,39
DA:144,39
DA:147,39
DA:148,39
DA:150,39
DA:160,85
DA:161,85
DA:163,85
DA:164,85
DA:166,85
DA:167,690
DA:168,690
DA:169,690
DA:173,690
DA:176,85
LF:67
LH:65
BRDA:20,0,0,1
BRDA:20,0,1,317
BRDA:61,1,0,1
BRDA:61,1,1,42
BRDA:65,2,0,0
BRDA:65,2,1,42
BRDA:68,3,0,0
BRDA:68,3,1,42
BRDA:72,4,0,1
BRDA:72,4,1,41
BRDA:95,5,0,40
BRDA:95,5,1,0
BRDA:139,6,0,39
BRDA:139,6,1,0
BRDA:155,7,0,3
BRDA:156,8,0,3
BRDA:157,9,0,85
BRF:17
BRH:13
end_of_record
TN:
SF:src\screens\Call.tsx
FN:22,CallScreen
FN:26,(anonymous_1)
FN:27,(anonymous_2)
FN:28,(anonymous_3)
FN:29,(anonymous_4)
FN:30,(anonymous_5)
FN:31,(anonymous_6)
FN:32,(anonymous_7)
FN:33,(anonymous_8)
FN:35,(anonymous_9)
FN:41,(anonymous_10)
FN:45,(anonymous_11)
FN:55,(anonymous_12)
FN:136,(anonymous_13)
FN:186,(anonymous_14)
FN:202,(anonymous_15)
FN:239,(anonymous_16)
FN:240,(anonymous_17)
FN:266,(anonymous_18)
FN:274,labelFor
FN:291,formatDuration
FN:298,CircleBtn
FN:323,(anonymous_22)
FN:357,IconGlyph
FNF:24
FNH:19
FNDA:2,CallScreen
FNDA:2,(anonymous_1)
FNDA:2,(anonymous_2)
FNDA:2,(anonymous_3)
FNDA:2,(anonymous_4)
FNDA:2,(anonymous_5)
FNDA:2,(anonymous_6)
FNDA:2,(anonymous_7)
FNDA:2,(anonymous_8)
FNDA:2,(anonymous_9)
FNDA:2,(anonymous_10)
FNDA:16,(anonymous_11)
FNDA:2,(anonymous_12)
FNDA:0,(anonymous_13)
FNDA:16,(anonymous_14)
FNDA:0,(anonymous_15)
FNDA:0,(anonymous_16)
FNDA:0,(anonymous_17)
FNDA:0,(anonymous_18)
FNDA:2,labelFor
FNDA:2,formatDuration
FNDA:6,CircleBtn
FNDA:6,(anonymous_22)
FNDA:6,IconGlyph
DA:8,1
DA:23,2
DA:24,2
DA:25,2
DA:26,2
DA:27,2
DA:28,2
DA:29,2
DA:30,2
DA:31,2
DA:32,2
DA:33,2
DA:35,2
DA:36,2
DA:37,2
DA:38,2
DA:41,2
DA:42,2
DA:43,2
DA:44,2
DA:45,2
DA:46,16
DA:47,16
DA:50,0
DA:55,2
DA:56,2
DA:59,2
DA:62,2
DA:64,2
DA:136,0
DA:187,16
DA:203,0
DA:204,0
DA:205,0
DA:239,0
DA:240,0
DA:266,0
DA:275,2
DA:277,0
DA:279,0
DA:281,0
DA:283,2
DA:285,0
DA:287,0
DA:292,2
DA:293,2
DA:294,2
DA:295,2
DA:317,6
DA:323,6
DA:359,6
DA:360,6
DA:362,6
DA:363,6
DA:370,1
LF:55
LH:42
BRDA:8,0,0,0
BRDA:8,0,1,1
BRDA:35,1,0,2
BRDA:35,1,1,0
BRDA:37,2,0,2
BRDA:37,2,1,0
BRDA:37,2,2,0
BRDA:38,3,0,2
BRDA:38,3,1,0
BRDA:42,4,0,0
BRDA:42,4,1,2
BRDA:42,5,0,2
BRDA:42,5,1,2
BRDA:47,6,0,16
BRDA:47,6,1,0
BRDA:56,7,0,0
BRDA:56,7,1,2
BRDA:62,8,0,2
BRDA:62,8,1,2
BRDA:62,8,2,0
BRDA:65,9,0,2
BRDA:65,9,1,0
BRDA:67,10,0,2
BRDA:67,10,1,0
BRDA:67,10,2,0
BRDA:76,11,0,2
BRDA:76,11,1,2
BRDA:76,11,2,0
BRDA:76,11,3,0
BRDA:92,12,0,0
BRDA:92,12,1,0
BRDA:105,13,0,2
BRDA:105,13,1,2
BRDA:126,14,0,2
BRDA:126,14,1,0
BRDA:160,15,0,2
BRDA:160,15,1,0
BRDA:169,16,0,2
BRDA:169,16,1,0
BRDA:169,17,0,2
BRDA:169,17,1,2
BRDA:200,18,0,0
BRDA:200,18,1,2
BRDA:200,19,0,2
BRDA:200,19,1,2
BRDA:200,19,2,0
BRDA:237,20,0,0
BRDA:237,20,1,2
BRDA:246,21,0,2
BRDA:246,21,1,0
BRDA:249,22,0,2
BRDA:249,22,1,0
BRDA:250,23,0,2
BRDA:250,23,1,0
BRDA:254,24,0,2
BRDA:254,24,1,2
BRDA:257,25,0,0
BRDA:257,25,1,2
BRDA:260,26,0,0
BRDA:260,26,1,2
BRDA:261,27,0,0
BRDA:261,27,1,2
BRDA:275,28,0,0
BRDA:275,28,1,0
BRDA:275,28,2,0
BRDA:275,28,3,2
BRDA:275,28,4,0
BRDA:275,28,5,0
BRDA:283,29,0,2
BRDA:283,29,1,0
BRDA:304,30,0,2
BRDA:321,31,0,6
BRDA:321,31,1,2
BRDA:325,32,0,0
BRDA:325,32,1,6
BRDA:333,33,0,4
BRDA:333,33,1,2
BRDA:334,34,0,4
BRDA:334,34,1,2
BRDA:340,35,0,4
BRDA:340,35,1,2
BRDA:359,36,0,0
BRDA:359,36,1,6
BRDA:360,37,0,0
BRDA:360,37,1,6
BRDA:362,38,0,2
BRDA:362,38,1,4
BRDA:362,39,0,2
BRDA:362,39,1,2
BRDA:364,40,0,2
BRDA:364,40,1,4
BRF:91
BRH:54
end_of_record
TN:
SF:src\screens\Chat.tsx
FN:51,ChatScreen
FN:58,(anonymous_1)
FN:58,(anonymous_2)
FN:59,(anonymous_3)
FN:60,(anonymous_4)
FN:61,(anonymous_5)
FN:62,(anonymous_6)
FN:63,(anonymous_7)
FN:64,(anonymous_8)
FN:65,(anonymous_9)
FN:66,(anonymous_10)
FN:67,(anonymous_11)
FN:68,(anonymous_12)
FN:69,(anonymous_13)
FN:70,(anonymous_14)
FN:71,(anonymous_15)
FN:83,(anonymous_16)
FN:84,(anonymous_17)
FN:86,(anonymous_18)
FN:87,(anonymous_19)
FN:91,(anonymous_20)
FN:93,(anonymous_21)
FN:106,(anonymous_22)
FN:109,(anonymous_23)
FN:116,(anonymous_24)
FN:123,(anonymous_25)
FN:125,(anonymous_26)
FN:132,(anonymous_27)
FN:135,(anonymous_28)
FN:136,(anonymous_29)
FN:143,(anonymous_30)
FN:144,(anonymous_31)
FN:153,(anonymous_32)
FN:158,(anonymous_33)
FN:178,handleCall
FN:195,(anonymous_35)
FN:199,(anonymous_36)
FN:201,(anonymous_37)
FN:207,(anonymous_38)
FN:210,(anonymous_39)
FN:226,handleDraftChange
FN:230,(anonymous_41)
FN:235,(anonymous_42)
FN:239,handleSend
FN:296,handleLongPress
FN:301,handleReply
FN:306,handleStar
FN:311,handleDelete
FN:318,(anonymous_48)
FN:323,handleDeleteForAll
FN:334,(anonymous_50)
FN:343,handleReact
FN:349,(anonymous_52)
FN:349,(anonymous_53)
FN:416,(anonymous_54)
FN:423,(anonymous_55)
FN:449,(anonymous_56)
FN:502,(anonymous_57)
FN:510,(anonymous_58)
FN:539,(anonymous_59)
FN:540,(anonymous_60)
FN:564,(anonymous_61)
FN:596,(anonymous_62)
FN:598,(anonymous_63)
FN:601,(anonymous_64)
FN:607,(anonymous_65)
FN:617,(anonymous_66)
FN:622,(anonymous_67)
FN:623,(anonymous_68)
FN:701,(anonymous_69)
FN:729,(anonymous_70)
FN:765,(anonymous_71)
FN:793,(anonymous_72)
FN:795,(anonymous_73)
FN:797,(anonymous_74)
FN:806,(anonymous_75)
FN:815,parseLocationMessage
FN:840,Bubble
FN:846,(anonymous_78)
FN:881,(anonymous_79)
FN:884,(anonymous_80)
FN:887,(anonymous_81)
FN:957,(anonymous_82)
FN:996,(anonymous_83)
FN:997,(anonymous_84)
FN:1038,(anonymous_85)
FN:1110,(anonymous_86)
FN:1143,(anonymous_87)
FN:1147,(anonymous_88)
FN:1170,(anonymous_89)
FN:1214,ReactionPills
FN:1218,(anonymous_91)
FN:1243,TimestampRow
FN:1277,AudioBubble
FN:1295,togglePlay
FN:1298,(anonymous_95)
FN:1299,(anonymous_96)
FN:1311,(anonymous_97)
FN:1336,(anonymous_98)
FNF:99
FNH:41
FNDA:7,ChatScreen
FNDA:7,(anonymous_1)
FNDA:7,(anonymous_2)
FNDA:7,(anonymous_3)
FNDA:7,(anonymous_4)
FNDA:7,(anonymous_5)
FNDA:7,(anonymous_6)
FNDA:7,(anonymous_7)
FNDA:7,(anonymous_8)
FNDA:7,(anonymous_9)
FNDA:7,(anonymous_10)
FNDA:7,(anonymous_11)
FNDA:7,(anonymous_12)
FNDA:7,(anonymous_13)
FNDA:7,(anonymous_14)
FNDA:7,(anonymous_15)
FNDA:7,(anonymous_16)
FNDA:7,(anonymous_17)
FNDA:7,(anonymous_18)
FNDA:7,(anonymous_19)
FNDA:7,(anonymous_20)
FNDA:7,(anonymous_21)
FNDA:7,(anonymous_22)
FNDA:7,(anonymous_23)
FNDA:7,(anonymous_24)
FNDA:7,(anonymous_25)
FNDA:2,(anonymous_26)
FNDA:7,(anonymous_27)
FNDA:0,(anonymous_28)
FNDA:0,(anonymous_29)
FNDA:7,(anonymous_30)
FNDA:7,(anonymous_31)
FNDA:7,(anonymous_32)
FNDA:0,(anonymous_33)
FNDA:0,handleCall
FNDA:0,(anonymous_35)
FNDA:0,(anonymous_36)
FNDA:0,(anonymous_37)
FNDA:0,(anonymous_38)
FNDA:0,(anonymous_39)
FNDA:0,handleDraftChange
FNDA:0,(anonymous_41)
FNDA:0,(anonymous_42)
FNDA:0,handleSend
FNDA:0,handleLongPress
FNDA:0,handleReply
FNDA:0,handleStar
FNDA:0,handleDelete
FNDA:0,(anonymous_48)
FNDA:0,handleDeleteForAll
FNDA:0,(anonymous_50)
FNDA:0,handleReact
FNDA:7,(anonymous_52)
FNDA:2,(anonymous_53)
FNDA:0,(anonymous_54)
FNDA:0,(anonymous_55)
FNDA:0,(anonymous_56)
FNDA:0,(anonymous_57)
FNDA:0,(anonymous_58)
FNDA:0,(anonymous_59)
FNDA:0,(anonymous_60)
FNDA:0,(anonymous_61)
FNDA:6,(anonymous_62)
FNDA:2,(anonymous_63)
FNDA:0,(anonymous_64)
FNDA:0,(anonymous_65)
FNDA:0,(anonymous_66)
FNDA:0,(anonymous_67)
FNDA:0,(anonymous_68)
FNDA:0,(anonymous_69)
FNDA:0,(anonymous_70)
FNDA:7,(anonymous_71)
FNDA:0,(anonymous_72)
FNDA:0,(anonymous_73)
FNDA:0,(anonymous_74)
FNDA:0,(anonymous_75)
FNDA:1,parseLocationMessage
FNDA:2,Bubble
FNDA:0,(anonymous_78)
FNDA:0,(anonymous_79)
FNDA:0,(anonymous_80)
FNDA:0,(anonymous_81)
FNDA:0,(anonymous_82)
FNDA:0,(anonymous_83)
FNDA:0,(anonymous_84)
FNDA:0,(anonymous_85)
FNDA:0,(anonymous_86)
FNDA:0,(anonymous_87)
FNDA:0,(anonymous_88)
FNDA:1,(anonymous_89)
FNDA:1,ReactionPills
FNDA:0,(anonymous_91)
FNDA:1,TimestampRow
FNDA:0,AudioBubble
FNDA:0,togglePlay
FNDA:0,(anonymous_95)
FNDA:0,(anonymous_96)
FNDA:0,(anonymous_97)
FNDA:0,(anonymous_98)
DA:40,1
DA:52,7
DA:53,7
DA:54,7
DA:55,7
DA:58,7
DA:59,7
DA:60,7
DA:61,7
DA:62,7
DA:63,7
DA:64,7
DA:65,7
DA:66,7
DA:67,7
DA:68,7
DA:69,7
DA:70,7
DA:71,7
DA:73,7
DA:74,7
DA:76,7
DA:77,7
DA:78,7
DA:79,7
DA:80,7
DA:81,7
DA:82,7
DA:83,7
DA:84,7
DA:85,7
DA:86,7
DA:87,7
DA:88,7
DA:91,7
DA:92,7
DA:93,7
DA:94,7
DA:95,7
DA:96,7
DA:97,7
DA:98,0
DA:99,0
DA:100,0
DA:103,0
DA:106,7
DA:109,7
DA:110,7
DA:111,7
DA:114,7
DA:115,7
DA:116,7
DA:117,7
DA:121,7
DA:123,7
DA:124,7
DA:125,2
DA:129,7
DA:132,7
DA:133,7
DA:134,0
DA:135,0
DA:136,0
DA:137,0
DA:138,0
DA:139,0
DA:143,7
DA:144,7
DA:145,7
DA:146,7
DA:147,7
DA:153,7
DA:154,7
DA:155,0
DA:156,0
DA:157,0
DA:158,0
DA:159,0
DA:160,0
DA:162,0
DA:167,0
DA:170,0
DA:172,0
DA:179,0
DA:180,0
DA:181,0
DA:183,0
DA:184,0
DA:185,0
DA:187,0
DA:188,0
DA:196,0
DA:197,0
DA:198,0
DA:199,0
DA:200,0
DA:201,0
DA:208,0
DA:209,0
DA:210,0
DA:211,0
DA:217,0
DA:219,0
DA:220,0
DA:222,0
DA:227,0
DA:229,0
DA:230,0
DA:231,0
DA:232,0
DA:233,0
DA:234,0
DA:235,0
DA:240,0
DA:241,0
DA:242,0
DA:243,0
DA:245,0
DA:246,0
DA:247,0
DA:248,0
DA:249,0
DA:250,0
DA:251,0
DA:252,0
DA:253,0
DA:254,0
DA:256,0
DA:258,0
DA:259,0
DA:260,0
DA:269,0
DA:270,0
DA:271,0
DA:280,0
DA:281,0
DA:290,0
DA:292,0
DA:297,0
DA:298,0
DA:302,0
DA:303,0
DA:307,0
DA:308,0
DA:312,0
DA:313,0
DA:318,0
DA:324,0
DA:325,0
DA:326,0
DA:335,0
DA:336,0
DA:344,0
DA:345,0
DA:348,7
DA:349,7
DA:353,7
DA:416,0
DA:423,0
DA:450,0
DA:451,0
DA:452,0
DA:503,0
DA:511,0
DA:512,0
DA:513,0
DA:540,0
DA:541,0
DA:564,0
DA:596,6
DA:599,2
DA:602,0
DA:607,0
DA:617,0
DA:622,0
DA:624,0
DA:701,0
DA:729,0
DA:765,7
DA:793,0
DA:795,0
DA:797,0
DA:806,0
DA:816,1
DA:817,0
DA:818,0
DA:819,0
DA:820,0
DA:841,2
DA:842,2
DA:843,2
DA:844,2
DA:845,2
DA:846,2
DA:848,2
DA:849,1
DA:876,1
DA:877,0
DA:882,0
DA:883,0
DA:884,0
DA:887,0
DA:946,1
DA:947,0
DA:951,1
DA:952,0
DA:953,0
DA:957,0
DA:983,1
DA:984,0
DA:985,0
DA:986,0
DA:988,0
DA:992,0
DA:996,0
DA:997,0
DA:1033,1
DA:1034,0
DA:1038,0
DA:1059,1
DA:1060,0
DA:1061,0
DA:1062,0
DA:1063,0
DA:1064,0
DA:1066,0
DA:1069,0
DA:1070,0
DA:1101,1
DA:1102,1
DA:1103,0
DA:1104,0
DA:1105,0
DA:1106,0
DA:1110,0
DA:1144,0
DA:1145,0
DA:1147,0
DA:1166,1
DA:1170,1
DA:1215,1
DA:1216,0
DA:1219,0
DA:1252,1
DA:1253,1
DA:1288,0
DA:1289,0
DA:1290,0
DA:1293,0
DA:1296,0
DA:1297,0
DA:1298,0
DA:1299,0
DA:1300,0
DA:1301,0
DA:1302,0
DA:1303,0
DA:1305,0
DA:1306,0
DA:1307,0
DA:1308,0
DA:1312,0
DA:1313,0
DA:1314,0
DA:1315,0
DA:1316,0
DA:1317,0
DA:1321,0
DA:1322,0
DA:1323,0
DA:1326,0
DA:1327,0
DA:1328,0
DA:1332,0
DA:1336,0
DA:1376,1
LF:276
LH:92
BRDA:58,0,0,7
BRDA:58,0,1,0
BRDA:59,1,0,7
BRDA:59,1,1,5
BRDA:65,2,0,7
BRDA:65,2,1,7
BRDA:71,3,0,7
BRDA:71,3,1,7
BRDA:84,4,0,7
BRDA:84,4,1,7
BRDA:97,5,0,0
BRDA:97,5,1,7
BRDA:97,6,0,7
BRDA:97,6,1,7
BRDA:103,7,0,0
BRDA:103,7,1,0
BRDA:124,8,0,2
BRDA:124,8,1,5
BRDA:124,9,0,7
BRDA:124,9,1,2
BRDA:133,10,0,7
BRDA:133,10,1,0
BRDA:133,11,0,7
BRDA:133,11,1,6
BRDA:135,12,0,0
BRDA:135,12,1,0
BRDA:135,12,2,0
BRDA:137,13,0,0
BRDA:137,13,1,0
BRDA:145,14,0,0
BRDA:145,14,1,7
BRDA:146,15,0,0
BRDA:146,15,1,7
BRDA:154,16,0,7
BRDA:154,16,1,0
BRDA:179,17,0,0
BRDA:179,17,1,0
BRDA:183,18,0,0
BRDA:183,18,1,0
BRDA:183,19,0,0
BRDA:183,19,1,0
BRDA:187,20,0,0
BRDA:187,20,1,0
BRDA:229,21,0,0
BRDA:229,21,1,0
BRDA:231,22,0,0
BRDA:231,22,1,0
BRDA:231,23,0,0
BRDA:231,23,1,0
BRDA:233,24,0,0
BRDA:233,24,1,0
BRDA:234,25,0,0
BRDA:234,25,1,0
BRDA:240,26,0,0
BRDA:240,26,1,0
BRDA:240,27,0,0
BRDA:240,27,1,0
BRDA:243,28,0,0
BRDA:243,28,1,0
BRDA:243,29,0,0
BRDA:243,29,1,0
BRDA:251,30,0,0
BRDA:251,30,1,0
BRDA:252,31,0,0
BRDA:252,31,1,0
BRDA:258,32,0,0
BRDA:258,32,1,0
BRDA:280,33,0,0
BRDA:280,33,1,0
BRDA:297,34,0,0
BRDA:297,34,1,0
BRDA:302,35,0,0
BRDA:302,35,1,0
BRDA:307,36,0,0
BRDA:307,36,1,0
BRDA:312,37,0,0
BRDA:312,37,1,0
BRDA:324,38,0,0
BRDA:324,38,1,0
BRDA:344,39,0,0
BRDA:344,39,1,0
BRDA:344,40,0,0
BRDA:344,40,1,0
BRDA:356,41,0,7
BRDA:356,41,1,0
BRDA:369,42,0,7
BRDA:369,42,1,7
BRDA:369,43,0,7
BRDA:369,43,1,7
BRDA:374,44,0,0
BRDA:374,44,1,7
BRDA:383,45,0,0
BRDA:383,45,1,7
BRDA:387,46,0,0
BRDA:387,46,1,7
BRDA:395,47,0,0
BRDA:395,47,1,0
BRDA:399,48,0,7
BRDA:399,48,1,0
BRDA:404,49,0,7
BRDA:404,49,1,0
BRDA:408,50,0,7
BRDA:408,50,1,0
BRDA:418,51,0,0
BRDA:418,51,1,7
BRDA:425,52,0,0
BRDA:425,52,1,7
BRDA:432,53,0,1
BRDA:432,53,1,6
BRDA:452,54,0,0
BRDA:452,54,1,0
BRDA:452,55,0,0
BRDA:452,55,1,0
BRDA:462,56,0,0
BRDA:462,56,1,7
BRDA:469,57,0,0
BRDA:469,57,1,0
BRDA:470,58,0,0
BRDA:470,58,1,0
BRDA:471,59,0,0
BRDA:471,59,1,0
BRDA:473,60,0,0
BRDA:473,60,1,0
BRDA:478,61,0,0
BRDA:478,61,1,0
BRDA:479,62,0,0
BRDA:479,62,1,0
BRDA:484,63,0,0
BRDA:484,63,1,0
BRDA:490,64,0,0
BRDA:490,64,1,0
BRDA:496,65,0,0
BRDA:496,65,1,0
BRDA:497,66,0,0
BRDA:497,66,1,0
BRDA:500,67,0,0
BRDA:500,67,1,0
BRDA:537,68,0,0
BRDA:537,68,1,7
BRDA:537,69,0,7
BRDA:537,69,1,0
BRDA:541,70,0,0
BRDA:541,70,1,0
BRDA:549,71,0,0
BRDA:549,71,1,0
BRDA:600,72,0,2
BRDA:600,72,1,1
BRDA:616,73,0,0
BRDA:616,73,1,2
BRDA:637,74,0,0
BRDA:637,74,1,7
BRDA:641,75,0,0
BRDA:641,75,1,7
BRDA:659,76,0,0
BRDA:659,76,1,7
BRDA:659,77,0,7
BRDA:659,77,1,0
BRDA:680,78,0,0
BRDA:680,78,1,7
BRDA:699,79,0,0
BRDA:699,79,1,0
BRDA:699,80,0,0
BRDA:699,80,1,0
BRDA:699,81,0,0
BRDA:699,81,1,0
BRDA:708,82,0,7
BRDA:708,82,1,0
BRDA:719,83,0,7
BRDA:719,83,1,0
BRDA:719,83,2,0
BRDA:741,84,0,6
BRDA:741,84,1,1
BRDA:752,85,0,7
BRDA:752,85,1,0
BRDA:763,86,0,7
BRDA:763,86,1,7
BRDA:763,86,2,0
BRDA:763,86,3,0
BRDA:769,87,0,0
BRDA:769,87,1,7
BRDA:769,88,0,7
BRDA:769,88,1,7
BRDA:769,88,2,0
BRDA:772,89,0,0
BRDA:772,89,1,7
BRDA:775,90,0,0
BRDA:775,90,1,7
BRDA:778,91,0,0
BRDA:778,91,1,7
BRDA:778,92,0,7
BRDA:778,92,1,7
BRDA:778,92,2,0
BRDA:789,93,0,7
BRDA:789,93,1,7
BRDA:790,94,0,7
BRDA:790,94,1,7
BRDA:791,95,0,7
BRDA:791,95,1,7
BRDA:795,96,0,0
BRDA:795,96,1,0
BRDA:797,97,0,0
BRDA:797,97,1,0
BRDA:799,98,0,0
BRDA:799,98,1,7
BRDA:805,99,0,7
BRDA:805,99,1,7
BRDA:816,100,0,1
BRDA:816,100,1,0
BRDA:819,101,0,0
BRDA:819,101,1,0
BRDA:824,102,0,0
BRDA:824,102,1,0
BRDA:825,103,0,0
BRDA:825,103,1,0
BRDA:844,104,0,2
BRDA:844,104,1,2
BRDA:845,105,0,1
BRDA:845,105,1,1
BRDA:846,106,0,2
BRDA:846,106,1,0
BRDA:848,107,0,1
BRDA:848,107,1,1
BRDA:850,108,0,1
BRDA:850,108,1,0
BRDA:857,109,0,1
BRDA:857,109,1,0
BRDA:858,110,0,1
BRDA:858,110,1,0
BRDA:876,111,0,0
BRDA:876,111,1,1
BRDA:878,112,0,0
BRDA:878,112,1,0
BRDA:882,113,0,0
BRDA:882,113,1,0
BRDA:882,114,0,0
BRDA:882,114,1,0
BRDA:890,115,0,0
BRDA:890,115,1,0
BRDA:891,116,0,0
BRDA:891,116,1,0
BRDA:896,117,0,0
BRDA:896,117,1,0
BRDA:896,118,0,0
BRDA:896,118,1,0
BRDA:907,119,0,0
BRDA:907,119,1,0
BRDA:940,120,0,0
BRDA:940,120,1,0
BRDA:946,121,0,0
BRDA:946,121,1,1
BRDA:946,122,0,1
BRDA:946,122,1,0
BRDA:951,123,0,0
BRDA:951,123,1,1
BRDA:952,124,0,0
BRDA:952,124,1,0
BRDA:954,125,0,0
BRDA:954,125,1,0
BRDA:959,126,0,0
BRDA:959,126,1,0
BRDA:963,127,0,0
BRDA:963,127,1,0
BRDA:964,128,0,0
BRDA:964,128,1,0
BRDA:968,129,0,0
BRDA:968,129,1,0
BRDA:968,130,0,0
BRDA:968,130,1,0
BRDA:971,131,0,0
BRDA:971,131,1,0
BRDA:972,132,0,0
BRDA:972,132,1,0
BRDA:977,133,0,0
BRDA:977,133,1,0
BRDA:983,134,0,0
BRDA:983,134,1,1
BRDA:983,135,0,1
BRDA:983,135,1,1
BRDA:983,135,2,1
BRDA:988,136,0,0
BRDA:988,136,1,0
BRDA:989,137,0,0
BRDA:989,137,1,0
BRDA:993,138,0,0
BRDA:993,138,1,0
BRDA:996,139,0,0
BRDA:996,139,1,0
BRDA:996,140,0,0
BRDA:996,140,1,0
BRDA:996,140,2,0
BRDA:996,140,3,0
BRDA:1001,141,0,0
BRDA:1001,141,1,0
BRDA:1005,142,0,0
BRDA:1005,142,1,0
BRDA:1006,143,0,0
BRDA:1006,143,1,0
BRDA:1009,144,0,0
BRDA:1009,144,1,0
BRDA:1013,145,0,0
BRDA:1013,145,1,0
BRDA:1015,146,0,0
BRDA:1015,146,1,0
BRDA:1016,147,0,0
BRDA:1016,147,1,0
BRDA:1017,148,0,0
BRDA:1017,148,1,0
BRDA:1018,149,0,0
BRDA:1018,149,1,0
BRDA:1021,150,0,0
BRDA:1021,150,1,0
BRDA:1022,151,0,0
BRDA:1022,151,1,0
BRDA:1023,152,0,0
BRDA:1023,152,1,0
BRDA:1023,153,0,0
BRDA:1023,153,1,0
BRDA:1027,154,0,0
BRDA:1027,154,1,0
BRDA:1033,155,0,0
BRDA:1033,155,1,1
BRDA:1033,156,0,1
BRDA:1033,156,1,0
BRDA:1035,157,0,0
BRDA:1035,157,1,0
BRDA:1040,158,0,0
BRDA:1040,158,1,0
BRDA:1041,159,0,0
BRDA:1041,159,1,0
BRDA:1043,160,0,0
BRDA:1043,160,1,0
BRDA:1043,161,0,0
BRDA:1043,161,1,0
BRDA:1053,162,0,0
BRDA:1053,162,1,0
BRDA:1059,163,0,0
BRDA:1059,163,1,1
BRDA:1061,164,0,0
BRDA:1061,164,1,0
BRDA:1062,165,0,0
BRDA:1062,165,1,0
BRDA:1063,166,0,0
BRDA:1063,166,1,0
BRDA:1064,167,0,0
BRDA:1064,167,1,0
BRDA:1066,168,0,0
BRDA:1066,168,1,0
BRDA:1067,169,0,0
BRDA:1067,169,1,0
BRDA:1068,170,0,0
BRDA:1068,170,1,0
BRDA:1069,171,0,0
BRDA:1069,171,1,0
BRDA:1082,172,0,0
BRDA:1082,172,1,0
BRDA:1085,173,0,0
BRDA:1085,173,1,0
BRDA:1086,174,0,0
BRDA:1086,174,1,0
BRDA:1089,175,0,0
BRDA:1089,175,1,0
BRDA:1089,175,2,0
BRDA:1102,176,0,0
BRDA:1102,176,1,1
BRDA:1105,177,0,0
BRDA:1105,177,1,0
BRDA:1107,178,0,0
BRDA:1107,178,1,0
BRDA:1112,179,0,0
BRDA:1112,179,1,0
BRDA:1114,180,0,0
BRDA:1114,180,1,0
BRDA:1115,181,0,0
BRDA:1115,181,1,0
BRDA:1117,182,0,0
BRDA:1117,182,1,0
BRDA:1117,183,0,0
BRDA:1117,183,1,0
BRDA:1132,184,0,0
BRDA:1132,184,1,0
BRDA:1141,185,0,0
BRDA:1141,185,1,0
BRDA:1150,186,0,0
BRDA:1150,186,1,0
BRDA:1160,187,0,0
BRDA:1160,187,1,0
BRDA:1167,188,0,1
BRDA:1167,188,1,0
BRDA:1172,189,0,1
BRDA:1172,189,1,0
BRDA:1174,190,0,0
BRDA:1174,190,1,1
BRDA:1177,191,0,1
BRDA:1177,191,1,0
BRDA:1178,192,0,1
BRDA:1178,192,1,0
BRDA:1179,193,0,0
BRDA:1179,193,1,1
BRDA:1179,194,0,0
BRDA:1179,194,1,1
BRDA:1183,195,0,0
BRDA:1183,195,1,1
BRDA:1193,196,0,0
BRDA:1193,196,1,0
BRDA:1194,197,0,0
BRDA:1194,197,1,0
BRDA:1196,198,0,0
BRDA:1196,198,1,0
BRDA:1202,199,0,1
BRDA:1202,199,1,0
BRDA:1207,200,0,1
BRDA:1207,200,1,0
BRDA:1215,201,0,1
BRDA:1215,201,1,0
BRDA:1217,202,0,0
BRDA:1217,202,1,0
BRDA:1234,203,0,0
BRDA:1234,203,1,0
BRDA:1255,204,0,0
BRDA:1255,204,1,1
BRDA:1256,205,0,0
BRDA:1256,205,1,1
BRDA:1266,206,0,1
BRDA:1266,206,1,0
BRDA:1266,207,0,1
BRDA:1266,207,1,1
BRDA:1267,208,0,0
BRDA:1267,208,1,1
BRDA:1267,209,0,1
BRDA:1267,209,1,1
BRDA:1268,210,0,0
BRDA:1268,210,1,0
BRDA:1293,211,0,0
BRDA:1293,211,1,0
BRDA:1296,212,0,0
BRDA:1296,212,1,0
BRDA:1297,213,0,0
BRDA:1297,213,1,0
BRDA:1312,214,0,0
BRDA:1312,214,1,0
BRDA:1313,215,0,0
BRDA:1313,215,1,0
BRDA:1314,216,0,0
BRDA:1314,216,1,0
BRDA:1326,217,0,0
BRDA:1326,217,1,0
BRDA:1328,218,0,0
BRDA:1328,218,1,0
BRDA:1333,219,0,0
BRDA:1333,219,1,0
BRDA:1341,220,0,0
BRDA:1341,220,1,0
BRDA:1345,221,0,0
BRDA:1345,221,1,0
BRDA:1346,222,0,0
BRDA:1346,222,1,0
BRDA:1347,223,0,0
BRDA:1347,223,1,0
BRDA:1347,224,0,0
BRDA:1347,224,1,0
BRDA:1352,225,0,0
BRDA:1352,225,1,0
BRDA:1355,226,0,0
BRDA:1355,226,1,0
BRDA:1356,227,0,0
BRDA:1356,227,1,0
BRDA:1357,228,0,0
BRDA:1357,228,1,0
BRDA:1361,229,0,0
BRDA:1361,229,1,0
BRDA:1362,230,0,0
BRDA:1362,230,1,0
BRDA:1364,231,0,0
BRDA:1364,231,1,0
BRDA:1368,232,0,0
BRDA:1368,232,1,0
BRDA:1371,233,0,0
BRDA:1371,233,1,0
BRF:478
BRH:114
end_of_record
TN:
SF:src\screens\Onboarding.tsx
FN:35,OnboardingScreen
FN:51,handleGenerate
FN:63,(anonymous_2)
FN:65,(anonymous_3)
FN:66,(anonymous_4)
FN:70,(anonymous_5)
FN:77,(anonymous_6)
FN:78,(anonymous_7)
FN:82,handleEnter
FN:134,(anonymous_9)
FN:197,(anonymous_10)
FN:224,(anonymous_11)
FN:236,(anonymous_12)
FN:285,Label
FN:293,KeySpinner
FN:295,(anonymous_15)
FN:300,(anonymous_16)
FN:319,ProgressBar
FN:321,(anonymous_18)
FNF:19
FNH:14
FNDA:17,OnboardingScreen
FNDA:4,handleGenerate
FNDA:13,(anonymous_2)
FNDA:0,(anonymous_3)
FNDA:4,(anonymous_4)
FNDA:13,(anonymous_5)
FNDA:2,(anonymous_6)
FNDA:0,(anonymous_7)
FNDA:0,handleEnter
FNDA:0,(anonymous_9)
FNDA:2,(anonymous_10)
FNDA:0,(anonymous_11)
FNDA:48,(anonymous_12)
FNDA:14,Label
FNDA:4,KeySpinner
FNDA:4,(anonymous_15)
FNDA:4,(anonymous_16)
FNDA:4,ProgressBar
FNDA:4,(anonymous_18)
DA:36,17
DA:37,17
DA:38,17
DA:39,17
DA:40,17
DA:41,17
DA:42,17
DA:43,17
DA:46,17
DA:47,17
DA:49,17
DA:52,4
DA:53,4
DA:54,4
DA:55,4
DA:57,0
DA:58,0
DA:63,17
DA:64,13
DA:65,4
DA:66,4
DA:70,17
DA:71,13
DA:72,2
DA:76,2
DA:77,2
DA:83,0
DA:85,0
DA:86,0
DA:87,0
DA:89,0
DA:90,0
DA:91,0
DA:92,0
DA:93,0
DA:94,0
DA:95,0
DA:111,0
DA:112,0
DA:113,0
DA:114,0
DA:116,0
DA:117,0
DA:118,0
DA:120,0
DA:121,0
DA:125,17
DA:128,17
DA:129,7
DA:135,0
DA:136,0
DA:137,0
DA:138,0
DA:140,0
DA:184,10
DA:185,4
DA:197,2
DA:207,6
DA:225,0
DA:237,48
DA:286,14
DA:294,4
DA:295,4
DA:296,4
DA:299,4
DA:300,4
DA:302,4
DA:303,4
DA:320,4
DA:321,4
DA:322,4
DA:329,4
DA:343,1
LF:73
LH:45
BRDA:52,0,0,0
BRDA:52,0,1,4
BRDA:64,1,0,4
BRDA:64,1,1,9
BRDA:71,2,0,2
BRDA:71,2,1,11
BRDA:71,3,0,13
BRDA:71,3,1,2
BRDA:83,4,0,0
BRDA:83,4,1,0
BRDA:85,5,0,0
BRDA:85,5,1,0
BRDA:111,6,0,0
BRDA:111,6,1,0
BRDA:113,7,0,0
BRDA:113,7,1,0
BRDA:121,8,0,0
BRDA:121,8,1,0
BRDA:128,9,0,7
BRDA:128,9,1,10
BRDA:135,10,0,0
BRDA:135,10,1,0
BRDA:137,11,0,0
BRDA:137,11,1,0
BRDA:154,12,0,7
BRDA:154,12,1,0
BRDA:154,13,0,0
BRDA:154,13,1,0
BRDA:184,14,0,4
BRDA:184,14,1,6
BRDA:220,15,0,6
BRDA:220,15,1,0
BRDA:222,16,0,6
BRDA:222,16,1,6
BRDA:236,17,0,2
BRDA:236,17,1,4
BRDA:247,18,0,6
BRDA:247,18,1,2
BRDA:267,19,0,6
BRDA:267,19,1,0
BRDA:267,19,2,0
BRDA:277,20,0,0
BRDA:277,20,1,6
BRDA:277,21,0,0
BRDA:277,21,1,6
BRF:45
BRH:22
end_of_record
TN:
SF:src\screens\Panic.tsx
FN:26,PanicScreen
FN:38,(anonymous_1)
FN:40,(anonymous_2)
FN:49,(anonymous_3)
FN:58,(anonymous_4)
FN:66,(anonymous_5)
FN:67,(anonymous_6)
FN:77,(anonymous_7)
FN:122,(anonymous_8)
FN:128,(anonymous_9)
FN:130,(anonymous_10)
FN:161,(anonymous_11)
FN:169,(anonymous_12)
FN:193,(anonymous_13)
FN:197,(anonymous_14)
FN:202,(anonymous_15)
FN:224,(anonymous_16)
FN:233,(anonymous_17)
FN:242,(anonymous_18)
FN:251,(anonymous_19)
FN:266,(anonymous_20)
FN:295,(anonymous_21)
FN:316,(anonymous_22)
FN:322,(anonymous_23)
FN:348,(anonymous_24)
FNF:25
FNH:11
FNDA:4,PanicScreen
FNDA:4,(anonymous_1)
FNDA:24,(anonymous_2)
FNDA:12,(anonymous_3)
FNDA:0,(anonymous_4)
FNDA:3,(anonymous_5)
FNDA:3,(anonymous_6)
FNDA:0,(anonymous_7)
FNDA:12,(anonymous_8)
FNDA:0,(anonymous_9)
FNDA:12,(anonymous_10)
FNDA:0,(anonymous_11)
FNDA:0,(anonymous_12)
FNDA:0,(anonymous_13)
FNDA:1,(anonymous_14)
FNDA:4,(anonymous_15)
FNDA:0,(anonymous_16)
FNDA:0,(anonymous_17)
FNDA:0,(anonymous_18)
FNDA:0,(anonymous_19)
FNDA:4,(anonymous_20)
FNDA:0,(anonymous_21)
FNDA:0,(anonymous_22)
FNDA:0,(anonymous_23)
FNDA:0,(anonymous_24)
DA:14,1
DA:20,1
DA:27,4
DA:28,4
DA:29,4
DA:30,4
DA:31,4
DA:32,4
DA:33,4
DA:34,4
DA:35,4
DA:36,4
DA:38,4
DA:40,4
DA:41,24
DA:42,8
DA:43,8
DA:44,8
DA:45,0
DA:49,4
DA:50,12
DA:51,4
DA:52,4
DA:53,4
DA:54,0
DA:58,4
DA:59,0
DA:60,0
DA:61,0
DA:62,0
DA:66,4
DA:67,3
DA:68,3
DA:69,0
DA:70,0
DA:71,0
DA:72,0
DA:73,0
DA:74,0
DA:75,0
DA:80,4
DA:123,12
DA:124,12
DA:125,12
DA:128,0
DA:130,12
DA:161,0
DA:170,0
DA:193,0
DA:199,1
DA:200,1
DA:202,4
DA:224,0
DA:234,0
DA:243,0
DA:252,0
DA:253,0
DA:254,0
DA:256,0
DA:266,4
DA:295,0
DA:317,0
DA:318,0
DA:319,0
DA:321,0
DA:322,0
DA:323,0
DA:324,0
DA:325,0
DA:326,0
DA:327,0
DA:328,0
DA:329,0
DA:331,0
DA:348,0
DA:370,1
LF:76
LH:37
BRDA:41,0,0,8
BRDA:41,0,1,8
BRDA:41,0,2,8
BRDA:41,0,3,0
BRDA:50,1,0,4
BRDA:50,1,1,4
BRDA:50,1,2,4
BRDA:50,1,3,0
BRDA:61,2,0,0
BRDA:61,2,1,0
BRDA:68,3,0,3
BRDA:68,3,1,0
BRDA:71,4,0,0
BRDA:71,4,1,0
BRDA:72,5,0,0
BRDA:72,5,1,0
BRDA:73,6,0,0
BRDA:73,6,1,0
BRDA:74,7,0,0
BRDA:74,7,1,0
BRDA:75,8,0,0
BRDA:75,8,1,0
BRDA:99,9,0,4
BRDA:99,9,1,0
BRDA:135,10,0,4
BRDA:135,10,1,8
BRDA:136,11,0,4
BRDA:136,11,1,8
BRDA:139,12,0,0
BRDA:139,12,1,12
BRDA:142,13,0,4
BRDA:142,13,1,8
BRDA:143,14,0,4
BRDA:143,14,1,8
BRDA:163,15,0,4
BRDA:163,15,1,4
BRDA:163,15,2,4
BRDA:187,16,0,4
BRDA:187,16,1,4
BRDA:208,17,0,0
BRDA:208,17,1,4
BRDA:256,18,0,0
BRDA:256,18,1,0
BRDA:271,19,0,0
BRDA:271,19,1,4
BRDA:317,20,0,0
BRDA:317,20,1,0
BRDA:317,21,0,0
BRDA:317,21,1,0
BRF:49
BRH:24
end_of_record
TN:
SF:src\socket\client.ts
FN:16,(anonymous_0)
FN:22,(anonymous_1)
FN:23,(anonymous_2)
FN:24,(anonymous_3)
FN:25,(anonymous_4)
FN:26,(anonymous_5)
FN:69,canonicalGroupBytes
FN:88,signGroupMetadata
FN:96,verifyGroupMetadata
FN:112,flushGroupOfflineQueue
FN:125,flushOfflineQueue
FN:134,(anonymous_11)
FN:136,(anonymous_12)
FN:157,isBufferShape
FN:163,(anonymous_14)
FN:167,isNumberArray
FN:168,(anonymous_16)
FN:171,isByteIndexedObject
FN:183,reviveBytes
FN:189,(anonymous_19)
FN:189,(anonymous_20)
FN:197,reviveMkSkipped
FN:210,getSocket
FN:214,isConnected
FN:218,uploadPreKeys
FN:287,(anonymous_25)
FN:295,(anonymous_26)
FN:302,connect
FN:321,(anonymous_28)
FN:328,(anonymous_29)
FN:335,(anonymous_30)
FN:378,(anonymous_31)
FN:394,(anonymous_32)
FN:402,(anonymous_33)
FN:436,(anonymous_34)
FN:440,(anonymous_35)
FN:445,(anonymous_36)
FN:449,(anonymous_37)
FN:455,(anonymous_38)
FN:459,(anonymous_39)
FN:464,(anonymous_40)
FN:468,(anonymous_41)
FN:475,getOrCreateSession
FN:492,(anonymous_43)
FN:493,(anonymous_44)
FN:499,(anonymous_45)
FN:507,(anonymous_46)
FN:523,(anonymous_47)
FN:524,(anonymous_48)
FN:558,saveSessionState
FN:584,decryptAndAppend
FN:709,getAdminSigningKey
FN:712,(anonymous_52)
FN:723,metadataIsAuthentic
FN:872,saveMediaToCache
FN:1008,handleIncoming
FN:1010,(anonymous_56)
FN:1069,disconnect
FN:1078,sendMessage
FN:1154,(anonymous_59)
FN:1158,(anonymous_60)
FN:1174,toDataUri
FN:1191,broadcastProfileUpdate
FN:1239,sendProfileTo
FN:1262,emitTyping
FN:1267,sendReadReceipts
FN:1272,sendDeleteForEveryone
FN:1277,sendGroupMessage
FN:1308,(anonymous_68)
FN:1310,(anonymous_69)
FN:1349,(anonymous_70)
FN:1358,(anonymous_71)
FN:1402,sendGroupVote
FN:1427,(anonymous_73)
FN:1429,(anonymous_74)
FN:1456,(anonymous_75)
FN:1460,(anonymous_76)
FNF:77
FNH:17
FNDA:0,(anonymous_0)
FNDA:0,(anonymous_1)
FNDA:0,(anonymous_2)
FNDA:0,(anonymous_3)
FNDA:0,(anonymous_4)
FNDA:0,(anonymous_5)
FNDA:0,canonicalGroupBytes
FNDA:0,signGroupMetadata
FNDA:0,verifyGroupMetadata
FNDA:2,flushGroupOfflineQueue
FNDA:2,flushOfflineQueue
FNDA:0,(anonymous_11)
FNDA:0,(anonymous_12)
FNDA:0,isBufferShape
FNDA:0,(anonymous_14)
FNDA:0,isNumberArray
FNDA:0,(anonymous_16)
FNDA:0,isByteIndexedObject
FNDA:0,reviveBytes
FNDA:0,(anonymous_19)
FNDA:0,(anonymous_20)
FNDA:0,reviveMkSkipped
FNDA:0,getSocket
FNDA:0,isConnected
FNDA:0,uploadPreKeys
FNDA:0,(anonymous_25)
FNDA:0,(anonymous_26)
FNDA:2,connect
FNDA:2,(anonymous_28)
FNDA:0,(anonymous_29)
FNDA:0,(anonymous_30)
FNDA:0,(anonymous_31)
FNDA:2,(anonymous_32)
FNDA:2,(anonymous_33)
FNDA:0,(anonymous_34)
FNDA:0,(anonymous_35)
FNDA:0,(anonymous_36)
FNDA:0,(anonymous_37)
FNDA:0,(anonymous_38)
FNDA:0,(anonymous_39)
FNDA:0,(anonymous_40)
FNDA:0,(anonymous_41)
FNDA:2,getOrCreateSession
FNDA:2,(anonymous_43)
FNDA:2,(anonymous_44)
FNDA:2,(anonymous_45)
FNDA:4,(anonymous_46)
FNDA:0,(anonymous_47)
FNDA:0,(anonymous_48)
FNDA:2,saveSessionState
FNDA:0,decryptAndAppend
FNDA:0,getAdminSigningKey
FNDA:0,(anonymous_52)
FNDA:0,metadataIsAuthentic
FNDA:0,saveMediaToCache
FNDA:0,handleIncoming
FNDA:0,(anonymous_56)
FNDA:0,disconnect
FNDA:2,sendMessage
FNDA:1,(anonymous_59)
FNDA:1,(anonymous_60)
FNDA:2,toDataUri
FNDA:2,broadcastProfileUpdate
FNDA:0,sendProfileTo
FNDA:0,emitTyping
FNDA:0,sendReadReceipts
FNDA:0,sendDeleteForEveryone
FNDA:0,sendGroupMessage
FNDA:0,(anonymous_68)
FNDA:0,(anonymous_69)
FNDA:0,(anonymous_70)
FNDA:0,(anonymous_71)
FNDA:0,sendGroupVote
FNDA:0,(anonymous_73)
FNDA:0,(anonymous_74)
FNDA:0,(anonymous_75)
FNDA:0,(anonymous_76)
DA:16,2
DA:17,0
DA:18,0
DA:19,0
DA:22,2
DA:23,2
DA:24,2
DA:25,2
DA:26,2
DA:43,2
DA:44,2
DA:45,2
DA:46,2
DA:47,2
DA:57,2
DA:61,2
DA:75,0
DA:78,0
DA:85,0
DA:92,0
DA:93,0
DA:101,0
DA:102,0
DA:103,0
DA:104,0
DA:105,0
DA:106,0
DA:108,0
DA:113,2
DA:114,0
DA:115,0
DA:116,0
DA:117,0
DA:119,0
DA:120,0
DA:126,2
DA:127,0
DA:128,0
DA:129,0
DA:130,0
DA:131,0
DA:132,0
DA:133,0
DA:134,0
DA:135,0
DA:137,0
DA:138,0
DA:143,0
DA:145,0
DA:158,0
DA:163,0
DA:168,0
DA:172,0
DA:173,0
DA:174,0
DA:175,0
DA:176,0
DA:177,0
DA:178,0
DA:180,0
DA:184,0
DA:185,0
DA:186,0
DA:187,0
DA:188,0
DA:189,0
DA:190,0
DA:191,0
DA:192,0
DA:194,0
DA:198,0
DA:199,0
DA:200,0
DA:201,0
DA:202,0
DA:203,0
DA:204,0
DA:205,0
DA:207,0
DA:211,0
DA:215,0
DA:219,0
DA:225,0
DA:226,0
DA:227,0
DA:228,0
DA:229,0
DA:230,0
DA:233,0
DA:235,0
DA:236,0
DA:237,0
DA:243,0
DA:248,0
DA:249,0
DA:250,0
DA:251,0
DA:256,0
DA:257,0
DA:258,0
DA:263,0
DA:264,0
DA:265,0
DA:266,0
DA:267,0
DA:268,0
DA:269,0
DA:270,0
DA:276,0
DA:277,0
DA:279,0
DA:284,0
DA:287,0
DA:288,0
DA:296,0
DA:297,0
DA:303,2
DA:308,0
DA:310,2
DA:312,2
DA:313,2
DA:321,2
DA:322,2
DA:323,2
DA:324,2
DA:325,2
DA:328,2
DA:329,0
DA:330,0
DA:331,0
DA:332,0
DA:335,2
DA:336,0
DA:337,0
DA:339,0
DA:340,0
DA:341,0
DA:342,0
DA:343,0
DA:344,0
DA:345,0
DA:346,0
DA:347,0
DA:363,0
DA:364,0
DA:365,0
DA:368,0
DA:369,0
DA:372,0
DA:373,0
DA:378,2
DA:379,0
DA:380,0
DA:381,0
DA:382,0
DA:383,0
DA:384,0
DA:385,0
DA:386,0
DA:387,0
DA:389,0
DA:390,0
DA:394,2
DA:395,2
DA:396,2
DA:398,2
DA:399,2
DA:402,2
DA:403,2
DA:404,2
DA:405,2
DA:406,0
DA:407,0
DA:408,0
DA:409,0
DA:415,2
DA:419,2
DA:420,2
DA:421,0
DA:422,0
DA:423,0
DA:425,0
DA:428,2
DA:433,2
DA:436,2
DA:438,0
DA:439,0
DA:440,0
DA:441,0
DA:445,2
DA:446,0
DA:447,0
DA:448,0
DA:449,0
DA:450,0
DA:455,2
DA:456,0
DA:459,2
DA:460,0
DA:461,0
DA:463,0
DA:464,0
DA:468,2
DA:469,0
DA:472,2
DA:476,2
DA:477,2
DA:478,0
DA:479,0
DA:480,0
DA:481,0
DA:482,0
DA:483,0
DA:484,0
DA:485,0
DA:486,0
DA:490,2
DA:492,2
DA:493,2
DA:494,2
DA:495,2
DA:499,2
DA:500,2
DA:507,2
DA:508,4
DA:511,2
DA:513,2
DA:514,1
DA:515,1
DA:516,1
DA:517,1
DA:518,1
DA:519,0
DA:520,0
DA:521,0
DA:522,0
DA:523,0
DA:524,0
DA:528,0
DA:529,0
DA:533,2
DA:536,1
DA:541,1
DA:542,1
DA:544,1
DA:545,1
DA:548,1
DA:554,1
DA:555,1
DA:563,2
DA:569,2
DA:581,2
DA:590,0
DA:591,0
DA:592,0
DA:596,0
DA:597,0
DA:598,0
DA:599,0
DA:600,0
DA:601,0
DA:602,0
DA:603,0
DA:604,0
DA:605,0
DA:606,0
DA:609,0
DA:610,0
DA:611,0
DA:615,0
DA:616,0
DA:617,0
DA:618,0
DA:620,0
DA:622,0
DA:623,0
DA:624,0
DA:625,0
DA:626,0
DA:629,0
DA:631,0
DA:636,0
DA:637,0
DA:649,0
DA:650,0
DA:657,0
DA:662,0
DA:663,0
DA:665,0
DA:666,0
DA:667,0
DA:668,0
DA:671,0
DA:673,0
DA:674,0
DA:675,0
DA:676,0
DA:677,0
DA:681,0
DA:682,0
DA:683,0
DA:691,0
DA:692,0
DA:695,0
DA:696,0
DA:697,0
DA:698,0
DA:699,0
DA:700,0
DA:701,0
DA:702,0
DA:703,0
DA:710,0
DA:711,0
DA:712,0
DA:713,0
DA:714,0
DA:715,0
DA:717,0
DA:720,0
DA:724,0
DA:725,0
DA:726,0
DA:727,0
DA:734,0
DA:735,0
DA:737,0
DA:741,0
DA:742,0
DA:743,0
DA:747,0
DA:748,0
DA:749,0
DA:751,0
DA:759,0
DA:760,0
DA:765,0
DA:769,0
DA:771,0
DA:773,0
DA:774,0
DA:780,0
DA:781,0
DA:782,0
DA:783,0
DA:788,0
DA:789,0
DA:792,0
DA:793,0
DA:803,0
DA:804,0
DA:805,0
DA:806,0
DA:807,0
DA:808,0
DA:809,0
DA:810,0
DA:811,0
DA:814,0
DA:815,0
DA:818,0
DA:819,0
DA:821,0
DA:823,0
DA:832,0
DA:833,0
DA:835,0
DA:836,0
DA:841,0
DA:845,0
DA:846,0
DA:857,0
DA:860,0
DA:864,0
DA:865,0
DA:866,0
DA:874,0
DA:875,0
DA:876,0
DA:877,0
DA:878,0
DA:881,0
DA:883,0
DA:884,0
DA:885,0
DA:886,0
DA:887,0
DA:888,0
DA:889,0
DA:890,0
DA:891,0
DA:892,0
DA:894,0
DA:896,0
DA:897,0
DA:898,0
DA:900,0
DA:904,0
DA:905,0
DA:906,0
DA:907,0
DA:908,0
DA:909,0
DA:910,0
DA:912,0
DA:914,0
DA:915,0
DA:916,0
DA:917,0
DA:918,0
DA:919,0
DA:922,0
DA:924,0
DA:926,0
DA:927,0
DA:928,0
DA:929,0
DA:930,0
DA:931,0
DA:932,0
DA:933,0
DA:934,0
DA:935,0
DA:936,0
DA:937,0
DA:939,0
DA:943,0
DA:944,0
DA:945,0
DA:946,0
DA:947,0
DA:948,0
DA:949,0
DA:951,0
DA:953,0
DA:954,0
DA:955,0
DA:956,0
DA:957,0
DA:958,0
DA:960,0
DA:961,0
DA:963,0
DA:965,0
DA:966,0
DA:967,0
DA:968,0
DA:969,0
DA:970,0
DA:971,0
DA:972,0
DA:973,0
DA:974,0
DA:975,0
DA:976,0
DA:978,0
DA:982,0
DA:983,0
DA:984,0
DA:985,0
DA:990,0
DA:1002,0
DA:1003,0
DA:1005,0
DA:1009,0
DA:1010,0
DA:1013,0
DA:1014,0
DA:1017,0
DA:1018,0
DA:1019,0
DA:1021,0
DA:1026,0
DA:1028,0
DA:1029,0
DA:1031,0
DA:1033,0
DA:1038,0
DA:1039,0
DA:1040,0
DA:1045,0
DA:1046,0
DA:1047,0
DA:1049,0
DA:1050,0
DA:1052,0
DA:1055,0
DA:1060,0
DA:1062,0
DA:1063,0
DA:1066,0
DA:1070,0
DA:1071,0
DA:1072,0
DA:1073,0
DA:1074,0
DA:1088,2
DA:1089,2
DA:1090,2
DA:1091,2
DA:1092,2
DA:1093,2
DA:1095,2
DA:1096,2
DA:1098,2
DA:1099,2
DA:1100,2
DA:1101,2
DA:1102,2
DA:1103,0
DA:1108,2
DA:1109,0
DA:1122,2
DA:1123,0
DA:1130,0
DA:1133,2
DA:1142,2
DA:1144,2
DA:1145,1
DA:1152,1
DA:1154,1
DA:1155,1
DA:1159,1
DA:1160,1
DA:1175,2
DA:1176,0
DA:1178,0
DA:1179,0
DA:1182,0
DA:1183,0
DA:1184,0
DA:1186,0
DA:1187,0
DA:1192,2
DA:1194,2
DA:1195,2
DA:1196,2
DA:1197,2
DA:1198,2
DA:1199,2
DA:1200,2
DA:1202,2
DA:1204,2
DA:1205,2
DA:1206,0
DA:1207,0
DA:1208,0
DA:1215,0
DA:1216,0
DA:1223,0
DA:1225,0
DA:1226,0
DA:1233,0
DA:1240,0
DA:1241,0
DA:1242,0
DA:1243,0
DA:1244,0
DA:1245,0
DA:1246,0
DA:1247,0
DA:1248,0
DA:1249,0
DA:1251,0
DA:1252,0
DA:1253,0
DA:1254,0
DA:1255,0
DA:1256,0
DA:1258,0
DA:1263,0
DA:1264,0
DA:1268,0
DA:1269,0
DA:1273,0
DA:1274,0
DA:1282,0
DA:1283,0
DA:1284,0
DA:1287,0
DA:1288,0
DA:1289,0
DA:1294,0
DA:1295,0
DA:1297,0
DA:1298,0
DA:1302,0
DA:1305,0
DA:1308,0
DA:1309,0
DA:1310,0
DA:1311,0
DA:1313,0
DA:1314,0
DA:1315,0
DA:1316,0
DA:1317,0
DA:1318,0
DA:1319,0
DA:1321,0
DA:1336,0
DA:1337,0
DA:1338,0
DA:1346,0
DA:1348,0
DA:1349,0
DA:1350,0
DA:1359,0
DA:1360,0
DA:1365,0
DA:1369,0
DA:1371,0
DA:1372,0
DA:1373,0
DA:1374,0
DA:1377,0
DA:1378,0
DA:1408,0
DA:1410,0
DA:1411,0
DA:1412,0
DA:1415,0
DA:1416,0
DA:1417,0
DA:1419,0
DA:1421,0
DA:1422,0
DA:1423,0
DA:1424,0
DA:1425,0
DA:1427,0
DA:1428,0
DA:1429,0
DA:1430,0
DA:1432,0
DA:1444,0
DA:1445,0
DA:1446,0
DA:1453,0
DA:1455,0
DA:1456,0
DA:1457,0
DA:1461,0
DA:1462,0
DA:1467,0
DA:1471,0
LF:646
LH:113
BRDA:19,0,0,0
BRDA:19,0,1,0
BRDA:104,1,0,0
BRDA:104,1,1,0
BRDA:105,2,0,0
BRDA:105,2,1,0
BRDA:113,3,0,2
BRDA:113,3,1,0
BRDA:119,4,0,0
BRDA:119,4,1,0
BRDA:126,5,0,2
BRDA:126,5,1,0
BRDA:137,6,0,0
BRDA:137,6,1,0
BRDA:137,7,0,0
BRDA:137,7,1,0
BRDA:137,8,0,0
BRDA:137,8,1,0
BRDA:143,9,0,0
BRDA:143,9,1,0
BRDA:159,10,0,0
BRDA:159,10,1,0
BRDA:159,10,2,0
BRDA:159,10,3,0
BRDA:159,10,4,0
BRDA:168,11,0,0
BRDA:168,11,1,0
BRDA:172,12,0,0
BRDA:172,12,1,0
BRDA:172,13,0,0
BRDA:172,13,1,0
BRDA:172,13,2,0
BRDA:174,14,0,0
BRDA:174,14,1,0
BRDA:176,15,0,0
BRDA:176,15,1,0
BRDA:178,16,0,0
BRDA:178,16,1,0
BRDA:178,17,0,0
BRDA:178,17,1,0
BRDA:178,17,2,0
BRDA:184,18,0,0
BRDA:184,18,1,0
BRDA:184,19,0,0
BRDA:184,19,1,0
BRDA:185,20,0,0
BRDA:185,20,1,0
BRDA:186,21,0,0
BRDA:186,21,1,0
BRDA:187,22,0,0
BRDA:187,22,1,0
BRDA:188,23,0,0
BRDA:188,23,1,0
BRDA:199,24,0,0
BRDA:199,24,1,0
BRDA:201,25,0,0
BRDA:201,25,1,0
BRDA:201,26,0,0
BRDA:201,26,1,0
BRDA:203,27,0,0
BRDA:203,27,1,0
BRDA:205,28,0,0
BRDA:205,28,1,0
BRDA:215,29,0,0
BRDA:215,29,1,0
BRDA:219,30,0,0
BRDA:219,30,1,0
BRDA:228,31,0,0
BRDA:228,31,1,0
BRDA:230,32,0,0
BRDA:230,32,1,0
BRDA:230,33,0,0
BRDA:230,33,1,0
BRDA:233,34,0,0
BRDA:233,34,1,0
BRDA:256,35,0,0
BRDA:256,35,1,0
BRDA:256,36,0,0
BRDA:256,36,1,0
BRDA:265,37,0,0
BRDA:265,37,1,0
BRDA:269,38,0,0
BRDA:269,38,1,0
BRDA:284,39,0,0
BRDA:284,39,1,0
BRDA:296,40,0,0
BRDA:296,40,1,0
BRDA:297,41,0,0
BRDA:297,41,1,0
BRDA:303,42,0,0
BRDA:303,42,1,2
BRDA:304,43,0,2
BRDA:304,43,1,0
BRDA:304,43,2,0
BRDA:310,44,0,0
BRDA:310,44,1,2
BRDA:325,45,0,2
BRDA:325,45,1,0
BRDA:332,46,0,0
BRDA:332,46,1,0
BRDA:336,47,0,0
BRDA:336,47,1,0
BRDA:337,48,0,0
BRDA:337,48,1,0
BRDA:339,49,0,0
BRDA:339,49,1,0
BRDA:363,50,0,0
BRDA:363,50,1,0
BRDA:364,51,0,0
BRDA:364,51,1,0
BRDA:368,52,0,0
BRDA:368,52,1,0
BRDA:372,53,0,0
BRDA:372,53,1,0
BRDA:383,54,0,0
BRDA:383,54,1,0
BRDA:384,55,0,0
BRDA:384,55,1,0
BRDA:386,56,0,0
BRDA:386,56,1,0
BRDA:389,57,0,0
BRDA:389,57,1,0
BRDA:396,58,0,2
BRDA:396,58,1,0
BRDA:406,59,0,0
BRDA:406,59,1,0
BRDA:411,60,0,0
BRDA:411,60,1,0
BRDA:411,61,0,0
BRDA:411,61,1,0
BRDA:415,62,0,2
BRDA:415,62,1,0
BRDA:419,63,0,2
BRDA:419,63,1,0
BRDA:420,64,0,0
BRDA:420,64,1,2
BRDA:423,65,0,0
BRDA:423,65,1,0
BRDA:425,66,0,0
BRDA:425,66,1,0
BRDA:428,67,0,2
BRDA:428,67,1,0
BRDA:440,68,0,0
BRDA:440,68,1,0
BRDA:449,69,0,0
BRDA:449,69,1,0
BRDA:463,70,0,0
BRDA:463,70,1,0
BRDA:477,71,0,0
BRDA:477,71,1,2
BRDA:490,72,0,0
BRDA:490,72,1,2
BRDA:494,73,0,0
BRDA:494,73,1,2
BRDA:494,74,0,0
BRDA:494,74,1,0
BRDA:500,75,0,0
BRDA:500,75,1,2
BRDA:508,76,0,1
BRDA:508,76,1,3
BRDA:508,77,0,4
BRDA:508,77,1,4
BRDA:511,78,0,2
BRDA:511,78,1,1
BRDA:513,79,0,1
BRDA:513,79,1,1
BRDA:518,80,0,0
BRDA:518,80,1,1
BRDA:524,81,0,0
BRDA:524,81,1,0
BRDA:528,82,0,0
BRDA:528,82,1,0
BRDA:533,83,0,1
BRDA:533,83,1,1
BRDA:551,84,0,1
BRDA:551,84,1,0
BRDA:590,85,0,0
BRDA:590,85,1,0
BRDA:591,86,0,0
BRDA:591,86,1,0
BRDA:597,87,0,0
BRDA:597,87,1,0
BRDA:597,88,0,0
BRDA:597,88,1,0
BRDA:609,89,0,0
BRDA:609,89,1,0
BRDA:610,90,0,0
BRDA:610,90,1,0
BRDA:616,91,0,0
BRDA:616,91,1,0
BRDA:617,92,0,0
BRDA:617,92,1,0
BRDA:623,93,0,0
BRDA:623,93,1,0
BRDA:625,94,0,0
BRDA:625,94,1,0
BRDA:631,95,0,0
BRDA:631,95,1,0
BRDA:666,96,0,0
BRDA:666,96,1,0
BRDA:667,97,0,0
BRDA:667,97,1,0
BRDA:676,98,0,0
BRDA:676,98,1,0
BRDA:681,99,0,0
BRDA:681,99,1,0
BRDA:682,100,0,0
BRDA:682,100,1,0
BRDA:687,101,0,0
BRDA:687,101,1,0
BRDA:688,102,0,0
BRDA:688,102,1,0
BRDA:695,103,0,0
BRDA:695,103,1,0
BRDA:698,104,0,0
BRDA:698,104,1,0
BRDA:700,105,0,0
BRDA:700,105,1,0
BRDA:710,106,0,0
BRDA:710,106,1,0
BRDA:711,107,0,0
BRDA:711,107,1,0
BRDA:711,108,0,0
BRDA:711,108,1,0
BRDA:713,109,0,0
BRDA:713,109,1,0
BRDA:717,110,0,0
BRDA:717,110,1,0
BRDA:720,111,0,0
BRDA:720,111,1,0
BRDA:724,112,0,0
BRDA:724,112,1,0
BRDA:724,113,0,0
BRDA:724,113,1,0
BRDA:724,113,2,0
BRDA:726,114,0,0
BRDA:726,114,1,0
BRDA:737,115,0,0
BRDA:737,115,1,0
BRDA:741,116,0,0
BRDA:741,116,1,0
BRDA:742,117,0,0
BRDA:742,117,1,0
BRDA:747,118,0,0
BRDA:747,118,1,0
BRDA:748,119,0,0
BRDA:748,119,1,0
BRDA:765,120,0,0
BRDA:765,120,1,0
BRDA:765,120,2,0
BRDA:773,121,0,0
BRDA:773,121,1,0
BRDA:773,122,0,0
BRDA:773,122,1,0
BRDA:773,122,2,0
BRDA:773,122,3,0
BRDA:782,123,0,0
BRDA:782,123,1,0
BRDA:782,124,0,0
BRDA:782,124,1,0
BRDA:782,124,2,0
BRDA:788,125,0,0
BRDA:788,125,1,0
BRDA:789,126,0,0
BRDA:789,126,1,0
BRDA:792,127,0,0
BRDA:792,127,1,0
BRDA:803,128,0,0
BRDA:803,128,1,0
BRDA:803,129,0,0
BRDA:803,129,1,0
BRDA:806,130,0,0
BRDA:806,130,1,0
BRDA:809,131,0,0
BRDA:809,131,1,0
BRDA:809,132,0,0
BRDA:809,132,1,0
BRDA:818,133,0,0
BRDA:818,133,1,0
BRDA:828,134,0,0
BRDA:828,134,1,0
BRDA:833,135,0,0
BRDA:833,135,1,0
BRDA:836,136,0,0
BRDA:836,136,1,0
BRDA:837,137,0,0
BRDA:837,137,1,0
BRDA:837,137,2,0
BRDA:845,138,0,0
BRDA:845,138,1,0
BRDA:851,139,0,0
BRDA:851,139,1,0
BRDA:857,140,0,0
BRDA:857,140,1,0
BRDA:864,141,0,0
BRDA:864,141,1,0
BRDA:876,142,0,0
BRDA:876,142,1,0
BRDA:881,143,0,0
BRDA:881,143,1,0
BRDA:881,144,0,0
BRDA:881,144,1,0
BRDA:884,145,0,0
BRDA:884,145,1,0
BRDA:889,146,0,0
BRDA:889,146,1,0
BRDA:896,147,0,0
BRDA:896,147,1,0
BRDA:904,148,0,0
BRDA:904,148,1,0
BRDA:904,149,0,0
BRDA:904,149,1,0
BRDA:914,150,0,0
BRDA:914,150,1,0
BRDA:914,151,0,0
BRDA:914,151,1,0
BRDA:924,152,0,0
BRDA:924,152,1,0
BRDA:924,153,0,0
BRDA:924,153,1,0
BRDA:928,154,0,0
BRDA:928,154,1,0
BRDA:933,155,0,0
BRDA:933,155,1,0
BRDA:935,156,0,0
BRDA:935,156,1,0
BRDA:943,157,0,0
BRDA:943,157,1,0
BRDA:943,158,0,0
BRDA:943,158,1,0
BRDA:953,159,0,0
BRDA:953,159,1,0
BRDA:953,160,0,0
BRDA:953,160,1,0
BRDA:955,161,0,0
BRDA:955,161,1,0
BRDA:963,162,0,0
BRDA:963,162,1,0
BRDA:963,163,0,0
BRDA:963,163,1,0
BRDA:967,164,0,0
BRDA:967,164,1,0
BRDA:974,165,0,0
BRDA:974,165,1,0
BRDA:974,166,0,0
BRDA:974,166,1,0
BRDA:975,167,0,0
BRDA:975,167,1,0
BRDA:983,168,0,0
BRDA:983,168,1,0
BRDA:995,169,0,0
BRDA:995,169,1,0
BRDA:998,170,0,0
BRDA:998,170,1,0
BRDA:1010,171,0,0
BRDA:1010,171,1,0
BRDA:1013,172,0,0
BRDA:1013,172,1,0
BRDA:1017,173,0,0
BRDA:1017,173,1,0
BRDA:1017,174,0,0
BRDA:1017,174,1,0
BRDA:1021,175,0,0
BRDA:1021,175,1,0
BRDA:1026,176,0,0
BRDA:1026,176,1,0
BRDA:1038,177,0,0
BRDA:1038,177,1,0
BRDA:1040,178,0,0
BRDA:1040,178,1,0
BRDA:1046,179,0,0
BRDA:1046,179,1,0
BRDA:1047,180,0,0
BRDA:1047,180,1,0
BRDA:1047,181,0,0
BRDA:1047,181,1,0
BRDA:1060,182,0,0
BRDA:1060,182,1,0
BRDA:1063,183,0,0
BRDA:1063,183,1,0
BRDA:1066,184,0,0
BRDA:1066,184,1,0
BRDA:1070,185,0,0
BRDA:1070,185,1,0
BRDA:1091,186,0,0
BRDA:1091,186,1,2
BRDA:1092,187,0,0
BRDA:1092,187,1,2
BRDA:1093,188,0,0
BRDA:1093,188,1,2
BRDA:1098,189,0,2
BRDA:1098,189,1,2
BRDA:1099,190,0,2
BRDA:1099,190,1,2
BRDA:1100,191,0,2
BRDA:1100,191,1,0
BRDA:1100,192,0,2
BRDA:1100,192,1,2
BRDA:1102,193,0,0
BRDA:1102,193,1,2
BRDA:1108,194,0,0
BRDA:1108,194,1,2
BRDA:1115,195,0,0
BRDA:1115,195,1,0
BRDA:1122,196,0,0
BRDA:1122,196,1,2
BRDA:1122,197,0,2
BRDA:1122,197,1,2
BRDA:1122,197,2,2
BRDA:1159,198,0,0
BRDA:1159,198,1,1
BRDA:1159,199,0,1
BRDA:1159,199,1,1
BRDA:1159,200,0,0
BRDA:1159,200,1,0
BRDA:1175,201,0,2
BRDA:1175,201,1,0
BRDA:1176,202,0,0
BRDA:1176,202,1,0
BRDA:1176,203,0,0
BRDA:1176,203,1,0
BRDA:1178,204,0,0
BRDA:1178,204,1,0
BRDA:1178,205,0,0
BRDA:1178,205,1,0
BRDA:1186,206,0,0
BRDA:1186,206,1,0
BRDA:1192,207,0,0
BRDA:1192,207,1,2
BRDA:1192,208,0,2
BRDA:1192,208,1,2
BRDA:1192,208,2,2
BRDA:1197,209,0,0
BRDA:1197,209,1,2
BRDA:1198,210,0,0
BRDA:1198,210,1,2
BRDA:1199,211,0,0
BRDA:1199,211,1,2
BRDA:1200,212,0,0
BRDA:1200,212,1,2
BRDA:1233,213,0,0
BRDA:1233,213,1,0
BRDA:1240,214,0,0
BRDA:1240,214,1,0
BRDA:1240,215,0,0
BRDA:1240,215,1,0
BRDA:1240,215,2,0
BRDA:1245,216,0,0
BRDA:1245,216,1,0
BRDA:1246,217,0,0
BRDA:1246,217,1,0
BRDA:1247,218,0,0
BRDA:1247,218,1,0
BRDA:1248,219,0,0
BRDA:1248,219,1,0
BRDA:1258,220,0,0
BRDA:1258,220,1,0
BRDA:1263,221,0,0
BRDA:1263,221,1,0
BRDA:1263,222,0,0
BRDA:1263,222,1,0
BRDA:1268,223,0,0
BRDA:1268,223,1,0
BRDA:1268,224,0,0
BRDA:1268,224,1,0
BRDA:1268,224,2,0
BRDA:1273,225,0,0
BRDA:1273,225,1,0
BRDA:1273,226,0,0
BRDA:1273,226,1,0
BRDA:1282,227,0,0
BRDA:1282,227,1,0
BRDA:1282,228,0,0
BRDA:1282,228,1,0
BRDA:1282,228,2,0
BRDA:1289,229,0,0
BRDA:1289,229,1,0
BRDA:1294,230,0,0
BRDA:1294,230,1,0
BRDA:1297,231,0,0
BRDA:1297,231,1,0
BRDA:1297,232,0,0
BRDA:1297,232,1,0
BRDA:1309,233,0,0
BRDA:1309,233,1,0
BRDA:1311,234,0,0
BRDA:1311,234,1,0
BRDA:1316,235,0,0
BRDA:1316,235,1,0
BRDA:1317,236,0,0
BRDA:1317,236,1,0
BRDA:1318,237,0,0
BRDA:1318,237,1,0
BRDA:1359,238,0,0
BRDA:1359,238,1,0
BRDA:1359,239,0,0
BRDA:1359,239,1,0
BRDA:1359,240,0,0
BRDA:1359,240,1,0
BRDA:1365,241,0,0
BRDA:1365,241,1,0
BRDA:1374,242,0,0
BRDA:1374,242,1,0
BRDA:1374,243,0,0
BRDA:1374,243,1,0
BRDA:1410,244,0,0
BRDA:1410,244,1,0
BRDA:1410,245,0,0
BRDA:1410,245,1,0
BRDA:1410,245,2,0
BRDA:1417,246,0,0
BRDA:1417,246,1,0
BRDA:1424,247,0,0
BRDA:1424,247,1,0
BRDA:1425,248,0,0
BRDA:1425,248,1,0
BRDA:1428,249,0,0
BRDA:1428,249,1,0
BRDA:1430,250,0,0
BRDA:1430,250,1,0
BRDA:1461,251,0,0
BRDA:1461,251,1,0
BRDA:1461,252,0,0
BRDA:1461,252,1,0
BRDA:1461,253,0,0
BRDA:1461,253,1,0
BRDA:1467,254,0,0
BRDA:1467,254,1,0
BRF:528
BRH:55
end_of_record
TN:
SF:src\store\contacts.ts
FN:38,(anonymous_0)
FN:42,(anonymous_1)
FN:59,(anonymous_2)
FN:86,(anonymous_3)
FN:90,(anonymous_4)
FN:106,(anonymous_5)
FN:129,(anonymous_6)
FN:143,(anonymous_7)
FN:148,(anonymous_8)
FN:152,(anonymous_9)
FN:157,(anonymous_10)
FN:159,(anonymous_11)
FN:162,(anonymous_12)
FN:165,(anonymous_13)
FN:176,(anonymous_14)
FN:179,(anonymous_15)
FN:184,(anonymous_16)
FN:187,(anonymous_17)
FN:192,(anonymous_18)
FN:195,(anonymous_19)
FN:200,(anonymous_20)
FN:203,(anonymous_21)
FN:208,(anonymous_22)
FN:211,(anonymous_23)
FN:215,(anonymous_24)
FNF:25
FNH:8
FNDA:1,(anonymous_0)
FNDA:0,(anonymous_1)
FNDA:2,(anonymous_2)
FNDA:0,(anonymous_3)
FNDA:2,(anonymous_4)
FNDA:0,(anonymous_5)
FNDA:1,(anonymous_6)
FNDA:0,(anonymous_7)
FNDA:0,(anonymous_8)
FNDA:0,(anonymous_9)
FNDA:0,(anonymous_10)
FNDA:3,(anonymous_11)
FNDA:1,(anonymous_12)
FNDA:0,(anonymous_13)
FNDA:0,(anonymous_14)
FNDA:0,(anonymous_15)
FNDA:0,(anonymous_16)
FNDA:0,(anonymous_17)
FNDA:0,(anonymous_18)
FNDA:0,(anonymous_19)
FNDA:0,(anonymous_20)
FNDA:0,(anonymous_21)
FNDA:0,(anonymous_22)
FNDA:2,(anonymous_23)
FNDA:1,(anonymous_24)
DA:38,1
DA:43,0
DA:44,0
DA:45,0
DA:46,0
DA:47,0
DA:48,0
DA:50,0
DA:51,0
DA:52,0
DA:53,0
DA:55,0
DA:60,2
DA:61,2
DA:62,2
DA:65,1
DA:66,1
DA:68,0
DA:69,0
DA:71,0
DA:74,1
DA:75,1
DA:76,1
DA:85,1
DA:86,1
DA:87,1
DA:91,2
DA:92,2
DA:97,2
DA:98,1
DA:101,1
DA:103,0
DA:104,0
DA:105,0
DA:106,0
DA:107,0
DA:109,0
DA:113,1
DA:114,1
DA:115,1
DA:123,1
DA:124,1
DA:129,1
DA:130,1
DA:131,1
DA:132,1
DA:133,1
DA:140,1
DA:144,0
DA:145,0
DA:146,0
DA:147,0
DA:148,0
DA:149,0
DA:153,0
DA:154,0
DA:155,0
DA:156,0
DA:157,0
DA:160,3
DA:161,3
DA:162,2
DA:166,0
DA:167,0
DA:168,0
DA:175,0
DA:176,0
DA:180,0
DA:181,0
DA:182,0
DA:183,0
DA:184,0
DA:188,0
DA:189,0
DA:190,0
DA:191,0
DA:192,0
DA:196,0
DA:197,0
DA:198,0
DA:199,0
DA:200,0
DA:204,0
DA:205,0
DA:206,0
DA:207,0
DA:208,0
DA:212,2
DA:213,2
DA:214,2
DA:215,2
DA:218,2
DA:219,2
LF:93
LH:37
BRDA:46,0,0,0
BRDA:46,0,1,0
BRDA:62,1,0,1
BRDA:62,1,1,1
BRDA:68,2,0,0
BRDA:68,2,1,0
BRDA:68,3,0,0
BRDA:68,3,1,0
BRDA:79,4,0,1
BRDA:79,4,1,0
BRDA:80,5,0,1
BRDA:80,5,1,0
BRDA:97,6,0,1
BRDA:97,6,1,1
BRDA:97,7,0,2
BRDA:97,7,1,1
BRDA:101,8,0,0
BRDA:101,8,1,1
BRDA:103,9,0,0
BRDA:103,9,1,0
BRDA:106,10,0,0
BRDA:106,10,1,0
BRDA:118,11,0,1
BRDA:118,11,1,0
BRDA:132,12,0,1
BRDA:132,12,1,0
BRDA:133,13,0,1
BRDA:133,13,1,0
BRDA:145,14,0,0
BRDA:145,14,1,0
BRDA:154,15,0,0
BRDA:154,15,1,0
BRDA:157,16,0,0
BRDA:157,16,1,0
BRDA:161,17,0,1
BRDA:161,17,1,2
BRDA:167,18,0,0
BRDA:167,18,1,0
BRDA:170,19,0,0
BRDA:170,19,1,0
BRDA:171,20,0,0
BRDA:171,20,1,0
BRDA:172,21,0,0
BRDA:172,21,1,0
BRDA:173,22,0,0
BRDA:173,22,1,0
BRDA:176,23,0,0
BRDA:176,23,1,0
BRDA:181,24,0,0
BRDA:181,24,1,0
BRDA:182,25,0,0
BRDA:182,25,1,0
BRDA:182,26,0,0
BRDA:182,26,1,0
BRDA:184,27,0,0
BRDA:184,27,1,0
BRDA:189,28,0,0
BRDA:189,28,1,0
BRDA:192,29,0,0
BRDA:192,29,1,0
BRDA:197,30,0,0
BRDA:197,30,1,0
BRDA:200,31,0,0
BRDA:200,31,1,0
BRDA:205,32,0,0
BRDA:205,32,1,0
BRDA:208,33,0,0
BRDA:208,33,1,0
BRF:68
BRH:14
end_of_record
TN:
SF:src\store\identity.ts
FN:43,getPrefKey
FN:54,publishToServer
FN:89,(anonymous_2)
FN:107,(anonymous_3)
FN:192,(anonymous_4)
FN:233,(anonymous_5)
FN:237,(anonymous_6)
FN:240,(anonymous_7)
FN:241,(anonymous_8)
FN:267,(anonymous_9)
FN:295,(anonymous_10)
FN:300,(anonymous_11)
FN:318,(anonymous_12)
FN:339,(anonymous_13)
FN:395,(anonymous_14)
FN:444,(anonymous_15)
FN:482,(anonymous_16)
FN:483,(anonymous_17)
FN:490,(anonymous_18)
FN:509,(anonymous_19)
FNF:20
FNH:5
FNDA:16,getPrefKey
FNDA:2,publishToServer
FNDA:1,(anonymous_2)
FNDA:2,(anonymous_3)
FNDA:1,(anonymous_4)
FNDA:0,(anonymous_5)
FNDA:0,(anonymous_6)
FNDA:0,(anonymous_7)
FNDA:0,(anonymous_8)
FNDA:0,(anonymous_9)
FNDA:0,(anonymous_10)
FNDA:0,(anonymous_11)
FNDA:0,(anonymous_12)
FNDA:0,(anonymous_13)
FNDA:0,(anonymous_14)
FNDA:0,(anonymous_15)
FNDA:0,(anonymous_16)
FNDA:0,(anonymous_17)
FNDA:0,(anonymous_18)
FNDA:0,(anonymous_19)
DA:44,16
DA:45,0
DA:46,0
DA:55,2
DA:56,2
DA:57,2
DA:60,2
DA:61,2
DA:77,2
DA:78,0
DA:81,0
DA:82,0
DA:84,0
DA:89,1
DA:108,2
DA:109,2
DA:110,2
DA:111,2
DA:112,0
DA:124,0
DA:136,0
DA:140,2
DA:141,2
DA:142,2
DA:145,2
DA:146,2
DA:148,2
DA:149,2
DA:150,1
DA:151,1
DA:153,1
DA:155,1
DA:156,1
DA:157,1
DA:158,1
DA:160,1
DA:162,1
DA:163,1
DA:164,1
DA:165,1
DA:170,1
DA:171,1
DA:188,0
DA:193,1
DA:194,1
DA:195,1
DA:204,1
DA:205,1
DA:206,1
DA:207,1
DA:208,1
DA:209,1
DA:210,1
DA:212,1
DA:213,1
DA:214,1
DA:216,1
DA:217,1
DA:230,1
DA:234,0
DA:235,0
DA:236,0
DA:237,0
DA:240,0
DA:241,0
DA:244,0
DA:245,0
DA:246,0
DA:247,0
DA:248,0
DA:249,0
DA:250,0
DA:268,0
DA:269,0
DA:270,0
DA:271,0
DA:272,0
DA:273,0
DA:275,0
DA:277,0
DA:279,0
DA:280,0
DA:281,0
DA:282,0
DA:284,0
DA:286,0
DA:291,0
DA:292,0
DA:293,0
DA:294,0
DA:295,0
DA:301,0
DA:302,0
DA:303,0
DA:307,0
DA:308,0
DA:309,0
DA:310,0
DA:311,0
DA:313,0
DA:319,0
DA:320,0
DA:321,0
DA:322,0
DA:323,0
DA:325,0
DA:326,0
DA:327,0
DA:328,0
DA:329,0
DA:330,0
DA:332,0
DA:340,0
DA:341,0
DA:342,0
DA:345,0
DA:346,0
DA:347,0
DA:349,0
DA:352,0
DA:355,0
DA:356,0
DA:357,0
DA:359,0
DA:369,0
DA:370,0
DA:371,0
DA:372,0
DA:373,0
DA:374,0
DA:375,0
DA:378,0
DA:381,0
DA:384,0
DA:385,0
DA:387,0
DA:388,0
DA:390,0
DA:391,0
DA:396,0
DA:397,0
DA:398,0
DA:399,0
DA:402,0
DA:405,0
DA:406,0
DA:407,0
DA:409,0
DA:419,0
DA:420,0
DA:421,0
DA:423,0
DA:424,0
DA:427,0
DA:430,0
DA:433,0
DA:434,0
DA:436,0
DA:437,0
DA:439,0
DA:440,0
DA:445,0
DA:446,0
DA:448,0
DA:449,0
DA:450,0
DA:451,0
DA:455,0
DA:456,0
DA:459,0
DA:460,0
DA:461,0
DA:462,0
DA:463,0
DA:464,0
DA:467,0
DA:468,0
DA:471,0
DA:472,0
DA:475,0
DA:476,0
DA:477,0
DA:478,0
DA:482,0
DA:483,0
DA:485,0
DA:486,0
DA:491,0
DA:492,0
DA:493,0
DA:495,0
DA:496,0
DA:500,0
DA:501,0
DA:505,0
DA:506,0
DA:509,0
DA:510,0
DA:512,0
DA:514,0
DA:515,0
LF:201
LH:49
BRDA:44,0,0,16
BRDA:44,0,1,0
BRDA:77,1,0,0
BRDA:77,1,1,2
BRDA:77,2,0,2
BRDA:77,2,1,0
BRDA:81,3,0,0
BRDA:81,3,1,0
BRDA:81,4,0,0
BRDA:81,4,1,0
BRDA:82,5,0,0
BRDA:82,5,1,0
BRDA:84,6,0,0
BRDA:84,6,1,0
BRDA:111,7,0,0
BRDA:111,7,1,2
BRDA:140,8,0,2
BRDA:140,8,1,2
BRDA:142,9,0,0
BRDA:142,9,1,2
BRDA:149,10,0,1
BRDA:149,10,1,1
BRDA:155,11,0,1
BRDA:155,11,1,1
BRDA:156,12,0,1
BRDA:156,12,1,1
BRDA:157,13,0,1
BRDA:157,13,1,1
BRDA:158,14,0,1
BRDA:158,14,1,1
BRDA:160,15,0,1
BRDA:160,15,1,1
BRDA:162,16,0,1
BRDA:162,16,1,1
BRDA:163,17,0,1
BRDA:163,17,1,1
BRDA:164,18,0,1
BRDA:164,18,1,1
BRDA:165,19,0,1
BRDA:165,19,1,1
BRDA:204,20,0,1
BRDA:204,20,1,0
BRDA:234,21,0,0
BRDA:234,21,1,0
BRDA:268,22,0,0
BRDA:268,22,1,0
BRDA:269,23,0,0
BRDA:269,23,1,0
BRDA:272,24,0,0
BRDA:272,24,1,0
BRDA:281,25,0,0
BRDA:281,25,1,0
BRDA:291,26,0,0
BRDA:291,26,1,0
BRDA:293,27,0,0
BRDA:293,27,1,0
BRDA:295,28,0,0
BRDA:295,28,1,0
BRDA:301,29,0,0
BRDA:301,29,1,0
BRDA:308,30,0,0
BRDA:308,30,1,0
BRDA:313,31,0,0
BRDA:313,31,1,0
BRDA:319,32,0,0
BRDA:319,32,1,0
BRDA:320,33,0,0
BRDA:320,33,1,0
BRDA:322,34,0,0
BRDA:322,34,1,0
BRDA:325,35,0,0
BRDA:325,35,1,0
BRDA:327,36,0,0
BRDA:327,36,1,0
BRDA:332,37,0,0
BRDA:332,37,1,0
BRDA:342,38,0,0
BRDA:342,38,1,0
BRDA:398,39,0,0
BRDA:398,39,1,0
BRDA:433,40,0,0
BRDA:433,40,1,0
BRDA:450,41,0,0
BRDA:450,41,1,0
BRDA:476,42,0,0
BRDA:476,42,1,0
BRDA:492,43,0,0
BRDA:492,43,1,0
BRDA:493,44,0,0
BRDA:493,44,1,0
BRDA:495,45,0,0
BRDA:495,45,1,0
BRDA:500,46,0,0
BRDA:500,46,1,0
BRF:94
BRH:28
end_of_record
TN:
SF:src\store\messages.ts
FN:48,(anonymous_0)
FN:57,(anonymous_1)
FN:61,(anonymous_2)
FN:73,(anonymous_3)
FN:75,(anonymous_4)
FN:78,(anonymous_5)
FN:86,(anonymous_6)
FN:90,(anonymous_7)
FN:92,(anonymous_8)
FN:100,(anonymous_9)
FN:106,(anonymous_10)
FN:109,(anonymous_11)
FN:112,(anonymous_12)
FN:114,(anonymous_13)
FN:117,(anonymous_14)
FN:120,(anonymous_15)
FN:121,(anonymous_16)
FN:129,(anonymous_17)
FN:131,(anonymous_18)
FN:134,(anonymous_19)
FN:139,(anonymous_20)
FN:146,(anonymous_21)
FN:159,(anonymous_22)
FN:162,(anonymous_23)
FN:165,(anonymous_24)
FN:169,(anonymous_25)
FN:172,(anonymous_26)
FN:177,(anonymous_27)
FN:181,(anonymous_28)
FN:184,(anonymous_29)
FN:191,(anonymous_30)
FN:194,(anonymous_31)
FN:205,(anonymous_32)
FN:208,(anonymous_33)
FN:213,(anonymous_34)
FN:217,(anonymous_35)
FN:220,(anonymous_36)
FN:225,(anonymous_37)
FN:229,(anonymous_38)
FN:232,(anonymous_39)
FN:239,(anonymous_40)
FN:242,(anonymous_41)
FN:245,(anonymous_42)
FN:248,(anonymous_43)
FN:251,(anonymous_44)
FN:264,(anonymous_45)
FN:275,(anonymous_46)
FNF:47
FNH:18
FNDA:1,(anonymous_0)
FNDA:0,(anonymous_1)
FNDA:3,(anonymous_2)
FNDA:3,(anonymous_3)
FNDA:2,(anonymous_4)
FNDA:2,(anonymous_5)
FNDA:2,(anonymous_6)
FNDA:8,(anonymous_7)
FNDA:8,(anonymous_8)
FNDA:0,(anonymous_9)
FNDA:0,(anonymous_10)
FNDA:0,(anonymous_11)
FNDA:1,(anonymous_12)
FNDA:1,(anonymous_13)
FNDA:0,(anonymous_14)
FNDA:0,(anonymous_15)
FNDA:0,(anonymous_16)
FNDA:0,(anonymous_17)
FNDA:0,(anonymous_18)
FNDA:0,(anonymous_19)
FNDA:2,(anonymous_20)
FNDA:3,(anonymous_21)
FNDA:0,(anonymous_22)
FNDA:0,(anonymous_23)
FNDA:0,(anonymous_24)
FNDA:0,(anonymous_25)
FNDA:0,(anonymous_26)
FNDA:2,(anonymous_27)
FNDA:2,(anonymous_28)
FNDA:2,(anonymous_29)
FNDA:0,(anonymous_30)
FNDA:0,(anonymous_31)
FNDA:0,(anonymous_32)
FNDA:0,(anonymous_33)
FNDA:2,(anonymous_34)
FNDA:2,(anonymous_35)
FNDA:2,(anonymous_36)
FNDA:0,(anonymous_37)
FNDA:0,(anonymous_38)
FNDA:0,(anonymous_39)
FNDA:0,(anonymous_40)
FNDA:0,(anonymous_41)
FNDA:0,(anonymous_42)
FNDA:0,(anonymous_43)
FNDA:0,(anonymous_44)
FNDA:0,(anonymous_45)
FNDA:0,(anonymous_46)
DA:48,1
DA:58,0
DA:62,3
DA:63,3
DA:64,0
DA:66,3
DA:67,3
DA:68,2
DA:72,2
DA:73,3
DA:75,2
DA:76,2
DA:78,2
DA:85,2
DA:86,2
DA:87,2
DA:91,8
DA:92,8
DA:93,8
DA:94,8
DA:98,8
DA:99,1
DA:100,1
DA:102,8
DA:107,0
DA:108,0
DA:109,0
DA:113,1
DA:114,1
DA:118,0
DA:119,0
DA:120,0
DA:122,0
DA:123,0
DA:124,0
DA:130,0
DA:131,0
DA:135,0
DA:136,0
DA:140,2
DA:141,2
DA:142,2
DA:143,2
DA:145,2
DA:146,2
DA:147,3
DA:148,2
DA:149,2
DA:151,2
DA:152,1
DA:153,1
DA:157,2
DA:159,2
DA:163,0
DA:164,0
DA:165,0
DA:166,0
DA:167,0
DA:168,0
DA:169,0
DA:172,0
DA:178,2
DA:179,2
DA:180,2
DA:181,2
DA:185,2
DA:192,0
DA:193,0
DA:194,0
DA:195,0
DA:196,0
DA:197,0
DA:198,0
DA:199,0
DA:200,0
DA:201,0
DA:202,0
DA:204,0
DA:205,0
DA:208,0
DA:214,2
DA:215,2
DA:216,2
DA:217,2
DA:220,2
DA:226,0
DA:227,0
DA:228,0
DA:229,0
DA:233,0
DA:240,0
DA:241,0
DA:242,0
DA:243,0
DA:244,0
DA:245,0
DA:246,0
DA:247,0
DA:248,0
DA:252,0
DA:253,0
DA:254,0
DA:265,0
DA:266,0
DA:270,0
DA:271,0
DA:275,0
DA:276,0
DA:277,0
DA:278,0
DA:279,0
DA:280,0
DA:281,0
DA:282,0
DA:283,0
DA:284,0
DA:285,0
DA:286,0
LF:118
LH:48
BRDA:63,0,0,0
BRDA:63,0,1,3
BRDA:67,1,0,1
BRDA:67,1,1,2
BRDA:73,2,0,3
BRDA:73,2,1,2
BRDA:75,3,0,2
BRDA:75,3,1,2
BRDA:81,4,0,0
BRDA:81,4,1,2
BRDA:86,5,0,2
BRDA:86,5,1,0
BRDA:93,6,0,8
BRDA:93,6,1,8
BRDA:98,7,0,1
BRDA:98,7,1,7
BRDA:99,8,0,1
BRDA:99,8,1,1
BRDA:108,9,0,0
BRDA:108,9,1,0
BRDA:119,10,0,0
BRDA:119,10,1,0
BRDA:121,11,0,0
BRDA:121,11,1,0
BRDA:147,12,0,1
BRDA:147,12,1,2
BRDA:147,13,0,3
BRDA:147,13,1,2
BRDA:148,14,0,0
BRDA:148,14,1,2
BRDA:148,15,0,2
BRDA:148,15,1,0
BRDA:151,16,0,1
BRDA:151,16,1,1
BRDA:157,17,0,1
BRDA:157,17,1,1
BRDA:164,18,0,0
BRDA:164,18,1,0
BRDA:166,19,0,0
BRDA:166,19,1,0
BRDA:172,20,0,0
BRDA:172,20,1,0
BRDA:180,21,0,2
BRDA:180,21,1,0
BRDA:185,22,0,1
BRDA:185,22,1,1
BRDA:193,23,0,0
BRDA:193,23,1,0
BRDA:195,24,0,0
BRDA:195,24,1,0
BRDA:196,25,0,0
BRDA:196,25,1,0
BRDA:197,26,0,0
BRDA:197,26,1,0
BRDA:198,27,0,0
BRDA:198,27,1,0
BRDA:199,28,0,0
BRDA:199,28,1,0
BRDA:201,29,0,0
BRDA:201,29,1,0
BRDA:208,30,0,0
BRDA:208,30,1,0
BRDA:216,31,0,2
BRDA:216,31,1,0
BRDA:220,32,0,2
BRDA:220,32,1,0
BRDA:228,33,0,0
BRDA:228,33,1,0
BRDA:233,34,0,0
BRDA:233,34,1,0
BRDA:241,35,0,0
BRDA:241,35,1,0
BRDA:243,36,0,0
BRDA:243,36,1,0
BRDA:245,37,0,0
BRDA:245,37,1,0
BRDA:246,38,0,0
BRDA:246,38,1,0
BRDA:252,39,0,0
BRDA:252,39,1,0
BRDA:253,40,0,0
BRDA:253,40,1,0
BRDA:253,41,0,0
BRDA:253,41,1,0
BRDA:259,42,0,0
BRDA:259,42,1,0
BRF:86
BRH:30
end_of_record
TN:
SF:src\theme\ThemeContext.tsx
FN:13,ThemeProvider
FN:18,(anonymous_1)
FN:21,(anonymous_2)
FN:21,(anonymous_3)
FN:29,useTheme
FNF:5
FNH:1
FNDA:0,ThemeProvider
FNDA:0,(anonymous_1)
FNDA:0,(anonymous_2)
FNDA:0,(anonymous_3)
FNDA:6,useTheme
DA:11,1
DA:14,0
DA:15,0
DA:17,0
DA:18,0
DA:21,0
DA:26,0
DA:30,6
DA:31,6
DA:32,0
LF:10
LH:3
BRDA:19,0,0,0
BRDA:19,0,1,0
BRDA:31,1,0,6
BRDA:31,1,1,0
BRF:4
BRH:1
end_of_record
TN:
SF:src\theme\vault.ts
FNF:0
FNH:0
DA:36,1
DA:42,1
DA:48,1
DA:58,1
DA:82,1
LF:5
LH:5
BRF:0
BRH:0
end_of_record
TN:
SF:src\web3\deviceRevocation\RevokeDevice.ts
FN:39,hashDID
FN:43,(anonymous_1)
FN:53,buildSigningPayload
FN:66,buildRevocationPayload
FN:88,verifyRevocationPayload
FNF:5
FNH:4
FNDA:10,hashDID
FNDA:320,(anonymous_1)
FNDA:4,buildSigningPayload
FNDA:0,buildRevocationPayload
FNDA:4,verifyRevocationPayload
DA:40,10
DA:41,10
DA:42,10
DA:43,320
DA:54,4
DA:55,4
DA:71,0
DA:72,0
DA:73,0
DA:74,0
DA:75,0
DA:89,4
DA:90,4
DA:91,4
DA:92,4
DA:93,4
DA:95,0
LF:17
LH:11
BRF:0
BRH:0
end_of_record
TN:
SF:src\web3\did\deriveDID.ts
FN:29,deriveDIDFromPublicKey
FN:44,publicKeyFromDID
FNF:2
FNH:2
FNDA:8,deriveDIDFromPublicKey
FNDA:3,publicKeyFromDID
DA:18,1
DA:21,1
DA:30,8
DA:31,2
DA:33,6
DA:34,6
DA:35,6
DA:36,6
DA:37,6
DA:45,3
DA:46,1
DA:48,2
DA:49,2
DA:50,2
DA:51,1
DA:53,1
LF:16
LH:16
BRDA:30,0,0,2
BRDA:30,0,1,6
BRDA:45,1,0,1
BRDA:45,1,1,2
BRDA:50,2,0,1
BRDA:50,2,1,1
BRDA:50,3,0,2
BRDA:50,3,1,1
BRF:8
BRH:8
end_of_record
TN:
SF:src\webrtc\ice.ts
FN:31,rtcConfig
FN:64,fetchTurnConfig
FN:96,clearTurnCache
FNF:3
FNH:3
FNDA:4,rtcConfig
FNDA:9,fetchTurnConfig
FNDA:7,clearTurnCache
DA:27,1
DA:28,1
DA:29,1
DA:32,4
DA:35,4
DA:36,0
DA:42,4
DA:59,1
DA:62,1
DA:66,9
DA:67,9
DA:69,8
DA:70,8
DA:74,7
DA:75,6
DA:80,6
DA:83,6
DA:84,0
DA:86,6
DA:87,6
DA:88,6
DA:91,1
DA:97,7
LF:23
LH:21
BRDA:27,0,0,1
BRDA:27,0,1,1
BRDA:28,1,0,1
BRDA:28,1,1,1
BRDA:29,2,0,1
BRDA:29,2,1,1
BRDA:35,3,0,0
BRDA:35,3,1,4
BRDA:67,4,0,1
BRDA:67,4,1,8
BRDA:67,5,0,9
BRDA:67,5,1,1
BRDA:74,6,0,1
BRDA:74,6,1,6
BRDA:83,7,0,0
BRDA:83,7,1,6
BRF:16
BRH:14
end_of_record
